 Nombre del problema                      bt2  
 Numero de variables                       3 
 Numero de restricciones                   1 
 Numero maximo de iteraciones              50 
 Tolerancia                               1.00e-05 

 Objetivo en el punto inicial             8.100000000000000e+01 
 Norma de las restricciones en el punto inicial              1.10e+04 
 Norma del gradiente de la Lagrangiana en el punto inicial    1.80e+01 

   k         f             ||c||      ||gL||     alpha        mu     
-----------------------------------------------------------------------
    1     5.46742443e+01     8.55e+03      2.11e+01   2.50e-01   1.13e-04  
    2     1.44252064e+01     2.68e+03      6.47e+00   1.00e+00   1.13e-04  
    3     6.53600924e+00     8.47e+02      2.24e+00   1.00e+00   1.13e-04  
    4     2.79406574e+00     2.66e+02      9.03e-01   1.00e+00   1.13e-04  
    5     1.07548463e+00     8.23e+01      4.03e-01   1.00e+00   1.13e-04  
    6     3.59880055e-01     2.43e+01      1.68e-01   1.00e+00   1.13e-04  
    7     1.10079966e-01     6.16e+00      8.33e-02   1.00e+00   1.13e-04  
    8     4.38809576e-02     9.95e-01      3.71e-02   1.00e+00   1.13e-04  
    9     3.30802450e-02     4.73e-02      4.62e-03   1.00e+00   1.13e-04  
   10     3.25697597e-02     1.45e-04      3.86e-05   1.00e+00   1.13e-04  


 Minimizador local del modelo: 
 	   1.10485444e+00 
 	   1.19666508e+00 
 	   1.53527473e+00 

 tiempo de programa :   2.97e-03