 Nombre del problema                      bt4  
 Numero de variables                       3 
 Numero de restricciones                   2 
 Numero maximo de iteraciones              50 
 Tolerancia                               1.00e-05 

 Objetivo en el punto inicial            -1.860893212300000e+01 
 Norma de las restricciones en el punto inicial              1.77e-04 
 Norma del gradiente de la Lagrangiana en el punto inicial    1.24e+01 

   k         f             ||c||      ||gL||     alpha        mu     
-----------------------------------------------------------------------
    1    -7.48814219e+01     4.29e+00      1.58e+01   1.00e+00   9.75e+00  
    2    -6.68572948e+01     3.17e+00      8.03e+00   5.00e-01   9.75e+00  
    3    -4.76552775e+01     6.46e-01      4.94e-01   1.00e+00   9.75e+00  
    4    -4.55244282e+01     4.22e-03      6.88e-03   1.00e+00   9.75e+00  
    5    -4.55105513e+01     1.82e-07      4.67e-07   1.00e+00   9.75e+00  


 Minimizador local del modelo: 
 	  -3.72089327e+00 
 	   2.28449661e+00 
 	   2.43639666e+00 

 tiempo de programa :   8.44e-03