 Nombre del problema                      bt5  
 Numero de variables                       3 
 Numero de restricciones                   2 
 Numero maximo de iteraciones              50 
 Tolerancia                               1.00e-05 

 Objetivo en el punto inicial             9.760000000000000e+02 
 Norma de las restricciones en el punto inicial              1.30e+01 
 Norma del gradiente de la Lagrangiana en el punto inicial    1.08e+00 

   k         f             ||c||      ||gL||     alpha        mu     
-----------------------------------------------------------------------
    1     9.07353802e+02     4.25e+01      3.04e+01   1.00e+00   8.20e-01  
    2     9.51988661e+02     7.89e+00      7.43e+00   1.00e+00   2.06e+00  
    3     9.60888644e+02     7.07e-01      1.24e+00   1.00e+00   2.06e+00  
    4     9.61663600e+02     4.38e-02      7.43e-02   1.00e+00   2.06e+00  
    5     9.61711776e+02     2.78e-03      5.24e-04   1.00e+00   2.06e+00  
    6     9.61715172e+02     4.19e-07      5.31e-08   1.00e+00   2.06e+00  


 Minimizador local del modelo: 
 	   3.51212134e+00 
 	   2.16987911e-01 
 	   3.55217122e+00 

 tiempo de programa :   2.03e-03