 Nombre del problema                      bt7  
 Numero de variables                       5 
 Numero de restricciones                   3 
 Numero maximo de iteraciones              50 
 Tolerancia                               1.00e-05 

 Objetivo en el punto inicial             9.090000000000000e+02 
 Norma de las restricciones en el punto inicial              4.00e+00 
 Norma del gradiente de la Lagrangiana en el punto inicial    1.85e+03 

   k         f             ||c||      ||gL||     alpha        mu     
-----------------------------------------------------------------------
    1     1.93813598e+02     3.37e+00      9.11e+02   1.00e+00   4.44e+02  
    2     2.68290469e+01     2.20e+00      2.67e+02   1.00e+00   4.44e+02  
    3     3.81324056e+00     1.79e+00      1.89e+02   5.00e-01   4.44e+02  
    4     8.24022336e-01     1.09e+00      3.88e+02   1.00e+00   4.44e+02  
    5     8.15606914e-01     1.09e+00      6.60e+00   1.00e+00   4.44e+02  
    6     6.99507437e-01     9.82e-01      1.48e+01   1.00e+00   4.44e+02  
    7     5.16490196e+00     5.57e-01      6.96e+01   2.50e-01   4.44e+02  
    8     3.38531561e+00     4.86e-01      6.06e+01   1.25e-01   4.44e+02  
    9     1.01986537e+00     4.33e-01      4.46e+01   2.50e-01   4.44e+02  
   10     1.02412142e-02     4.12e-01      3.24e+01   2.50e-01   4.44e+02  
   11     4.64446391e+00     3.59e-01      3.82e+01   2.50e-01   4.44e+02  
   12     4.61824268e+01     2.34e-01      1.04e+02   5.00e-01   5.50e+02  
   13     1.06668108e+02     1.35e-01      1.91e+01   5.00e-01   9.13e+02  
   14     1.78357645e+02     6.75e-02      2.57e+01   5.00e-01   1.49e+03  
   15     2.32212354e+02     3.50e-02      2.59e+01   5.00e-01   2.03e+03  
   16     2.66179686e+02     1.90e-02      1.82e+01   5.00e-01   2.33e+03  
   17     3.05335315e+02     1.67e-03      6.72e+00   1.00e+00   2.35e+03  
   18     3.06500000e+02     8.15e-07      1.27e-02   1.00e+00   2.35e+03  


 Minimizador local del modelo: 
 	   5.00000000e-01 
 	   2.00000000e+00 
 	  -2.32386781e-09 
 	   2.12132054e+00 
 	   7.25879526e-08 

 tiempo de programa :   6.14e-03