 Nombre del problema                      catenary  
 Numero de variables                     496 
 Numero de restricciones                 166 
 Numero maximo de iteraciones              50 
 Tolerancia                               1.00e-05 

 Objetivo en el punto inicial             0.000000000000000e+00 
 Norma de las restricciones en el punto inicial              9.92e+03 
 Norma del gradiente de la Lagrangiana en el punto inicial    3.80e+02 

   k         f             ||c||      ||gL||     alpha        mu     
-----------------------------------------------------------------------
    1    -1.44279064e+08     8.73e+08      3.07e+01   1.00e+00   2.92e-16  
    2    -2.86934343e+08     1.63e+09      2.95e+01   1.00e+00   2.92e-16  
    3    -3.21118751e+12     2.07e+14      1.50e+10   1.00e+00   2.92e-16  
    4    -3.21114755e+12     1.95e+14      1.41e+10   6.25e-02   1.36e+03  
    5    -1.60557385e+12     4.86e+13      3.53e+09   1.00e+00   3.44e+03  
    6    -8.02787081e+11     1.22e+13      8.82e+08   1.00e+00   3.44e+03  
    7    -4.01393850e+11     3.04e+12      2.21e+08   1.00e+00   3.44e+03  
    8    -2.00697542e+11     7.60e+11      5.51e+07   1.00e+00   3.44e+03  
    9    -1.00350001e+11     1.90e+11      1.38e+07   1.00e+00   3.44e+03  
   10    -5.01774357e+10     4.75e+10      3.45e+06   1.00e+00   3.44e+03  
   11    -2.50934045e+10     1.19e+10      8.62e+05   1.00e+00   3.44e+03  
   12    -1.25549720e+10     2.97e+09      2.15e+05   1.00e+00   3.44e+03  
   13    -6.29051692e+09     7.42e+08      5.38e+04   1.00e+00   3.44e+03  
   14    -3.15574983e+09     1.86e+08      1.33e+04   1.00e+00   3.44e+03  
   15    -1.58537001e+09     4.69e+07      2.78e+03   1.00e+00   3.44e+03  
   16    -7.95671891e+08     1.25e+07      1.35e+03   1.00e+00   3.44e+03  
   17    -3.98721423e+08     5.92e+06      1.60e+03   1.00e+00   3.44e+03  
   18    -1.99992933e+08     1.53e+06      1.57e+03   1.00e+00   3.44e+03  
   19    -1.00594453e+08     4.05e+05      1.35e+03   1.00e+00   3.44e+03  
   20    -5.08578263e+07     1.16e+05      1.59e+03   1.00e+00   3.44e+03  
   21    -2.59192121e+07     4.09e+04      1.61e+03   1.00e+00   3.44e+03  
   22    -1.33915647e+07     1.67e+04      2.04e+03   1.00e+00   3.44e+03  
   23    -7.12013597e+06     6.98e+03      2.07e+03   1.00e+00   3.44e+03  
   24    -4.03226526e+06     2.75e+03      1.83e+03   1.00e+00   3.44e+03  
   25    -2.49776140e+06     1.10e+03      1.76e+03   1.00e+00   3.44e+03  
   26    -1.60817583e+06     5.68e+02      1.94e+03   1.00e+00   3.44e+03  
   27    -1.03636998e+06     3.19e+02      1.80e+03   1.00e+00   3.44e+03  
   28    -8.62275907e+05     2.16e+02      5.45e+02   5.00e-01   3.44e+03  
   29    -5.28055266e+05     6.97e+01      9.28e+02   1.00e+00   3.44e+03  
   30    -4.64028960e+05     4.56e+01      5.81e+02   5.00e-01   3.44e+03  
   31    -3.75321253e+05     1.39e+01      7.65e+02   1.00e+00   3.44e+03  
   32    -3.55393057e+05     6.49e+00      7.32e+02   1.00e+00   3.44e+03  
   33    -3.51779375e+05     3.21e+00      3.98e+02   1.00e+00   3.44e+03  
   34    -3.49639746e+05     9.77e-01      2.07e+02   1.00e+00   3.44e+03  
   35    -3.48631966e+05     1.91e-01      1.19e+02   1.00e+00   3.44e+03  
   36    -3.48418541e+05     1.55e-02      1.83e+01   1.00e+00   3.44e+03  
   37    -3.48403337e+05     2.15e-04      3.59e-01   1.00e+00   3.44e+03  
   38    -3.48403157e+05     6.06e-08      7.79e-05   1.00e+00   3.44e+03  


 Minimizador local del modelo: 
 	   1.59924949e-01 
 	   4.73605781e-01 
 	   7.89014811e-01 
 	   1.10617012e+00 
 	   1.42509005e+00 
 	   1.74579322e+00 
 	   2.06829853e+00 
 	   2.39262513e+00 
 	   2.71879251e+00 
 	   3.04682040e+00 
 	   3.37672884e+00 
 	   3.70853820e+00 
 	   4.04226912e+00 
 	   4.37794257e+00 
 	   4.71557984e+00 
 	   5.05520254e+00 
 	   5.39683260e+00 
 	   5.74049231e+00 
 	   6.08620427e+00 
 	   6.43399147e+00 
 	   6.78387721e+00 
 	   7.13588518e+00 
 	   7.49003943e+00 
 	   7.84636438e+00 
 	   8.20488484e+00 
 	   8.56562600e+00 
 	   8.92861345e+00 
 	   9.29387317e+00 
 	   9.66143156e+00 
 	   1.00313154e+01 
 	   1.04035521e+01 
 	   1.07781691e+01 
 	   1.11551946e+01 
 	   1.15346572e+01 
 	   1.19165858e+01 
 	   1.23010100e+01 
 	   1.26879597e+01 
 	   1.30774654e+01 
 	   1.34695579e+01 
 	   1.38642686e+01 
 	   1.42616295e+01 
 	   1.46616729e+01 
 	   1.50644319e+01 
 	   1.54699400e+01 
 	   1.58782310e+01 
 	   1.62893397e+01 
 	   1.67033011e+01 
 	   1.71201510e+01 
 	   1.75399255e+01 
 	   1.79626616e+01 
 	   1.83883967e+01 
 	   1.88171689e+01 
 	   1.92490168e+01 
 	   1.96839796e+01 
 	   2.01220974e+01 
 	   2.05634107e+01 
 	   2.10079606e+01 
 	   2.14557891e+01 
 	   2.19069387e+01 
 	   2.23614525e+01 
 	   2.28193744e+01 
 	   2.32807491e+01 
 	   2.37456218e+01 
 	   2.42140385e+01 
 	   2.46860459e+01 
 	   2.51616913e+01 
 	   2.56410230e+01 
 	   2.61240899e+01 
 	   2.66109414e+01 
 	   2.71016281e+01 
 	   2.75962010e+01 
 	   2.80947120e+01 
 	   2.85972138e+01 
 	   2.91037596e+01 
 	   2.96144037e+01 
 	   3.01292009e+01 
 	   3.06482069e+01 
 	   3.11714782e+01 
 	   3.16990719e+01 
 	   3.22310460e+01 
 	   3.27674590e+01 
 	   3.33083706e+01 
 	   3.38538406e+01 
 	   3.44039302e+01 
 	   3.49587007e+01 
 	   3.55182145e+01 
 	   3.60825344e+01 
 	   3.66517241e+01 
 	   3.72258477e+01 
 	   3.78049700e+01 
 	   3.83891564e+01 
 	   3.89784727e+01 
 	   3.95729854e+01 
 	   4.01727614e+01 
 	   4.07778678e+01 
 	   4.13883724e+01 
 	   4.20043431e+01 
 	   4.26258480e+01 
 	   4.32529556e+01 
 	   4.38857342e+01 
 	   4.45242526e+01 
 	   4.51685791e+01 
 	   4.58187820e+01 
 	   4.64749295e+01 
 	   4.71370893e+01 
 	   4.78053287e+01 
 	   4.84797145e+01 
 	   4.91603125e+01 
 	   4.98471881e+01 
 	   5.05404052e+01 
 	   5.12400270e+01 
 	   5.19461149e+01 
 	   5.26587292e+01 
 	   5.33779281e+01 
 	   5.41037681e+01 
 	   5.48363036e+01 
 	   5.55755864e+01 
 	   5.63216659e+01 
 	   5.70745884e+01 
 	   5.78343971e+01 
 	   5.86011319e+01 
 	   5.93748288e+01 
 	   6.01555197e+01 
 	   6.09432324e+01 
 	   6.17379897e+01 
 	   6.25398094e+01 
 	   6.33487040e+01 
 	   6.41646801e+01 
 	   6.49877380e+01 
 	   6.58178717e+01 
 	   6.66550681e+01 
 	   6.74993067e+01 
 	   6.83505594e+01 
 	   6.92087898e+01 
 	   7.00739529e+01 
 	   7.09459950e+01 
 	   7.18248528e+01 
 	   7.27104533e+01 
 	   7.36027136e+01 
 	   7.45015402e+01 
 	   7.54068288e+01 
 	   7.63184644e+01 
 	   7.72363202e+01 
 	   7.81602581e+01 
 	   7.90901285e+01 
 	   8.00257694e+01 
 	   8.09670073e+01 
 	   8.19136564e+01 
 	   8.28655189e+01 
 	   8.38223851e+01 
 	   8.47840335e+01 
 	   8.57502310e+01 
 	   8.67207331e+01 
 	   8.76952842e+01 
 	   8.86736182e+01 
 	   8.96554588e+01 
 	   9.06405203e+01 
 	   9.16285077e+01 
 	   9.26191181e+01 
 	   9.36120406e+01 
 	   9.46069581e+01 
 	   9.56035471e+01 
 	   9.66014796e+01 
 	   9.76004231e+01 
 	   9.86000423e+01 
 	  -9.74088303e-01 
 	  -1.92361678e+00 
 	  -2.87257260e+00 
 	  -3.82094621e+00 
 	  -4.76872788e+00 
 	  -5.71590762e+00 
 	  -6.66247528e+00 
 	  -7.60842044e+00 
 	  -8.55373248e+00 
 	  -9.49840052e+00 
 	  -1.04424135e+01 
 	  -1.13857599e+01 
 	  -1.23284283e+01 
 	  -1.32704067e+01 
 	  -1.42116830e+01 
 	  -1.51522448e+01 
 	  -1.60920793e+01 
 	  -1.70311735e+01 
 	  -1.79695142e+01 
 	  -1.89070877e+01 
 	  -1.98438801e+01 
 	  -2.07798771e+01 
 	  -2.17150641e+01 
 	  -2.26494262e+01 
 	  -2.35829481e+01 
 	  -2.45156141e+01 
 	  -2.54474081e+01 
 	  -2.63783137e+01 
 	  -2.73083142e+01 
 	  -2.82373922e+01 
 	  -2.91655300e+01 
 	  -3.00927097e+01 
 	  -3.10189126e+01 
 	  -3.19441196e+01 
 	  -3.28683115e+01 
 	  -3.37914680e+01 
 	  -3.47135688e+01 
 	  -3.56345929e+01 
 	  -3.65545187e+01 
 	  -3.74733242e+01 
 	  -3.83909866e+01 
 	  -3.93074828e+01 
 	  -4.02227888e+01 
 	  -4.11368803e+01 
 	  -4.20497321e+01 
 	  -4.29613184e+01 
 	  -4.38716129e+01 
 	  -4.47805882e+01 
 	  -4.56882166e+01 
 	  -4.65944695e+01 
 	  -4.74993173e+01 
 	  -4.84027300e+01 
 	  -4.93046764e+01 
 	  -5.02051248e+01 
 	  -5.11040424e+01 
 	  -5.20013955e+01 
 	  -5.28971496e+01 
 	  -5.37912690e+01 
 	  -5.46837174e+01 
 	  -5.55744571e+01 
 	  -5.64634495e+01 
 	  -5.73506549e+01 
 	  -5.82360324e+01 
 	  -5.91195401e+01 
 	  -6.00011347e+01 
 	  -6.08807718e+01 
 	  -6.17584056e+01 
 	  -6.26339891e+01 
 	  -6.35074738e+01 
 	  -6.43788099e+01 
 	  -6.52479460e+01 
 	  -6.61148294e+01 
 	  -6.69794056e+01 
 	  -6.78416186e+01 
 	  -6.87014108e+01 
 	  -6.95587228e+01 
 	  -7.04134934e+01 
 	  -7.12656595e+01 
 	  -7.21151564e+01 
 	  -7.29619170e+01 
 	  -7.38058726e+01 
 	  -7.46469521e+01 
 	  -7.54850824e+01 
 	  -7.63201881e+01 
 	  -7.71521915e+01 
 	  -7.79810125e+01 
 	  -7.88065687e+01 
 	  -7.96287750e+01 
 	  -8.04475436e+01 
 	  -8.12627843e+01 
 	  -8.20744038e+01 
 	  -8.28823062e+01 
 	  -8.36863924e+01 
 	  -8.44865604e+01 
 	  -8.52827050e+01 
 	  -8.60747177e+01 
 	  -8.68624868e+01 
 	  -8.76458970e+01 
 	  -8.84248297e+01 
 	  -8.91991624e+01 
 	  -8.99687690e+01 
 	  -9.07335196e+01 
 	  -9.14932802e+01 
 	  -9.22479128e+01 
 	  -9.29972755e+01 
 	  -9.37412218e+01 
 	  -9.44796010e+01 
 	  -9.52122580e+01 
 	  -9.59390330e+01 
 	  -9.66597618e+01 
 	  -9.73742752e+01 
 	  -9.80823994e+01 
 	  -9.87839555e+01 
 	  -9.94787597e+01 
 	  -1.00166623e+02 
 	  -1.00847352e+02 
 	  -1.01520747e+02 
 	  -1.02186604e+02 
 	  -1.02844713e+02 
 	  -1.03494860e+02 
 	  -1.04136824e+02 
 	  -1.04770380e+02 
 	  -1.05395297e+02 
 	  -1.06011340e+02 
 	  -1.06618267e+02 
 	  -1.07215833e+02 
 	  -1.07803787e+02 
 	  -1.08381873e+02 
 	  -1.08949830e+02 
 	  -1.09507395e+02 
 	  -1.10054297e+02 
 	  -1.10590264e+02 
 	  -1.11115020e+02 
 	  -1.11628285e+02 
 	  -1.12129776e+02 
 	  -1.12619206e+02 
 	  -1.13096290e+02 
 	  -1.13560738e+02 
 	  -1.14012259e+02 
 	  -1.14450564e+02 
 	  -1.14875361e+02 
 	  -1.15286361e+02 
 	  -1.15683275e+02 
 	  -1.16065817e+02 
 	  -1.16433704e+02 
 	  -1.16786658e+02 
 	  -1.17124402e+02 
 	  -1.17446668e+02 
 	  -1.17753193e+02 
 	  -1.18043722e+02 
 	  -1.18318007e+02 
 	  -1.18575810e+02 
 	  -1.18816903e+02 
 	  -1.19041069e+02 
 	  -1.19248102e+02 
 	  -1.19437809e+02 
 	  -1.19610012e+02 
 	  -1.19764546e+02 
 	  -1.19901262e+02 
 	  -1.20020025e+02 
 	  -1.20120720e+02 
 	  -1.20203244e+02 
 	  -1.20267516e+02 
 	  -1.20313471e+02 
 	  -1.20341063e+02 
 	  -1.20350264e+02 
 	   4.73605781e-01 
 	   7.89014811e-01 
 	   1.10617012e+00 
 	   1.42509005e+00 
 	   1.74579322e+00 
 	   2.06829853e+00 
 	   2.39262513e+00 
 	   2.71879251e+00 
 	   3.04682040e+00 
 	   3.37672884e+00 
 	   3.70853820e+00 
 	   4.04226912e+00 
 	   4.37794257e+00 
 	   4.71557984e+00 
 	   5.05520254e+00 
 	   5.39683260e+00 
 	   5.74049231e+00 
 	   6.08620427e+00 
 	   6.43399147e+00 
 	   6.78387721e+00 
 	   7.13588518e+00 
 	   7.49003943e+00 
 	   7.84636438e+00 
 	   8.20488484e+00 
 	   8.56562600e+00 
 	   8.92861345e+00 
 	   9.29387317e+00 
 	   9.66143156e+00 
 	   1.00313154e+01 
 	   1.04035521e+01 
 	   1.07781691e+01 
 	   1.11551946e+01 
 	   1.15346572e+01 
 	   1.19165858e+01 
 	   1.23010100e+01 
 	   1.26879597e+01 
 	   1.30774654e+01 
 	   1.34695579e+01 
 	   1.38642686e+01 
 	   1.42616295e+01 
 	   1.46616729e+01 
 	   1.50644319e+01 
 	   1.54699400e+01 
 	   1.58782310e+01 
 	   1.62893397e+01 
 	   1.67033011e+01 
 	   1.71201510e+01 
 	   1.75399255e+01 
 	   1.79626616e+01 
 	   1.83883967e+01 
 	   1.88171689e+01 
 	   1.92490168e+01 
 	   1.96839796e+01 
 	   2.01220974e+01 
 	   2.05634107e+01 
 	   2.10079606e+01 
 	   2.14557891e+01 
 	   2.19069387e+01 
 	   2.23614525e+01 
 	   2.28193744e+01 
 	   2.32807491e+01 
 	   2.37456218e+01 
 	   2.42140385e+01 
 	   2.46860459e+01 
 	   2.51616913e+01 
 	   2.56410230e+01 
 	   2.61240899e+01 
 	   2.66109414e+01 
 	   2.71016281e+01 
 	   2.75962010e+01 
 	   2.80947120e+01 
 	   2.85972138e+01 
 	   2.91037596e+01 
 	   2.96144037e+01 
 	   3.01292009e+01 
 	   3.06482069e+01 
 	   3.11714782e+01 
 	   3.16990719e+01 
 	   3.22310460e+01 
 	   3.27674590e+01 
 	   3.33083706e+01 
 	   3.38538406e+01 
 	   3.44039302e+01 
 	   3.49587007e+01 
 	   3.55182145e+01 
 	   3.60825344e+01 
 	   3.66517241e+01 
 	   3.72258477e+01 
 	   3.78049700e+01 
 	   3.83891564e+01 
 	   3.89784727e+01 
 	   3.95729854e+01 
 	   4.01727614e+01 
 	   4.07778678e+01 
 	   4.13883724e+01 
 	   4.20043431e+01 
 	   4.26258480e+01 
 	   4.32529556e+01 
 	   4.38857342e+01 
 	   4.45242526e+01 
 	   4.51685791e+01 
 	   4.58187820e+01 
 	   4.64749295e+01 
 	   4.71370893e+01 
 	   4.78053287e+01 
 	   4.84797145e+01 
 	   4.91603125e+01 
 	   4.98471881e+01 
 	   5.05404052e+01 
 	   5.12400270e+01 
 	   5.19461149e+01 
 	   5.26587292e+01 
 	   5.33779281e+01 
 	   5.41037681e+01 
 	   5.48363036e+01 
 	   5.55755864e+01 
 	   5.63216659e+01 
 	   5.70745884e+01 
 	   5.78343971e+01 
 	   5.86011319e+01 
 	   5.93748288e+01 
 	   6.01555197e+01 
 	   6.09432324e+01 
 	   6.17379897e+01 
 	   6.25398094e+01 
 	   6.33487040e+01 
 	   6.41646801e+01 
 	   6.49877380e+01 
 	   6.58178717e+01 
 	   6.66550681e+01 
 	   6.74993067e+01 
 	   6.83505594e+01 
 	   6.92087898e+01 
 	   7.00739529e+01 
 	   7.09459950e+01 
 	   7.18248528e+01 
 	   7.27104533e+01 
 	   7.36027136e+01 
 	   7.45015402e+01 
 	   7.54068288e+01 
 	   7.63184644e+01 
 	   7.72363202e+01 
 	   7.81602581e+01 
 	   7.90901285e+01 
 	   8.00257694e+01 
 	   8.09670073e+01 
 	   8.19136564e+01 
 	   8.28655189e+01 
 	   8.38223851e+01 
 	   8.47840335e+01 
 	   8.57502310e+01 
 	   8.67207331e+01 
 	   8.76952842e+01 
 	   8.86736182e+01 
 	   8.96554588e+01 
 	   9.06405203e+01 
 	   9.16285077e+01 
 	   9.26191181e+01 
 	   9.36120406e+01 
 	   9.46069581e+01 
 	   9.56035471e+01 
 	   9.66014796e+01 
 	   9.76004231e+01 
 	   9.86000423e+01 
 	   9.96000000e+01 

 tiempo de programa :   7.80e-02