 Nombre del problema                      dtoc1nd  
 Numero de variables                     735 
 Numero de restricciones                 490 
 Numero maximo de iteraciones              50 
 Tolerancia                               1.00e-05 

 Objetivo en el punto inicial             1.726562500000000e+01 
 Norma de las restricciones en el punto inicial              0.00e+00 
 Norma del gradiente de la Lagrangiana en el punto inicial    3.33e+00 

   k         f             ||c||      ||gL||     alpha        mu     
-----------------------------------------------------------------------
    1     1.21974935e+01     2.02e+00      4.93e+00   1.25e-01   4.29e-01  
    2     1.23748093e+01     1.57e+00      3.36e+00   2.50e-01   4.29e-01  
    3     1.26453331e+01     9.41e-01      1.37e+00   5.00e-01   4.29e-01  
    4     1.28186371e+01     3.48e-01      1.09e+00   1.00e+00   4.35e-01  
    5     1.25669068e+01     1.31e-01      1.04e+00   1.00e+00   4.35e-01  
    6     1.24104842e+01     8.71e-02      6.20e-01   1.00e+00   4.35e-01  
    7     1.23055030e+01     5.36e-02      3.66e-01   1.00e+00   4.35e-01  
    8     1.20330903e+01     8.46e-02      1.62e+00   1.00e+00   4.35e-01  
    9     1.18452695e+01     2.73e-01      1.46e+00   1.00e+00   4.35e-01  
   10     1.18623518e+01     3.50e-02      6.25e-02   1.00e+00   4.35e-01  
   11     1.18191469e+01     3.51e-02      4.07e-02   1.00e+00   4.35e-01  
   12     1.17653956e+01     3.62e-02      5.56e-02   1.00e+00   4.35e-01  
   13     1.17010332e+01     3.69e-02      5.63e-02   1.00e+00   4.35e-01  
   14     1.16238027e+01     3.74e-02      5.30e-02   1.00e+00   4.35e-01  
   15     1.15067356e+01     3.79e-02      5.57e-02   1.00e+00   4.35e-01  
   16     1.13329929e+01     6.72e-02      3.71e-01   1.00e+00   4.35e-01  
   17     1.20047258e+01     3.31e-02      1.65e-01   5.00e-01   2.48e+01  
   18     1.28691698e+01     1.29e-03      1.07e-02   1.00e+00   2.91e+01  
   19     1.28773307e+01     2.89e-05      2.18e-04   1.00e+00   2.91e+01  
   20     1.28773093e+01     5.74e-08      2.37e-07   1.00e+00   2.91e+01  


 Minimizador local del modelo: 
 	  -1.68628882e-02 
 	  -2.38440066e-02 
 	  -3.10360631e-02 
 	  -3.84557523e-02 
 	  -4.61219889e-02 
 	  -1.48579343e-01 
 	  -1.37558181e-01 
 	  -1.27169377e-01 
 	  -1.17329356e-01 
 	  -1.07970924e-01 
 	  -8.94706516e-03 
 	  -1.65004165e-02 
 	  -2.42974434e-02 
 	  -3.23588040e-02 
 	  -4.07081097e-02 
 	  -1.49997824e-01 
 	  -1.38859656e-01 
 	  -1.28369157e-01 
 	  -1.18439667e-01 
 	  -1.09001708e-01 
 	  -9.12755120e-03 
 	  -1.65266062e-02 
 	  -2.41593397e-02 
 	  -3.20451247e-02 
 	  -4.02060394e-02 
 	  -1.51061762e-01 
 	  -1.39807289e-01 
 	  -1.29215331e-01 
 	  -1.19196233e-01 
 	  -1.09678306e-01 
 	  -9.56467073e-03 
 	  -1.67627522e-02 
 	  -2.41819089e-02 
 	  -3.18399401e-02 
 	  -3.97570549e-02 
 	  -1.51098728e-01 
 	  -1.39889468e-01 
 	  -1.29337703e-01 
 	  -1.19354750e-01 
 	  -1.09869643e-01 
 	  -9.67438898e-03 
 	  -1.68204571e-02 
 	  -2.41843948e-02 
 	  -3.17836084e-02 
 	  -3.96378420e-02 
 	  -1.51043079e-01 
 	  -1.39851655e-01 
 	  -1.29315630e-01 
 	  -1.19346735e-01 
 	  -1.09874308e-01 
 	  -9.70632059e-03 
 	  -1.68385558e-02 
 	  -2.41878133e-02 
 	  -3.17713961e-02 
 	  -3.96089262e-02 
 	  -1.51048971e-01 
 	  -1.39858898e-01 
 	  -1.29324083e-01 
 	  -1.19356283e-01 
 	  -1.09884857e-01 
 	  -9.71857615e-03 
 	  -1.68457454e-02 
 	  -2.41896272e-02 
 	  -3.17674872e-02 
 	  -3.95989025e-02 
 	  -1.51055770e-01 
 	  -1.39866620e-01 
 	  -1.29332637e-01 
 	  -1.19365593e-01 
 	  -1.09894861e-01 
 	  -9.71624437e-03 
 	  -1.68442850e-02 
 	  -2.41890915e-02 
 	  -3.17679357e-02 
 	  -3.96004024e-02 
 	  -1.51052954e-01 
 	  -1.39864593e-01 
 	  -1.29331305e-01 
 	  -1.19364881e-01 
 	  -1.09894709e-01 
 	  -9.71205364e-03 
 	  -1.68417907e-02 
 	  -2.41883973e-02 
 	  -3.17691577e-02 
 	  -3.96036719e-02 
 	  -1.51050978e-01 
 	  -1.39862588e-01 
 	  -1.29329270e-01 
 	  -1.19362817e-01 
 	  -1.09892616e-01 
 	  -9.71131394e-03 
 	  -1.68413677e-02 
 	  -2.41883103e-02 
 	  -3.17694284e-02 
 	  -3.96043249e-02 
 	  -1.51051363e-01 
 	  -1.39862804e-01 
 	  -1.29329335e-01 
 	  -1.19362747e-01 
 	  -1.09892422e-01 
 	  -9.71195567e-03 
 	  -1.68417473e-02 
 	  -2.41884118e-02 
 	  -3.17692338e-02 
 	  -3.96038138e-02 
 	  -1.51051805e-01 
 	  -1.39863217e-01 
 	  -1.29329724e-01 
 	  -1.19363116e-01 
 	  -1.09892774e-01 
 	  -9.71217774e-03 
 	  -1.68418816e-02 
 	  -2.41884530e-02 
 	  -3.17691760e-02 
 	  -3.96036502e-02 
 	  -1.51051728e-01 
 	  -1.39863165e-01 
 	  -1.29329695e-01 
 	  -1.19363107e-01 
 	  -1.09892783e-01 
 	  -9.71195417e-03 
 	  -1.68417341e-02 
 	  -2.41883862e-02 
 	  -3.17691950e-02 
 	  -3.96037610e-02 
 	  -1.51051055e-01 
 	  -1.39862413e-01 
 	  -1.29328871e-01 
 	  -1.19362218e-01 
 	  -1.09891834e-01 
 	  -9.71186668e-03 
 	  -1.68416828e-02 
 	  -2.41883733e-02 
 	  -3.17692231e-02 
 	  -3.96038327e-02 
 	  -1.51050745e-01 
 	  -1.39861990e-01 
 	  -1.29328349e-01 
 	  -1.19361605e-01 
 	  -1.09891139e-01 
 	  -9.71271970e-03 
 	  -1.68422642e-02 
 	  -2.41886666e-02 
 	  -3.17692097e-02 
 	  -3.96034918e-02 
 	  -1.51053315e-01 
 	  -1.39864870e-01 
 	  -1.29331508e-01 
 	  -1.19365019e-01 
 	  -1.09894787e-01 
 	  -9.71389532e-03 
 	  -1.68430759e-02 
 	  -2.41890921e-02 
 	  -3.17692243e-02 
 	  -3.96030676e-02 
 	  -1.51058486e-01 
 	  -1.39871048e-01 
 	  -1.29338589e-01 
 	  -1.19372919e-01 
 	  -1.09903436e-01 
 	  -9.71204306e-03 
 	  -1.68417217e-02 
 	  -2.41882661e-02 
 	  -3.17689603e-02 
 	  -3.96034037e-02 
 	  -1.51059056e-01 
 	  -1.39871650e-01 
 	  -1.29339220e-01 
 	  -1.19373577e-01 
 	  -1.09904119e-01 
 	  -9.71028017e-03 
 	  -1.68390347e-02 
 	  -2.41845968e-02 
 	  -3.17642431e-02 
 	  -3.95975647e-02 
 	  -1.51041605e-01 
 	  -1.39848363e-01 
 	  -1.29310722e-01 
 	  -1.19340373e-01 
 	  -1.09866625e-01 
 	  -9.72494094e-03 
 	  -1.68440876e-02 
 	  -2.41794510e-02 
 	  -3.17482361e-02 
 	  -3.95699486e-02 
 	  -1.50942667e-01 
 	  -1.39730468e-01 
 	  -1.29175826e-01 
 	  -1.19190063e-01 
 	  -1.09702214e-01 
 	  -9.73118637e-03 
 	  -1.68448055e-02 
 	  -2.41743010e-02 
 	  -3.17368362e-02 
 	  -3.95518678e-02 
 	  -1.50594897e-01 
 	  -1.39338782e-01 
 	  -1.28744559e-01 
 	  -1.18722747e-01 
 	  -1.09201777e-01 
 	  -9.72344192e-03 
 	  -1.68369722e-02 
 	  -2.41663696e-02 
 	  -3.17287965e-02 
 	  -3.95437080e-02 
 	  -1.50569195e-01 
 	  -1.39239742e-01 
 	  -1.28580410e-01 
 	  -1.18500115e-01 
 	  -1.08926101e-01 
 	  -1.10497517e-02 
 	  -1.75552936e-02 
 	  -2.42411814e-02 
 	  -3.11204589e-02 
 	  -3.82077482e-02 
 	  -1.56794544e-01 
 	  -1.45553109e-01 
 	  -1.34982793e-01 
 	  -1.24991595e-01 
 	  -1.15506171e-01 
 	  -2.10007332e-02 
 	  -2.29261317e-02 
 	  -2.48671982e-02 
 	  -2.68242553e-02 
 	  -2.87976366e-02 
 	  -2.10832066e-01 
 	  -2.00187218e-01 
 	  -1.90248921e-01 
 	  -1.80910450e-01 
 	  -1.72088749e-01 
 	  -4.29855945e-02 
 	  -2.12311428e-02 
 	  -1.29212200e-03 
 	   1.71685435e-02 
 	   3.43977296e-02 
 	  -7.88693077e-02 
 	  -4.54109374e-02 
 	  -1.62635501e-02 
 	   9.73996489e-03 
 	   3.33308749e-02 
 	   6.52559354e-02 
 	   2.51396212e-02 
 	  -1.49766930e-02 
 	  -5.50930072e-02 
 	  -9.52093214e-02 
 	  -1.35325636e-01 
 	  -1.75441950e-01 
 	  -2.15558264e-01 
 	  -2.55674578e-01 
 	  -2.95790892e-01 
 	   2.06847118e-01 
 	   1.50024518e-01 
 	   1.19544981e-01 
 	   8.90654440e-02 
 	   5.85859069e-02 
 	   2.81063699e-02 
 	  -2.37316716e-03 
 	  -3.28527042e-02 
 	  -6.33322413e-02 
 	  -9.83497664e-03 
 	   1.22222625e-01 
 	  -8.09415089e-03 
 	  -5.93219659e-02 
 	  -1.17135546e-01 
 	  -1.74949127e-01 
 	  -2.32762708e-01 
 	  -2.90576288e-01 
 	  -3.48389869e-01 
 	  -3.85209249e-01 
 	  -3.90955800e-01 
 	   2.59924116e-01 
 	   1.43215663e-01 
 	   1.27540098e-01 
 	   8.87994103e-02 
 	   5.17051641e-02 
 	   1.46109179e-02 
 	  -2.24833283e-02 
 	  -5.43290244e-02 
 	  -6.79094131e-02 
 	   2.79736505e-02 
 	   1.45028977e-01 
 	  -2.52030373e-02 
 	  -5.65267457e-02 
 	  -1.24229627e-01 
 	  -1.85343008e-01 
 	  -2.46867998e-01 
 	  -3.07080851e-01 
 	  -3.60103103e-01 
 	  -3.77938975e-01 
 	  -3.76573626e-01 
 	   2.67838016e-01 
 	   1.30496193e-01 
 	   1.32328978e-01 
 	   8.28924753e-02 
 	   4.57426139e-02 
 	   7.06760625e-03 
 	  -2.90507795e-02 
 	  -5.31053039e-02 
 	  -5.65639840e-02 
 	   3.45834208e-02 
 	   1.45192732e-01 
 	  -3.32434153e-02 
 	  -5.36146210e-02 
 	  -1.31342462e-01 
 	  -1.90490947e-01 
 	  -2.52834510e-01 
 	  -3.10502510e-01 
 	  -3.57628774e-01 
 	  -3.73821560e-01 
 	  -3.79292971e-01 
 	   2.66957659e-01 
 	   1.28208179e-01 
 	   1.35059231e-01 
 	   7.83605685e-02 
 	   4.44919737e-02 
 	   5.54989166e-03 
 	  -2.76202054e-02 
 	  -4.89549556e-02 
 	  -5.47780571e-02 
 	   3.32172549e-02 
 	   1.43744725e-01 
 	  -3.39600194e-02 
 	  -5.33251420e-02 
 	  -1.35157738e-01 
 	  -1.90956243e-01 
 	  -2.53556012e-01 
 	  -3.09042581e-01 
 	  -3.56176560e-01 
 	  -3.75058948e-01 
 	  -3.81213183e-01 
 	   2.66407318e-01 
 	   1.28637438e-01 
 	   1.34782867e-01 
 	   7.66181779e-02 
 	   4.53870857e-02 
 	   6.02513911e-03 
 	  -2.59917436e-02 
 	  -4.85477341e-02 
 	  -5.58840383e-02 
 	   3.29226908e-02 
 	   1.43532222e-01 
 	  -3.37136169e-02 
 	  -5.40350314e-02 
 	  -1.35756934e-01 
 	  -1.89967221e-01 
 	  -2.53140069e-01 
 	  -3.08242449e-01 
 	  -3.56645726e-01 
 	  -3.75768626e-01 
 	  -3.81057285e-01 
 	   2.66352822e-01 
 	   1.28625626e-01 
 	   1.34205035e-01 
 	   7.67309984e-02 
 	   4.61222508e-02 
 	   6.17193629e-03 
 	  -2.58277283e-02 
 	  -4.91753646e-02 
 	  -5.60990271e-02 
 	   3.31608219e-02 
 	   1.43522176e-01 
 	  -3.38329811e-02 
 	  -5.42781927e-02 
 	  -1.35360456e-01 
 	  -1.89582106e-01 
 	  -2.53203198e-01 
 	  -3.08350567e-01 
 	  -3.57053591e-01 
 	  -3.75661757e-01 
 	  -3.80889329e-01 
 	   2.66308934e-01 
 	   1.28498152e-01 
 	   1.34202414e-01 
 	   7.70758165e-02 
 	   4.61889288e-02 
 	   6.00559671e-03 
 	  -2.59799264e-02 
 	  -4.93379935e-02 
 	  -5.59145693e-02 
 	   3.32046627e-02 
 	   1.43463197e-01 
 	  -3.38943934e-02 
 	  -5.41722484e-02 
 	  -1.35184366e-01 
 	  -1.89693026e-01 
 	  -2.53360383e-01 
 	  -3.08447860e-01 
 	  -3.57075689e-01 
 	  -3.75545684e-01 
 	  -3.80944122e-01 
 	   2.66275430e-01 
 	   1.28520175e-01 
 	   1.34326418e-01 
 	   7.71214607e-02 
 	   4.60621239e-02 
 	   5.94254375e-03 
 	  -2.59825101e-02 
 	  -4.92832512e-02 
 	  -5.58520983e-02 
 	   3.31610148e-02 
 	   1.43443255e-01 
 	  -3.38522324e-02 
 	  -5.41120988e-02 
 	  -1.35231535e-01 
 	  -1.89790422e-01 
 	  -2.53367204e-01 
 	  -3.08425584e-01 
 	  -3.57037466e-01 
 	  -3.75543988e-01 
 	  -3.80986037e-01 
 	   2.66280007e-01 
 	   1.28565478e-01 
 	   1.34338553e-01 
 	   7.70630748e-02 
 	   4.60282902e-02 
 	   5.97402117e-03 
 	  -2.59549484e-02 
 	  -4.92639297e-02 
 	  -5.58657374e-02 
 	   3.31453736e-02 
 	   1.43455436e-01 
 	  -3.38284458e-02 
 	  -5.41320304e-02 
 	  -1.35271619e-01 
 	  -1.89783594e-01 
 	  -2.53334159e-01 
 	  -3.08412206e-01 
 	  -3.57034791e-01 
 	  -3.75555557e-01 
 	  -3.80985777e-01 
 	   2.66290918e-01 
 	   1.28568239e-01 
 	   1.34311537e-01 
 	   7.70486624e-02 
 	   4.60489478e-02 
 	   5.99116387e-03 
 	  -2.59568477e-02 
 	  -4.92698026e-02 
 	  -5.58730773e-02 
 	   3.31474650e-02 
 	   1.43462883e-01 
 	  -3.38352734e-02 
 	  -5.41485846e-02 
 	  -1.35265687e-01 
 	  -1.89764183e-01 
 	  -2.53330060e-01 
 	  -3.08417770e-01 
 	  -3.57037975e-01 
 	  -3.75556149e-01 
 	  -3.80981837e-01 
 	   2.66292333e-01 
 	   1.28558196e-01 
 	   1.34305793e-01 
 	   7.70599348e-02 
 	   4.60574821e-02 
 	   5.98622893e-03 
 	  -2.59622186e-02 
 	  -4.92709479e-02 
 	  -5.58724168e-02 
 	   3.31487314e-02 
 	   1.43461724e-01 
 	  -3.38415712e-02 
 	  -5.41457452e-02 
 	  -1.35256229e-01 
 	  -1.89763847e-01 
 	  -2.53336014e-01 
 	  -3.08419649e-01 
 	  -3.57037312e-01 
 	  -3.75555619e-01 
 	  -3.80981903e-01 
 	   2.66290314e-01 
 	   1.28556170e-01 
 	   1.34311263e-01 
 	   7.70641377e-02 
 	   4.60538854e-02 
 	   5.98277453e-03 
 	  -2.59614393e-02 
 	  -4.92699611e-02 
 	  -5.58722928e-02 
 	   3.31485953e-02 
 	   1.43460108e-01 
 	  -3.38408013e-02 
 	  -5.41415317e-02 
 	  -1.35256463e-01 
 	  -1.89767617e-01 
 	  -2.53336695e-01 
 	  -3.08418186e-01 
 	  -3.57037008e-01 
 	  -3.75555854e-01 
 	  -3.80982007e-01 
 	   2.66289397e-01 
 	   1.28557730e-01 
 	   1.34312858e-01 
 	   7.70617843e-02 
 	   4.60516684e-02 
 	   5.98354322e-03 
 	  -2.59606407e-02 
 	  -4.92703923e-02 
 	  -5.58726498e-02 
 	   3.31484845e-02 
 	   1.43460821e-01 
 	  -3.38383386e-02 
 	  -5.41403862e-02 
 	  -1.35256993e-01 
 	  -1.89766074e-01 
 	  -2.53333413e-01 
 	  -3.08415671e-01 
 	  -3.57034824e-01 
 	  -3.75552991e-01 
 	  -3.80978740e-01 
 	   2.66288756e-01 
 	   1.28557460e-01 
 	   1.34311076e-01 
 	   7.70600158e-02 
 	   4.60517941e-02 
 	   5.98383156e-03 
 	  -2.59612497e-02 
 	  -4.92708023e-02 
 	  -5.58725331e-02 
 	   3.31478205e-02 
 	   1.43462223e-01 
 	  -3.38367984e-02 
 	  -5.41395200e-02 
 	  -1.35255098e-01 
 	  -1.89763023e-01 
 	  -2.53330808e-01 
 	  -3.08413334e-01 
 	  -3.57031861e-01 
 	  -3.75549839e-01 
 	  -3.80975773e-01 
 	   2.66289536e-01 
 	   1.28557698e-01 
 	   1.34311108e-01 
 	   7.70609284e-02 
 	   4.60528241e-02 
 	   5.98419127e-03 
 	  -2.59608478e-02 
 	  -4.92700642e-02 
 	  -5.58719948e-02 
 	   3.31473856e-02 
 	   1.43460800e-01 
 	  -3.38397833e-02 
 	  -5.41432973e-02 
 	  -1.35259399e-01 
 	  -1.89768698e-01 
 	  -2.53337881e-01 
 	  -3.08421180e-01 
 	  -3.57040644e-01 
 	  -3.75560093e-01 
 	  -3.80987400e-01 
 	   2.66295843e-01 
 	   1.28563249e-01 
 	   1.34316389e-01 
 	   7.70656683e-02 
 	   4.60565249e-02 
 	   5.98720949e-03 
 	  -2.59582337e-02 
 	  -4.92682272e-02 
 	  -5.58711362e-02 
 	   3.31506991e-02 
 	   1.43452958e-01 
 	  -3.38519798e-02 
 	  -5.41579070e-02 
 	  -1.35276803e-01 
 	  -1.89788989e-01 
 	  -2.53360687e-01 
 	  -3.08446543e-01 
 	  -3.57068871e-01 
 	  -3.75590334e-01 
 	  -3.81019329e-01 
 	   2.66301264e-01 
 	   1.28568114e-01 
 	   1.34320701e-01 
 	   7.70687287e-02 
 	   4.60584759e-02 
 	   5.98824961e-03 
 	  -2.59582958e-02 
 	  -4.92693212e-02 
 	  -5.58726788e-02 
 	   3.31570619e-02 
 	   1.43449615e-01 
 	  -3.38573041e-02 
 	  -5.41638909e-02 
 	  -1.35283762e-01 
 	  -1.89796626e-01 
 	  -2.53368987e-01 
 	  -3.08455635e-01 
 	  -3.57078525e-01 
 	  -3.75598187e-01 
 	  -3.81024918e-01 
 	   2.66272884e-01 
 	   1.28540659e-01 
 	   1.34294413e-01 
 	   7.70431938e-02 
 	   4.60339244e-02 
 	   5.96458356e-03 
 	  -2.59810871e-02 
 	  -4.92905006e-02 
 	  -5.58910062e-02 
 	   3.31420588e-02 
 	   1.43510622e-01 
 	  -3.37791186e-02 
 	  -5.40758363e-02 
 	  -1.35186048e-01 
 	  -1.89689059e-01 
 	  -2.53251675e-01 
 	  -3.08328375e-01 
 	  -3.56940636e-01 
 	  -3.75449115e-01 
 	  -3.80861817e-01 
 	   2.66166632e-01 
 	   1.28432149e-01 
 	   1.34190895e-01 
 	   7.69464384e-02 
 	   4.59440541e-02 
 	   5.88154607e-03 
 	  -2.60569925e-02 
 	  -4.93588457e-02 
 	  -5.59509729e-02 
 	   3.30474726e-02 
 	   1.43749788e-01 
 	  -3.34688407e-02 
 	  -5.37163772e-02 
 	  -1.34778304e-01 
 	  -1.89233425e-01 
 	  -2.52748133e-01 
 	  -3.07776655e-01 
 	  -3.56340395e-01 
 	  -3.74810799e-01 
 	  -3.80174829e-01 
 	   2.65924291e-01 
 	   1.28179712e-01 
 	   1.33959187e-01 
 	   7.67403940e-02 
 	   4.57637050e-02 
 	   5.72706746e-03 
 	  -2.61853842e-02 
 	  -4.94636580e-02 
 	  -5.60348660e-02 
 	   3.28084945e-02 
 	   1.44225231e-01 
 	  -3.27901134e-02 
 	  -5.28757806e-02 
 	  -1.33781068e-01 
 	  -1.88080725e-01 
 	  -2.51439835e-01 
 	  -3.06313321e-01 
 	  -3.54723998e-01 
 	  -3.73086044e-01 
 	  -3.78330536e-01 
 	   2.65271648e-01 
 	   1.27552966e-01 
 	   1.33404360e-01 
 	   7.62649333e-02 
 	   4.53683636e-02 
 	   5.41206534e-03 
 	  -2.64208550e-02 
 	  -4.96316194e-02 
 	  -5.61543822e-02 
 	   3.22632314e-02 
 	   1.45057089e-01 
 	  -3.17116862e-02 
 	  -5.16955459e-02 
 	  -1.32506621e-01 
 	  -1.86713495e-01 
 	  -2.49980103e-01 
 	  -3.04764550e-01 
 	  -3.53096764e-01 
 	  -3.71505422e-01 
 	  -3.76786103e-01 
 	   2.63878945e-01 
 	   1.26089358e-01 
 	   1.31941891e-01 
 	   7.48356374e-02 
 	   4.39733553e-02 
 	   4.05069568e-03 
 	  -2.77528919e-02 
 	  -5.09700135e-02 
 	  -5.75564216e-02 
 	   3.04569658e-02 
 	   1.48688564e-01 
 	  -2.99013798e-02 
 	  -5.19928274e-02 
 	  -1.34913205e-01 
 	  -1.91236996e-01 
 	  -2.56622199e-01 
 	  -3.13536156e-01 
 	  -3.64028969e-01 
 	  -3.84703094e-01 
 	  -3.91852587e-01 
 	   2.65653423e-01 
 	   1.25369051e-01 
 	   1.29946322e-01 
 	   7.16336500e-02 
 	   3.95611515e-02 
 	  -1.57338901e-03 
 	  -3.46016669e-02 
 	  -5.90825125e-02 
 	  -6.68781416e-02 
 	   2.43843926e-02 
 	   1.74175855e-01 
 	  -2.48531959e-02 
 	  -6.56894624e-02 
 	  -1.67626067e-01 
 	  -2.42985611e-01 
 	  -3.27409653e-01 
 	  -4.03378195e-01 
 	  -4.72928283e-01 
 	  -5.11508079e-01 
 	  -5.33641830e-01 
 	   6.28941429e-02 
 	  -9.13029188e-02 
 	  -8.83774463e-02 
 	  -1.48906074e-01 
 	  -1.83137210e-01 
 	  -2.26430987e-01 
 	  -2.61626275e-01 
 	  -2.87983638e-01 
 	  -2.96348958e-01 
 	  -1.65289933e-01 
 	  -1.68113959e-01 
 	  -1.41141349e-01 
 	  -1.17708674e-01 
 	  -9.68425914e-02 
 	  -7.79381402e-02 
 	   8.05218432e-02 
 	  -1.80670523e-02 
 	   3.14595511e-04 
 	  -4.57370676e-02 
 	  -6.50421202e-02 
 	  -9.34282433e-02 
 	  -1.13289981e-01 
 	  -1.26259368e-01 
 	  -9.75861274e-02 
 	   4.85900139e-03 

 tiempo de programa :   5.71e-01