 Nombre del problema                      eigenaco  
 Numero de variables                     110 
 Numero de restricciones                  55 
 Numero maximo de iteraciones              50 
 Tolerancia                               1.00e-05 

 Objetivo en el punto inicial             2.850000000000000e+02 
 Norma de las restricciones en el punto inicial              0.00e+00 
 Norma del gradiente de la Lagrangiana en el punto inicial    3.38e+01 

   k         f             ||c||      ||gL||     alpha        mu     
-----------------------------------------------------------------------
    1     2.24605768e+02     6.95e-01      3.62e+01   1.00e+00   1.80e+01  
    2     1.54677216e+02     1.47e+00      2.99e+01   1.00e+00   1.80e+01  
    3     1.12590924e+02     1.72e+00      2.67e+01   1.00e+00   1.80e+01  
    4     1.87345235e+01     1.77e+00      2.27e+01   1.00e+00   1.80e+01  
    5     3.98505741e+01     2.82e-01      4.20e+01   1.00e+00   2.69e+01  
    6     6.55880852e+00     7.57e-01      9.99e+00   1.00e+00   2.69e+01  
    7     2.22470069e+00     7.37e-01      2.35e+00   1.00e+00   2.69e+01  
    8     6.03612452e+00     7.81e-02      3.61e+01   1.00e+00   2.69e+01  
    9     3.60023018e-01     2.37e-01      4.00e+00   1.00e+00   2.69e+01  
   10     1.01883031e-01     2.43e-01      3.81e-01   1.00e+00   2.69e+01  
   11     2.01078952e-01     1.19e-02      1.02e+01   1.00e+00   2.69e+01  

 Problema mal escalado 
