 Nombre del problema                      gilbert  
 Numero de variables                      10 
 Numero de restricciones                   1 
 Numero maximo de iteraciones              50 
 Tolerancia                               1.00e-05 

 Objetivo en el punto inicial             1.925000000000000e+02 
 Norma de las restricciones en el punto inicial              5.00e+02 
 Norma del gradiente de la Lagrangiana en el punto inicial    1.01e+01 

   k         f             ||c||      ||gL||     alpha        mu     
-----------------------------------------------------------------------
    1     3.14557335e+01     1.36e+02      3.38e+00   1.00e+00   3.80e-01  
    2     3.93773187e+00     4.41e+01      5.95e-01   1.00e+00   3.80e-01  
    3     6.20350818e-01     2.35e+01      1.06e-01   1.00e+00   3.80e-01  
    4     3.21096877e-01     2.25e+01      4.66e-02   5.00e-01   3.80e-01  
    5     8.87770850e-01     1.02e+01      1.29e-01   1.00e+00   3.80e-01  
    6     1.36378660e+00     6.78e+00      2.71e-01   1.00e+00   3.80e-01  
    7     1.50640558e+00     4.13e+00      1.67e-01   1.00e+00   3.80e-01  
    8     2.27216300e+00     1.59e+00      1.90e-01   1.00e+00   3.80e-01  
    9     2.49289748e+00     9.73e-01      6.20e-02   5.00e-01   5.16e-01  
   10     3.13593433e+00     1.73e-01      8.90e-02   1.00e+00   8.38e-01  
   11     3.32652639e+00     1.41e-02      2.69e-02   1.00e+00   1.31e+00  
   12     3.34461257e+00     4.31e-04      2.00e-03   1.00e+00   1.47e+00  
   13     3.34519997e+00     1.10e-06      2.57e-06   1.00e+00   1.52e+00  


 Minimizador local del modelo: 
 	   4.21939906e-01 
 	   4.12842932e-01 
 	   3.98008789e-01 
 	   3.76342916e-01 
 	   3.46819701e-01 
 	   3.08640995e-01 
 	   2.61437069e-01 
 	   2.05478604e-01 
 	   1.41843052e-01 
 	   7.24653862e-02 

 tiempo de programa :   3.88e-03