 Nombre del problema                      hs007  
 Numero de variables                       2 
 Numero de restricciones                   1 
 Numero maximo de iteraciones              50 
 Tolerancia                               1.00e-05 

 Objetivo en el punto inicial            -3.905620875658997e-01 
 Norma de las restricciones en el punto inicial              2.50e+01 
 Norma del gradiente de la Lagrangiana en el punto inicial    1.07e+00 

   k         f             ||c||      ||gL||     alpha        mu     
-----------------------------------------------------------------------
    1    -2.24359313e+01     5.20e+02      5.14e+00   1.00e+00   1.73e-02  
    2    -2.13940578e+01     4.58e+02      3.22e+00   1.25e-01   1.73e-02  
    3    -1.87681080e+01     3.50e+02      2.48e+00   2.50e-01   2.55e-02  
    4    -1.64541436e+01     2.68e+02      1.91e+00   2.50e-01   2.94e-02  
    5    -1.44258831e+01     2.05e+02      1.48e+00   2.50e-01   3.37e-02  
    6    -1.26515285e+01     1.57e+02      1.15e+00   2.50e-01   3.85e-02  
    7    -1.11012282e+01     1.20e+02      8.95e-01   2.50e-01   4.39e-02  
    8    -8.39474700e+00     6.75e+01      5.63e-01   5.00e-01   5.14e-02  
    9    -6.38566982e+00     3.78e+01      3.74e-01   5.00e-01   7.32e-02  
   10    -4.90676023e+00     2.11e+01      2.64e-01   5.00e-01   9.97e-02  
   11    -2.75909357e+00     4.61e+00      2.56e-01   1.00e+00   1.32e-01  
   12    -1.92320374e+00     6.99e-01      1.46e-01   1.00e+00   2.24e-01  
   13    -1.74155044e+00     3.30e-02      2.14e-02   1.00e+00   3.01e-01  
   14    -1.73207672e+00     8.98e-05      1.45e-04   1.00e+00   3.20e-01  
   15    -1.73205081e+00     6.71e-10      2.40e-09   1.00e+00   3.21e-01  


 Minimizador local del modelo: 
 	   2.92764860e-12 
 	   1.73205081e+00 

 tiempo de programa :   3.99e-03