 Nombre del problema                      hs027  
 Numero de variables                       3 
 Numero de restricciones                   1 
 Numero maximo de iteraciones              50 
 Tolerancia                               1.00e-05 

 Objetivo en el punto inicial             4.010000000000000e+00 
 Norma de las restricciones en el punto inicial              7.00e+00 
 Norma del gradiente de la Lagrangiana en el punto inicial    1.60e+01 

   k         f             ||c||      ||gL||     alpha        mu     
-----------------------------------------------------------------------
    1     1.22474088e-02     3.15e+00      7.27e-01   1.00e+00   9.42e-01  
    2     1.58929423e-02     3.14e+00      7.33e-01   1.56e-02   9.42e-01  
    3     2.36515083e-01     2.98e+00      1.54e+00   2.50e-01   1.64e+00  
    4     3.96587043e-02     2.23e+00      3.54e+00   2.50e-01   1.64e+00  
    5     1.81480167e+00     1.12e+00      2.79e+00   5.00e-01   1.64e+00  
    6     1.57959991e+00     4.35e-03      2.48e+00   1.00e+00   1.64e+00  
    7     4.00693782e-02     1.84e-07      2.13e-02   1.00e+00   1.64e+00  
    8     4.00637313e-02     3.04e-06      2.00e-02   6.25e-02   1.64e+00  
    9     4.00584262e-02     5.61e-06      1.87e-02   6.25e-02   1.64e+00  
   10     4.00534562e-02     7.90e-06      1.76e-02   6.25e-02   1.64e+00  
   11     4.00488133e-02     9.94e-06      1.65e-02   6.25e-02   1.64e+00  
   12     4.00444877e-02     1.17e-05      1.54e-02   6.25e-02   1.64e+00  
   13     4.00404686e-02     1.33e-05      1.45e-02   6.25e-02   1.64e+00  
   14     4.00367441e-02     1.46e-05      1.36e-02   6.25e-02   1.64e+00  
   15     4.00333014e-02     1.57e-05      1.27e-02   6.25e-02   1.64e+00  
   16     4.00301272e-02     1.66e-05      1.19e-02   6.25e-02   1.64e+00  
   17     4.00272075e-02     1.74e-05      1.12e-02   6.25e-02   1.64e+00  
   18     4.00245284e-02     1.79e-05      1.05e-02   6.25e-02   1.64e+00  
   19     4.00220756e-02     1.84e-05      9.83e-03   6.25e-02   1.64e+00  
   20     4.00198350e-02     1.86e-05      9.22e-03   6.25e-02   1.64e+00  
   21     4.00177928e-02     1.88e-05      8.64e-03   6.25e-02   1.64e+00  
   22     4.00159352e-02     1.88e-05      8.10e-03   6.25e-02   1.64e+00  
   23     4.00142489e-02     1.88e-05      7.60e-03   6.25e-02   1.64e+00  
   24     4.00111936e-02     2.06e-05      6.65e-03   1.25e-01   1.64e+00  
   25     4.00087221e-02     2.14e-05      5.82e-03   1.25e-01   1.64e+00  
   26     4.00067395e-02     2.16e-05      5.09e-03   1.25e-01   1.64e+00  
   27     4.00051620e-02     2.13e-05      4.45e-03   1.25e-01   1.64e+00  
   28     4.00039164e-02     2.05e-05      3.90e-03   1.25e-01   1.64e+00  
   29     4.00019643e-02     2.15e-05      2.92e-03   2.50e-01   1.64e+00  
   30     4.00008635e-02     2.00e-05      2.19e-03   2.50e-01   1.64e+00  
   31     3.99996874e-02     1.93e-05      1.10e-03   5.00e-01   1.64e+00  
   32     3.99995646e-02     1.09e-05      7.26e-06   1.00e+00   1.64e+00  


 Minimizador local del modelo: 
 	  -9.07262446e-05 
 	  -9.99989116e-01 
 	   9.99978232e-01 

 tiempo de programa :   8.92e-03