 Nombre del problema                      hs039  
 Numero de variables                       4 
 Numero de restricciones                   2 
 Numero maximo de iteraciones              50 
 Tolerancia                               1.00e-05 

 Objetivo en el punto inicial            -2.000000000000000e+00 
 Norma de las restricciones en el punto inicial              1.00e+01 
 Norma del gradiente de la Lagrangiana en el punto inicial    3.14e-01 

   k         f             ||c||      ||gL||     alpha        mu     
-----------------------------------------------------------------------
    1    -3.01740357e+00     2.41e+01      1.01e+00   5.00e-01   6.87e-02  
    2    -3.29636961e+00     1.53e+01      1.94e-01   1.00e+00   6.87e-02  
    3    -3.28950391e+00     1.49e+01      1.82e-01   6.25e-02   6.87e-02  
    4    -3.26882820e+00     1.45e+01      1.77e-01   3.12e-02   6.87e-02  
    5    -2.79543945e+00     7.05e+00      2.80e-02   5.00e-01   1.00e-01  
    6    -2.59901592e+00     5.55e+00      3.09e-03   2.50e-01   1.65e-01  
    7    -2.41981431e+00     4.41e+00      1.71e-02   2.50e-01   1.90e-01  
    8    -2.25651281e+00     3.50e+00      3.18e-02   2.50e-01   2.16e-01  
    9    -2.10789943e+00     2.77e+00      4.28e-02   2.50e-01   2.47e-01  
   10    -1.97286943e+00     2.19e+00      5.10e-02   2.50e-01   2.82e-01  
   11    -1.85041935e+00     1.73e+00      5.68e-02   2.50e-01   3.22e-01  
   12    -1.73963965e+00     1.36e+00      6.09e-02   2.50e-01   3.67e-01  
   13    -1.53977358e+00     8.82e-01      9.81e-02   5.00e-01   4.18e-01  
   14    -1.38112003e+00     5.53e-01      1.14e-01   5.00e-01   5.02e-01  
   15    -1.25832860e+00     3.37e-01      1.14e-01   5.00e-01   6.07e-01  
   16    -1.16676103e+00     2.00e-01      1.03e-01   5.00e-01   7.25e-01  
   17    -1.10191651e+00     1.14e-01      8.37e-02   5.00e-01   8.42e-01  
   18    -1.05891306e+00     6.31e-02      6.09e-02   5.00e-01   9.43e-01  
   19    -1.00589893e+00     8.78e-03      3.56e-02   1.00e+00   1.01e+00  
   20    -1.00006838e+00     1.02e-04      1.22e-03   1.00e+00   1.01e+00  
   21    -1.00000001e+00     1.40e-08      3.96e-07   1.00e+00   1.01e+00  


 Minimizador local del modelo: 
 	   1.00000001e+00 
 	  -1.59874934e-12 
 	   1.88901418e-13 
 	   1.00000001e+00 

 tiempo de programa :   5.62e-03