 Nombre del problema                      hs047  
 Numero de variables                       5 
 Numero de restricciones                   3 
 Numero maximo de iteraciones              50 
 Tolerancia                               1.00e-05 

 Objetivo en el punto inicial             2.073807748861062e+01 
 Norma de las restricciones en el punto inicial              4.44e-16 
 Norma del gradiente de la Lagrangiana en el punto inicial    3.79e+01 

   k         f             ||c||      ||gL||     alpha        mu     
-----------------------------------------------------------------------
    1     5.64018846e+00     1.80e-01      8.35e+00   1.00e+00   5.13e+00  
    2     2.74253899e+00     1.91e-01      2.75e+00   1.00e+00   5.13e+00  
    3     1.58163031e+00     2.60e-01      3.09e+00   5.00e-01   5.13e+00  
    4     8.67640584e-01     1.31e-01      2.16e+00   1.00e+00   5.13e+00  
    5     1.81882557e-01     1.59e-01      1.14e+00   1.00e+00   5.13e+00  
    6     2.06363491e-02     4.68e-02      4.55e-01   1.00e+00   5.13e+00  
    7     3.87698166e-03     7.20e-03      4.33e-02   1.00e+00   5.13e+00  
    8     6.15438729e-04     4.10e-03      1.19e-02   1.00e+00   5.13e+00  
    9     9.12077339e-05     1.34e-03      4.06e-03   1.00e+00   5.13e+00  
   10     1.26673716e-05     4.27e-04      1.29e-03   1.00e+00   5.13e+00  
   11     1.68292051e-06     1.24e-04      3.73e-04   1.00e+00   5.13e+00  
   12     2.17464005e-07     3.37e-05      1.01e-04   1.00e+00   5.13e+00  
   13     2.76596107e-08     8.81e-06      2.65e-05   1.00e+00   5.13e+00  


 Minimizador local del modelo: 
 	   1.00150892e+00 
 	   1.00150906e+00 
 	   9.98490889e-01 
 	   9.98491155e-01 
 	   9.95472787e-01 

 tiempo de programa :   3.93e-03