 Nombre del problema                      hs061  
 Numero de variables                       3 
 Numero de restricciones                   2 
 Numero maximo de iteraciones              50 
 Tolerancia                               1.00e-05 

 Objetivo en el punto inicial             0.000000000000000e+00 
 Norma de las restricciones en el punto inicial              1.10e+01 
 Norma del gradiente de la Lagrangiana en el punto inicial    2.88e+01 

   k         f             ||c||      ||gL||     alpha        mu     
-----------------------------------------------------------------------
    1    -5.79553703e+01     3.42e+00      1.91e+02   1.00e+00   1.10e+01  
    2    -8.74956957e+01     2.50e+00      2.52e+02   1.00e+00   1.10e+01  
    3    -8.96420984e+01     3.55e-01      5.49e+01   1.00e+00   1.10e+01  
    4    -1.33726977e+02     3.85e+00      4.97e+01   1.00e+00   1.10e+01  
    5    -1.43416959e+02     9.22e-01      2.67e+01   1.00e+00   1.10e+01  
    6    -1.43783868e+02     8.00e-02      8.93e-01   1.00e+00   1.10e+01  
    7    -1.43646497e+02     2.60e-04      3.82e-03   1.00e+00   1.10e+01  
    8    -1.43646142e+02     1.46e-09      5.14e-08   1.00e+00   1.10e+01  


 Minimizador local del modelo: 
 	  -2.11899863e+00 
 	   3.21046422e+00 
 	   5.32677013e+00 

 tiempo de programa :   5.80e-03