 Nombre del problema                      hs078  
 Numero de variables                       5 
 Numero de restricciones                   3 
 Numero maximo de iteraciones              50 
 Tolerancia                               1.00e-05 

 Objetivo en el punto inicial            -6.000000000000000e+00 
 Norma de las restricciones en el punto inicial              3.62e+00 
 Norma del gradiente de la Lagrangiana en el punto inicial    1.02e+00 

   k         f             ||c||      ||gL||     alpha        mu     
-----------------------------------------------------------------------
    1    -3.15723168e+00     4.25e-01      5.67e-01   1.00e+00   1.21e+00  
    2    -2.93100749e+00     1.14e-02      3.50e-03   1.00e+00   1.21e+00  
    3    -2.91970921e+00     6.94e-06      1.02e-05   1.00e+00   1.21e+00  


 Minimizador local del modelo: 
 	  -1.71714332e+00 
 	   1.59571025e+00 
 	   1.82724582e+00 
 	  -7.63644136e-01 
 	  -7.63644136e-01 

 tiempo de programa :   1.49e-03