 Nombre del problema                      hs079  
 Numero de variables                       5 
 Numero de restricciones                   3 
 Numero maximo de iteraciones              50 
 Tolerancia                               1.00e-05 

 Objetivo en el punto inicial             1.000000000000000e+00 
 Norma de las restricciones en el punto inicial              7.76e+00 
 Norma del gradiente de la Lagrangiana en el punto inicial    1.41e+00 

   k         f             ||c||      ||gL||     alpha        mu     
-----------------------------------------------------------------------
    1     1.30939562e-01     1.22e+00      2.27e-01   1.00e+00   4.95e-01  
    2     8.12253177e-02     6.76e-02      1.52e-02   1.00e+00   4.95e-01  
    3     7.87856301e-02     2.48e-04      7.23e-05   1.00e+00   4.95e-01  
    4     7.87768210e-02     3.89e-09      3.41e-09   1.00e+00   4.95e-01  


 Minimizador local del modelo: 
 	   1.19112746e+00 
 	   1.36260317e+00 
 	   1.47281793e+00 
 	   1.67908143e+00 
 	   1.63501662e+00 

 tiempo de programa :   1.74e-03