 Nombre del problema                      hs111lnp  
 Numero de variables                      10 
 Numero de restricciones                   3 
 Numero maximo de iteraciones              50 
 Tolerancia                               1.00e-05 

 Objetivo en el punto inicial            -2.101453947523903e+01 
 Norma de las restricciones en el punto inicial              1.30e+00 
 Norma del gradiente de la Lagrangiana en el punto inicial    7.23e-01 

   k         f             ||c||      ||gL||     alpha        mu     
-----------------------------------------------------------------------
    1    -1.12786944e+02     4.87e+00      1.26e+01   6.25e-02   1.47e+01  
    2    -1.37524390e+02     3.10e+00      3.63e+00   1.00e+00   1.47e+01  
    3    -1.04761213e+02     2.00e+00      2.12e+00   5.00e-01   3.25e+01  
    4    -6.30439819e+01     6.26e-01      6.65e-01   1.00e+00   3.25e+01  
    5    -5.13275616e+01     1.84e-01      1.04e-01   1.00e+00   3.25e+01  
    6    -4.84845545e+01     3.59e-02      1.20e-02   1.00e+00   3.25e+01  
    7    -4.78281568e+01     2.67e-03      1.97e-03   1.00e+00   3.25e+01  
    8    -4.77657044e+01     2.07e-04      2.51e-04   1.00e+00   3.25e+01  
    9    -4.77615935e+01     2.37e-05      4.35e-05   1.00e+00   3.25e+01  
   10    -4.77611168e+01     1.15e-06      2.30e-06   1.00e+00   3.25e+01  


 Minimizador local del modelo: 
 	  -3.20231245e+00 
 	  -1.91236843e+00 
 	  -2.44427161e-01 
 	  -6.56114979e+00 
 	  -7.23099211e-01 
 	  -7.27092448e+00 
 	  -3.59723658e+00 
 	  -4.02031521e+00 
 	  -3.28837394e+00 
 	  -2.33437119e+00 

 tiempo de programa :   5.12e-03