 Nombre del problema                      lch  
 Numero de variables                     600 
 Numero de restricciones                   1 
 Numero maximo de iteraciones              50 
 Tolerancia                               1.00e-05 

 Objetivo en el punto inicial             2.586969011420049e+05 
 Norma de las restricciones en el punto inicial              1.03e-14 
 Norma del gradiente de la Lagrangiana en el punto inicial    3.68e+04 

   k         f             ||c||      ||gL||     alpha        mu     
-----------------------------------------------------------------------
    1     1.73504959e+05     3.53e-03      1.89e+04   1.00e+00   3.10e+00  
    2     1.26479082e+05     1.05e-02      1.39e+04   1.00e+00   3.10e+00  
    3     9.90707133e+04     2.15e-02      1.03e+04   1.00e+00   3.10e+00  
    4     8.20995902e+04     3.76e-02      7.77e+03   1.00e+00   3.10e+00  
    5     7.09128834e+04     5.98e-02      5.93e+03   1.00e+00   3.10e+00  
    6     6.30839129e+04     8.93e-02      4.60e+03   1.00e+00   3.10e+00  
    7     5.73036375e+04     1.27e-01      3.62e+03   1.00e+00   3.10e+00  
    8     5.28381994e+04     1.76e-01      3.11e+03   1.00e+00   3.10e+00  
    9     4.92584354e+04     2.36e-01      2.88e+03   1.00e+00   3.10e+00  
   10     4.63019825e+04     3.11e-01      2.65e+03   1.00e+00   3.10e+00  
   11     4.38011537e+04     4.02e-01      2.43e+03   1.00e+00   3.10e+00  
   12     4.16441008e+04     5.11e-01      2.23e+03   1.00e+00   3.10e+00  
   13     3.97532213e+04     6.43e-01      2.05e+03   1.00e+00   3.10e+00  
   14     3.80727346e+04     7.99e-01      1.88e+03   1.00e+00   3.10e+00  
   15    -1.17625260e+05     3.32e+02      9.15e+03   1.00e+00   3.10e+00  

 Problema mal escalado 
