 Nombre del problema                      maratos2  
 Numero de variables                       2 
 Numero de restricciones                   1 
 Numero maximo de iteraciones              50 
 Tolerancia                               1.00e-05 

 Objetivo en el punto inicial            -1.999920100000000e+01 
 Norma de las restricciones en el punto inicial              7.99e+02 
 Norma del gradiente de la Lagrangiana en el punto inicial    7.07e-01 

   k         f             ||c||      ||gL||     alpha        mu     
-----------------------------------------------------------------------
    1    -3.00115005e+01     1.00e+03      3.74e-01   1.00e+00   1.25e-02  
    2    -1.76807104e+01     3.21e+02      1.46e-01   1.00e+00   2.05e-02  
    3    -9.44001547e+00     9.16e+01      2.52e-01   1.00e+00   3.64e-02  
    4    -7.34539866e+00     5.30e+01      1.91e-01   5.00e-01   6.47e-02  
    5    -3.74788187e+00     1.31e+01      2.88e-01   1.00e+00   9.06e-02  
    6    -2.88169749e+00     7.30e+00      2.15e-01   5.00e-01   1.72e-01  
    7    -1.61440168e+00     1.61e+00      2.46e-01   1.00e+00   2.26e-01  
    8    -1.11694948e+00     2.48e-01      1.47e-01   1.00e+00   3.84e-01  
    9    -1.00613690e+00     1.23e-02      2.30e-02   1.00e+00   5.18e-01  
   10    -1.00001952e+00     3.91e-05      1.76e-04   1.00e+00   5.54e-01  
   11    -1.00000000e+00     1.73e-09      7.19e-09   1.00e+00   5.56e-01  


 Minimizador local del modelo: 
 	   1.00000000e+00 
 	  -7.18675146e-09 

 tiempo de programa :   3.09e-03