 Nombre del problema                      maratos  
 Numero de variables                       2 
 Numero de restricciones                   1 
 Numero maximo de iteraciones              50 
 Tolerancia                               1.00e-05 

 Objetivo en el punto inicial             1.578000000000000e+03 
 Norma de las restricciones en el punto inicial              7.99e+02 
 Norma del gradiente de la Lagrangiana en el punto inicial    7.07e-01 

   k         f             ||c||      ||gL||     alpha        mu     
-----------------------------------------------------------------------
    1     1.27374391e+03     6.49e+02      2.19e-01   5.00e-01   1.99e+00  
    2     3.89392725e+02     2.02e+02      2.57e-01   1.00e+00   1.99e+00  
    3     1.37289346e+02     7.27e+01      2.61e-01   1.00e+00   1.99e+00  
    4     5.35734787e+01     2.94e+01      2.84e-01   1.00e+00   1.99e+00  
    5     1.95744794e+01     1.15e+01      2.57e-01   1.00e+00   1.99e+00  
    6     5.93775920e+00     4.06e+00      2.21e-01   1.00e+00   1.99e+00  
    7     1.04307237e+00     1.26e+00      1.75e-01   1.00e+00   1.99e+00  
    8    -5.47183465e-01     2.92e-01      9.64e-02   1.00e+00   1.99e+00  
    9    -9.50463380e-01     3.28e-02      2.14e-02   1.00e+00   1.99e+00  
   10    -9.98850729e-01     7.66e-04      7.31e-04   1.00e+00   1.99e+00  
   11    -9.99998977e-01     6.82e-07      6.46e-07   1.00e+00   1.99e+00  


 Minimizador local del modelo: 
 	   1.00000034e+00 
 	   6.45774523e-07 

 tiempo de programa :   3.00e-03