 Nombre del problema                      orthrgds  
 Numero de variables                    10003 
 Numero de restricciones                5000 
 Numero maximo de iteraciones              50 
 Tolerancia                               1.00e-05 

 Objetivo en el punto inicial             7.616225330762852e+01 
 Norma de las restricciones en el punto inicial              4.67e+02 
 Norma del gradiente de la Lagrangiana en el punto inicial    1.67e+01 

   k         f             ||c||      ||gL||     alpha        mu     
-----------------------------------------------------------------------
    1     2.27699748e+02     3.33e+02      6.90e+02   2.50e-01   1.32e+00  
    2     5.05260704e+02     1.82e+02      4.72e+03   5.00e-01   6.56e+00  
    3     1.37810732e+03     2.22e+01      4.00e+06   1.00e+00   9.19e+00  
    4     1.43034586e+03     1.97e+01      3.49e+06   1.25e-01   2.06e+01  
    5     1.47750990e+03     1.74e+01      3.04e+06   1.25e-01   2.10e+01  
    6     1.52000805e+03     1.54e+01      2.65e+06   1.25e-01   2.14e+01  
    7     1.55823440e+03     1.37e+01      2.31e+06   1.25e-01   2.18e+01  
    8     1.65551281e+03     7.02e+00      8.97e+05   5.00e-01   2.18e+01  
    9     1.68655739e+03     5.30e+00      6.61e+05   2.50e-01   2.18e+01  
   10     1.68960563e+03     5.14e+00      6.41e+05   3.12e-02   2.18e+01  
   11     1.68997634e+03     5.12e+00      6.38e+05   3.91e-03   2.18e+01  
   12     1.69006871e+03     5.11e+00      6.38e+05   9.77e-04   2.18e+01  
   13     1.69008025e+03     5.11e+00      6.37e+05   1.22e-04   2.18e+01  

 Problema mal escalado 
