 Nombre del problema                      orthrdm2  
 Numero de variables                    4003 
 Numero de restricciones                2000 
 Numero maximo de iteraciones              50 
 Tolerancia                               1.00e-05 

 Objetivo en el punto inicial             0.000000000000000e+00 
 Norma de las restricciones en el punto inicial              3.02e+02 
 Norma del gradiente de la Lagrangiana en el punto inicial    0.00e+00 

   k         f             ||c||      ||gL||     alpha        mu     
-----------------------------------------------------------------------
    1     1.28487053e+01     5.60e+01      2.57e+01   5.00e-01   1.89e-01  
    2     6.37732050e+01     3.03e+01      9.03e+01   5.00e-01   2.78e+00  
    3     1.54191321e+02     2.60e+00      7.47e+01   1.00e+00   3.32e+00  
    4     1.55526049e+02     9.33e-03      2.34e-01   1.00e+00   3.32e+00  
    5     1.55532816e+02     8.56e-07      3.79e-05   1.00e+00   3.32e+00  
    6     1.55532815e+02     1.71e-13      6.77e-14   1.00e+00   3.32e+00  


 Minimizador local del modelo: 
 	   4.95145839e+00 
 	   4.95142864e+00 
 	   4.95133570e+00 
 	   4.95117164e+00 
 	   4.95093679e+00 
 	   4.95065129e+00 
 	   4.95033572e+00 
 	   4.94998448e+00 
 	   4.94957238e+00 
 	   4.94906786e+00 
 	   4.94843823e+00 
 	   4.94766604e+00 
 	   4.94679613e+00 
 	   4.94595857e+00 
 	   4.94524622e+00 
 	   4.94459461e+00 
 	   4.94386909e+00 
 	   4.94296211e+00 
 	   4.94179787e+00 
 	   4.94033897e+00 
 	   4.93866881e+00 
 	   4.93708628e+00 
 	   4.93590646e+00 
 	   4.93506454e+00 
 	   4.93421725e+00 
 	   4.93308049e+00 
 	   4.93149248e+00 
 	   4.92937194e+00 
 	   4.92679558e+00 
 	   4.92420092e+00 
 	   4.92227568e+00 
 	   4.92120067e+00 
 	   4.92041700e+00 
 	   4.91930215e+00 
 	   4.91750785e+00 
 	   4.91487098e+00 
 	   4.91141153e+00 
 	   4.90759999e+00 
 	   4.90450401e+00 
 	   4.90289517e+00 
 	   4.90223829e+00 
 	   4.90142623e+00 
 	   4.89973591e+00 
 	   4.89684427e+00 
 	   4.89267365e+00 
 	   4.88761063e+00 
 	   4.88293474e+00 
 	   4.88022338e+00 
 	   4.87949015e+00 
 	   4.87919609e+00 
 	   4.87798083e+00 
 	   4.87519926e+00 
 	   4.87062642e+00 
 	   4.86448507e+00 
 	   4.85801637e+00 
 	   4.85350665e+00 
 	   4.85212149e+00 
 	   4.85234764e+00 
 	   4.85197370e+00 
 	   4.84974897e+00 
 	   4.84519791e+00 
 	   4.83833833e+00 
 	   4.83016246e+00 
 	   4.82328325e+00 
 	   4.82032975e+00 
 	   4.82069219e+00 
 	   4.82140246e+00 
 	   4.82022299e+00 
 	   4.81621054e+00 
 	   4.80913556e+00 
 	   4.79963234e+00 
 	   4.79017144e+00 
 	   4.78461975e+00 
 	   4.78423349e+00 
 	   4.78596859e+00 
 	   4.78628584e+00 
 	   4.78339535e+00 
 	   4.77670992e+00 
 	   4.76648070e+00 
 	   4.75468282e+00 
 	   4.74574653e+00 
 	   4.74329026e+00 
 	   4.74548218e+00 
 	   4.74757113e+00 
 	   4.74640718e+00 
 	   4.74078862e+00 
 	   4.73057182e+00 
 	   4.71708194e+00 
 	   4.70452649e+00 
 	   4.69855738e+00 
 	   4.69999461e+00 
 	   4.70374484e+00 
 	   4.70484544e+00 
 	   4.70101554e+00 
 	   4.69162432e+00 
 	   4.67734761e+00 
 	   4.66159433e+00 
 	   4.65102685e+00 
 	   4.64993772e+00 
 	   4.65461026e+00 
 	   4.65829076e+00 
 	   4.65696959e+00 
 	   4.64925595e+00 
 	   4.63521978e+00 
 	   4.61723022e+00 
 	   4.60174726e+00 
 	   4.59619442e+00 
 	   4.60025536e+00 
 	   4.60637241e+00 
 	   4.60818625e+00 
 	   4.60301518e+00 
 	   4.59027876e+00 
 	   4.57132891e+00 
 	   4.55151403e+00 
 	   4.54000726e+00 
 	   4.54121020e+00 
 	   4.54888076e+00 
 	   4.55419473e+00 
 	   4.55240202e+00 
 	   4.54201382e+00 
 	   4.52348395e+00 
 	   4.50064881e+00 
 	   4.48269107e+00 
 	   4.47853387e+00 
 	   4.48592704e+00 
 	   4.49458703e+00 
 	   4.49688856e+00 
 	   4.48986597e+00 
 	   4.47311057e+00 
 	   4.44896601e+00 
 	   4.42524913e+00 
 	   4.41372248e+00 
 	   4.41811943e+00 
 	   4.42913481e+00 
 	   4.43595429e+00 
 	   4.43325079e+00 
 	   4.41954592e+00 
 	   4.39589623e+00 
 	   4.36808640e+00 
 	   4.34838520e+00 
 	   4.34667197e+00 
 	   4.35795866e+00 
 	   4.36915410e+00 
 	   4.37157617e+00 
 	   4.36210707e+00 
 	   4.34066233e+00 
 	   4.31095674e+00 
 	   4.28378425e+00 
 	   4.27332465e+00 
 	   4.28172165e+00 
 	   4.29623631e+00 
 	   4.30427339e+00 
 	   4.30011624e+00 
 	   4.28242187e+00 
 	   4.25312136e+00 
 	   4.22046390e+00 
 	   4.19999768e+00 
 	   4.20176392e+00 
 	   4.21731777e+00 
 	   4.23086111e+00 
 	   4.23291429e+00 
 	   4.22034672e+00 
 	   4.19358646e+00 
 	   4.15815564e+00 
 	   4.12826043e+00 
 	   4.12004669e+00 
 	   4.13309229e+00 
 	   4.15106114e+00 
 	   4.15988501e+00 
 	   4.15365279e+00 
 	   4.13130029e+00 
 	   4.09595958e+00 
 	   4.05886224e+00 
 	   4.03880271e+00 
 	   4.04499223e+00 
 	   4.06497540e+00 
 	   4.08051216e+00 
 	   4.08160827e+00 
 	   4.06526386e+00 
 	   4.03264818e+00 
 	   3.99156865e+00 
 	   3.95994705e+00 
 	   3.95516590e+00 
 	   3.97330534e+00 
 	   3.99448940e+00 
 	   4.00354875e+00 
 	   3.99456927e+00 
 	   3.96693111e+00 
 	   3.92534548e+00 
 	   3.88450284e+00 
 	   3.86614334e+00 
 	   3.87753943e+00 
 	   3.90189503e+00 
 	   3.91892433e+00 
 	   3.91840289e+00 
 	   3.89760937e+00 
 	   3.85872621e+00 
 	   3.81234178e+00 
 	   3.78020829e+00 
 	   3.77997043e+00 
 	   3.80341760e+00 
 	   3.82740024e+00 
 	   3.83604930e+00 
 	   3.82362922e+00 
 	   3.79015658e+00 
 	   3.74234254e+00 
 	   3.69872161e+00 
 	   3.68339410e+00 
 	   3.70056621e+00 
 	   3.72902507e+00 
 	   3.74692543e+00 
 	   3.74408200e+00 
 	   3.71820677e+00 
 	   3.67281062e+00 
 	   3.62174359e+00 
 	   3.59046645e+00 
 	   3.59573033e+00 
 	   3.62445764e+00 
 	   3.65066869e+00 
 	   3.65819553e+00 
 	   3.64165106e+00 
 	   3.60191054e+00 
 	   3.54813277e+00 
 	   3.50293770e+00 
 	   3.49192616e+00 
 	   3.51519499e+00 
 	   3.54729444e+00 
 	   3.56535282e+00 
 	   3.55946817e+00 
 	   3.52795188e+00 
 	   3.47599727e+00 
 	   3.42114191e+00 
 	   3.39216488e+00 
 	   3.40367430e+00 
 	   3.43741894e+00 
 	   3.46516422e+00 
 	   3.47082005e+00 
 	   3.44950770e+00 
 	   3.40321556e+00 
 	   3.34400132e+00 
 	   3.29861890e+00 
 	   3.29307701e+00 
 	   3.32249912e+00 
 	   3.35761048e+00 
 	   3.37505289e+00 
 	   3.36542230e+00 
 	   3.32781111e+00 
 	   3.26947850e+00 
 	   3.21197577e+00 
 	   3.18673270e+00 
 	   3.20497279e+00 
 	   3.24325654e+00 
 	   3.27175037e+00 
 	   3.27477881e+00 
 	   3.24812540e+00 
 	   3.19517745e+00 
 	   3.13131630e+00 
 	   3.08724606e+00 
 	   3.08812606e+00 
 	   3.12349670e+00 
 	   3.16085868e+00 
 	   3.17688100e+00 
 	   3.16284279e+00 
 	   3.11881828e+00 
 	   3.05452981e+00 
 	   2.99572408e+00 
 	   2.97555372e+00 
 	   3.00072705e+00 
 	   3.04288642e+00 
 	   3.07128515e+00 
 	   3.07095062e+00 
 	   3.03848171e+00 
 	   2.97897696e+00 
 	   2.91150436e+00 
 	   2.87027866e+00 
 	   2.87827679e+00 
 	   2.91914856e+00 
 	   2.95790365e+00 
 	   2.97170155e+00 
 	   2.95266417e+00 
 	   2.90206933e+00 
 	   2.83249269e+00 
 	   2.77387271e+00 
 	   2.75994100e+00 
 	   2.79196363e+00 
 	   2.83718680e+00 
 	   2.86462183e+00 
 	   2.86023645e+00 
 	   2.82160212e+00 
 	   2.75585839e+00 
 	   2.68602328e+00 
 	   2.64912372e+00 
 	   2.66464545e+00 
 	   2.71035921e+00 
 	   2.74959084e+00 
 	   2.76038788e+00 
 	   2.73585492e+00 
 	   2.67871503e+00 
 	   2.60475408e+00 
 	   2.54788209e+00 
 	   2.54111785e+00 
 	   2.57963351e+00 
 	   2.62700083e+00 
 	   2.65260981e+00 
 	   2.64355810e+00 
 	   2.59855524e+00 
 	   2.52711526e+00 
 	   2.45633270e+00 
 	   2.42510973e+00 
 	   2.44825573e+00 
 	   2.49798006e+00 
 	   2.53674854e+00 
 	   2.54382200e+00 
 	   2.51341435e+00 
 	   2.44995131e+00 
 	   2.37272294e+00 
 	   2.31915726e+00 
 	   2.32020573e+00 
 	   2.36461461e+00 
 	   2.41313988e+00 
 	   2.43609536e+00 
 	   2.42185637e+00 
 	   2.37044649e+00 
 	   2.29407324e+00 
 	   2.22386481e+00 
 	   2.19946665e+00 
 	   2.23003860e+00 
 	   2.28281390e+00 
 	   2.32018992e+00 
 	   2.32289376e+00 
 	   2.28636844e+00 
 	   2.21700748e+00 
 	   2.13780519e+00 
 	   2.08902185e+00 
 	   2.09821845e+00 
 	   2.14771683e+00 
 	   2.19638715e+00 
 	   2.21592198e+00 
 	   2.19608840e+00 
 	   2.13840997e+00 
 	   2.05807072e+00 
 	   1.98999645e+00 
 	   1.97331259e+00 
 	   2.01083605e+00 
 	   2.06562019e+00 
 	   2.10071482e+00 
 	   2.09849953e+00 
 	   2.05576437e+00 
 	   1.98113214e+00 
 	   1.90137808e+00 
 	   1.85869753e+00 
 	   1.87606202e+00 
 	   1.92968861e+00 
 	   1.97750110e+00 
 	   1.99293039e+00 
 	   1.96722416e+00 
 	   1.90359879e+00 
 	   1.82043790e+00 
 	   1.75602430e+00 
 	   1.74764688e+00 
 	   1.79140774e+00 
 	   1.84712039e+00 
 	   1.87911109e+00 
 	   1.87154014e+00 
 	   1.82266391e+00 
 	   1.74357747e+00 
 	   1.66476529e+00 
 	   1.62928939e+00 
 	   1.65453895e+00 
 	   1.71122416e+00 
 	   1.75721851e+00 
 	   1.76795781e+00 
 	   1.73624195e+00 
 	   1.66717371e+00 
 	   1.58247507e+00 
 	   1.52314432e+00 
 	   1.52334921e+00 
 	   1.57243938e+00 
 	   1.62800303e+00 
 	   1.65615537e+00 
 	   1.64291817e+00 
 	   1.58813546e+00 
 	   1.50558204e+00 
 	   1.42921412e+00 
 	   1.40177766e+00 
 	   1.43435597e+00 
 	   1.49297075e+00 
 	   1.53625695e+00 
 	   1.54183671e+00 
 	   1.50412305e+00 
 	   1.43029040e+00 
 	   1.34543121e+00 
 	   1.29243644e+00 
 	   1.30118359e+00 
 	   1.35455195e+00 
 	   1.40892826e+00 
 	   1.43261329e+00 
 	   1.41353435e+00 
 	   1.35324496e+00 
 	   1.26835297e+00 
 	   1.19587594e+00 
 	   1.17701530e+00 
 	   1.21613376e+00 
 	   1.27553557e+00 
 	   1.31531657e+00 
 	   1.31539281e+00 
 	   1.27184526e+00 
 	   1.19408570e+00 
 	   1.11048385e+00 
 	   1.06485481e+00 
 	   1.08180626e+00 
 	   1.13831095e+00 
 	   1.19053155e+00 
 	   1.20923894e+00 
 	   1.18428331e+00 
 	   1.11904571e+00 
 	   1.03304806e+00 
 	   9.65790793e-01 
 	   9.55730932e-01 
 	   1.00041793e+00 
 	   1.05949192e+00 
 	   1.09508120e+00 
 	   1.08944245e+00 
 	   1.04037570e+00 
 	   9.59663148e-01 
 	   8.78721297e-01 
 	   8.41223702e-01 
 	   8.65776224e-01 
 	   9.24235191e-01 
 	   9.73426621e-01 
 	   9.86773693e-01 
 	   9.56048456e-01 
 	   8.86567447e-01 
 	   8.00758618e-01 
 	   7.39876692e-01 
 	   7.38535923e-01 
 	   7.87690095e-01 
 	   8.45384314e-01 
 	   8.76218571e-01 
 	   8.64789196e-01 
 	   8.10662688e-01 
 	   7.28078429e-01 
 	   6.51127901e-01 
 	   6.22238670e-01 
 	   6.53567230e-01 
 	   7.12804695e-01 
 	   7.58207457e-01 
 	   7.65944311e-01 
 	   7.29696245e-01 
 	   6.56804795e-01 
 	   5.72493981e-01 
 	   5.18924017e-01 
 	   5.25934772e-01 
 	   5.78378521e-01 
 	   6.33732634e-01 
 	   6.59379978e-01 
 	   6.42219934e-01 
 	   5.83627136e-01 
 	   5.00325250e-01 
 	   4.28573240e-01 
 	   4.08472175e-01 
 	   4.45580402e-01 
 	   5.04467400e-01 
 	   5.45449453e-01 
 	   5.47460517e-01 
 	   5.06069807e-01 
 	   4.30705647e-01 
 	   3.49168198e-01 
 	   3.03594734e-01 
 	   3.18337455e-01 
 	   3.72867844e-01 
 	   4.25035215e-01 
 	   4.45199108e-01 
 	   4.22500314e-01 
 	   3.60153430e-01 
 	   2.77322240e-01 
 	   2.11805412e-01 
 	   2.00382833e-01 
 	   2.42156514e-01 
 	   2.99644689e-01 
 	   3.35709742e-01 
 	   3.32011931e-01 
 	   2.85982136e-01 
 	   2.09159762e-01 
 	   1.31589677e-01 
 	   9.44260938e-02 
 	   1.16072814e-01 
 	   1.71507495e-01 
 	   2.19770868e-01 
 	   2.34290345e-01 
 	   2.06369762e-01 
 	   1.41080256e-01 
 	   5.99014964e-02 
 	   1.44866094e-03 
 	  -1.67278968e-03 
 	   4.35874351e-02 
 	   9.87356279e-02 
 	   1.29526780e-01 
 	   1.20264557e-01 
 	   7.02089757e-02 
 	  -7.01192422e-03 
 	  -7.95458399e-02 
 	  -1.08161881e-01 
 	  -8.05979605e-02 
 	  -2.53812663e-02 
 	   1.83999888e-02 
 	   2.72464976e-02 
 	  -5.46386612e-03 
 	  -7.28084356e-02 
 	  -1.51200740e-01 
 	  -2.01994884e-01 
 	  -1.97426815e-01 
 	  -1.49873704e-01 
 	  -9.78799970e-02 
 	  -7.25807132e-02 
 	  -8.71431264e-02 
 	  -1.40518380e-01 
 	  -2.17066834e-01 
 	  -2.83658732e-01 
 	  -3.03855965e-01 
 	  -2.71468446e-01 
 	  -2.17499772e-01 
 	  -1.78635177e-01 
 	  -1.75363907e-01 
 	  -2.12329844e-01 
 	  -2.80791957e-01 
 	  -3.55350829e-01 
 	  -3.98139746e-01 
 	  -3.86686089e-01 
 	  -3.38003845e-01 
 	  -2.89839732e-01 
 	  -2.70115367e-01 
 	  -2.89604357e-01 
 	  -3.45520154e-01 
 	  -4.20348705e-01 
 	  -4.80285347e-01 
 	  -4.92437241e-01 
 	  -4.56375231e-01 
 	  -4.04567754e-01 
 	  -3.70910989e-01 
 	  -3.72999670e-01 
 	  -4.13600179e-01 
 	  -4.82220563e-01 
 	  -5.52021613e-01 
 	  -5.86708529e-01 
 	  -5.69318392e-01 
 	  -5.20602925e-01 
 	  -4.76797485e-01 
 	  -4.62603206e-01 
 	  -4.86548423e-01 
 	  -5.44174761e-01 
 	  -6.16293604e-01 
 	  -6.69074438e-01 
 	  -6.73767461e-01 
 	  -6.35187619e-01 
 	  -5.86320438e-01 
 	  -5.58023452e-01 
 	  -5.65150210e-01 
 	  -6.08695095e-01 
 	  -6.76521972e-01 
 	  -7.40793315e-01 
 	  -7.67520953e-01 
 	  -7.45239459e-01 
 	  -6.97488357e-01 
 	  -6.58423363e-01 
 	  -6.49596025e-01 
 	  -6.77445025e-01 
 	  -7.35924848e-01 
 	  -8.04433715e-01 
 	  -8.49780567e-01 
 	  -8.47775059e-01 
 	  -8.07798966e-01 
 	  -7.62506757e-01 
 	  -7.39589716e-01 
 	  -7.51338949e-01 
 	  -7.97088191e-01 
 	  -8.63206404e-01 
 	  -9.21351470e-01 
 	  -9.40481272e-01 
 	  -9.14401255e-01 
 	  -8.68490978e-01 
 	  -8.34404186e-01 
 	  -8.30673965e-01 
 	  -8.61808500e-01 
 	  -9.20282440e-01 
 	  -9.84398719e-01 
 	  -1.02225499e+00 
 	  -1.01444153e+00 
 	  -9.74119690e-01 
 	  -9.32888519e-01 
 	  -9.15249914e-01 
 	  -9.31126714e-01 
 	  -9.78311085e-01 
 	  -1.04186991e+00 
 	  -1.09348208e+00 
 	  -1.10556484e+00 
 	  -1.07678179e+00 
 	  -1.03345230e+00 
 	  -1.00444450e+00 
 	  -1.00544820e+00 
 	  -1.03920177e+00 
 	  -1.09683295e+00 
 	  -1.15591471e+00 
 	  -1.18643461e+00 
 	  -1.17378870e+00 
 	  -1.13407189e+00 
 	  -1.09724036e+00 
 	  -1.08466919e+00 
 	  -1.10411498e+00 
 	  -1.15195736e+00 
 	  -1.21219579e+00 
 	  -1.25706434e+00 
 	  -1.26280451e+00 
 	  -1.23237663e+00 
 	  -1.19222288e+00 
 	  -1.16826797e+00 
 	  -1.17356356e+00 
 	  -1.20923986e+00 
 	  -1.26523787e+00 
 	  -1.31880069e+00 
 	  -1.34232973e+00 
 	  -1.32586730e+00 
 	  -1.28758544e+00 
 	  -1.25535028e+00 
 	  -1.24753985e+00 
 	  -1.26994889e+00 
 	  -1.31768558e+00 
 	  -1.37395404e+00 
 	  -1.41206134e+00 
 	  -1.41227753e+00 
 	  -1.38119204e+00 
 	  -1.34466161e+00 
 	  -1.32561897e+00 
 	  -1.33470109e+00 
 	  -1.37159280e+00 
 	  -1.42523593e+00 
 	  -1.47296291e+00 
 	  -1.49001111e+00 
 	  -1.47074705e+00 
 	  -1.43459537e+00 
 	  -1.40702063e+00 
 	  -1.40358342e+00 
 	  -1.42831985e+00 
 	  -1.47522133e+00 
 	  -1.52699872e+00 
 	  -1.55850926e+00 
 	  -1.55409327e+00 
 	  -1.52323976e+00 
 	  -1.49063572e+00 
 	  -1.47626433e+00 
 	  -1.48858031e+00 
 	  -1.52598785e+00 
 	  -1.57664271e+00 
 	  -1.61838714e+00 
 	  -1.62959705e+00 
 	  -1.60850844e+00 
 	  -1.57504039e+00 
 	  -1.55206935e+00 
 	  -1.55255269e+00 
 	  -1.57896764e+00 
 	  -1.62435798e+00 
 	  -1.67126352e+00 
 	  -1.69650564e+00 
 	  -1.68838231e+00 
 	  -1.65853328e+00 
 	  -1.63002133e+00 
 	  -1.61999501e+00 
 	  -1.63496113e+00 
 	  -1.67221085e+00 
 	  -1.71934855e+00 
 	  -1.75512953e+00 
 	  -1.76124095e+00 
 	  -1.73923607e+00 
 	  -1.70886218e+00 
 	  -1.69033136e+00 
 	  -1.69423337e+00 
 	  -1.72168195e+00 
 	  -1.76495618e+00 
 	  -1.80675540e+00 
 	  -1.82619720e+00 
 	  -1.81528689e+00 
 	  -1.78708527e+00 
 	  -1.76270437e+00 
 	  -1.75662770e+00 
 	  -1.77364537e+00 
 	  -1.81010656e+00 
 	  -1.85331490e+00 
 	  -1.88330619e+00 
 	  -1.88511975e+00 
 	  -1.86301362e+00 
 	  -1.83600548e+00 
 	  -1.82165997e+00 
 	  -1.82844560e+00 
 	  -1.85630313e+00 
 	  -1.89694212e+00 
 	  -1.93354690e+00 
 	  -1.94776766e+00 
 	  -1.93495307e+00 
 	  -1.90890616e+00 
 	  -1.88858165e+00 
 	  -1.88600618e+00 
 	  -1.90447768e+00 
 	  -1.93957807e+00 
 	  -1.97856907e+00 
 	  -2.00308209e+00 
 	  -2.00142356e+00 
 	  -1.97992017e+00 
 	  -1.95641857e+00 
 	  -1.94592822e+00 
 	  -1.95504493e+00 
 	  -1.98272226e+00 
 	  -2.02030429e+00 
 	  -2.05176708e+00 
 	  -2.06142621e+00 
 	  -2.04752428e+00 
 	  -2.02400352e+00 
 	  -2.00756208e+00 
 	  -2.00800240e+00 
 	  -2.02734596e+00 
 	  -2.06058502e+00 
 	  -2.09519767e+00 
 	  -2.11465972e+00 
 	  -2.11034672e+00 
 	  -2.09002778e+00 
 	  -2.07005409e+00 
 	  -2.06302995e+00 
 	  -2.07392294e+00 
 	  -2.10088023e+00 
 	  -2.13508909e+00 
 	  -2.16159168e+00 
 	  -2.16739665e+00 
 	  -2.15313649e+00 
 	  -2.13238206e+00 
 	  -2.11956777e+00 
 	  -2.12251724e+00 
 	  -2.14218103e+00 
 	  -2.17314079e+00 
 	  -2.20333890e+00 
 	  -2.21826786e+00 
 	  -2.21208019e+00 
 	  -2.19340009e+00 
 	  -2.17687005e+00 
 	  -2.17288077e+00 
 	  -2.18500724e+00 
 	  -2.21076607e+00 
 	  -2.24139520e+00 
 	  -2.26323281e+00 
 	  -2.26590778e+00 
 	  -2.25191466e+00 
 	  -2.23404413e+00 
 	  -2.22453509e+00 
 	  -2.22948080e+00 
 	  -2.24895563e+00 
 	  -2.27730859e+00 
 	  -2.30317385e+00 
 	  -2.31415082e+00 
 	  -2.30680558e+00 
 	  -2.29009165e+00 
 	  -2.27683080e+00 
 	  -2.27541853e+00 
 	  -2.28826104e+00 
 	  -2.31241433e+00 
 	  -2.33936685e+00 
 	  -2.35692837e+00 
 	  -2.35718495e+00 
 	  -2.34397042e+00 
 	  -2.32899044e+00 
 	  -2.32241538e+00 
 	  -2.32885234e+00 
 	  -2.34768274e+00 
 	  -2.37319659e+00 
 	  -2.39491729e+00 
 	  -2.40255855e+00 
 	  -2.39469049e+00 
 	  -2.38014801e+00 
 	  -2.36990798e+00 
 	  -2.37060364e+00 
 	  -2.38368201e+00 
 	  -2.40590158e+00 
 	  -2.42918634e+00 
 	  -2.44293183e+00 
 	  -2.44144307e+00 
 	  -2.42940065e+00 
 	  -2.41722098e+00 
 	  -2.41317557e+00 
 	  -2.42061962e+00 
 	  -2.43841306e+00 
 	  -2.46095206e+00 
 	  -2.47880809e+00 
 	  -2.48373774e+00 
 	  -2.47588512e+00 
 	  -2.46360613e+00 
 	  -2.45608136e+00 
 	  -2.45841880e+00 
 	  -2.47130065e+00 
 	  -2.49134205e+00 
 	  -2.51106583e+00 
 	  -2.52150243e+00 
 	  -2.51888096e+00 
 	  -2.50828695e+00 
 	  -2.49873592e+00 
 	  -2.49679833e+00 
 	  -2.50479786e+00 
 	  -2.52123195e+00 
 	  -2.54075483e+00 
 	  -2.55509959e+00 
 	  -2.55792405e+00 
 	  -2.55052007e+00 
 	  -2.54049514e+00 
 	  -2.53533938e+00 
 	  -2.53886852e+00 
 	  -2.55117799e+00 
 	  -2.56888262e+00 
 	  -2.58523876e+00 
 	  -2.59289611e+00 
 	  -2.58967697e+00 
 	  -2.58069572e+00 
 	  -2.57353649e+00 
 	  -2.57328203e+00 
 	  -2.58142820e+00 
 	  -2.59625551e+00 
 	  -2.61281013e+00 
 	  -2.62405035e+00 
 	  -2.62533573e+00 
 	  -2.61870516e+00 
 	  -2.61083723e+00 
 	  -2.60767955e+00 
 	  -2.61197810e+00 
 	  -2.62340279e+00 
 	  -2.63869703e+00 
 	  -2.65195112e+00 
 	  -2.65735753e+00 
 	  -2.65398599e+00 
 	  -2.64667868e+00 
 	  -2.64162575e+00 
 	  -2.64264030e+00 
 	  -2.65057560e+00 
 	  -2.66362618e+00 
 	  -2.67734093e+00 
 	  -2.68591526e+00 
 	  -2.68616847e+00 
 	  -2.68052891e+00 
 	  -2.67464866e+00 
 	  -2.67310852e+00 
 	  -2.67779228e+00 
 	  -2.68808811e+00 
 	  -2.70097962e+00 
 	  -2.71145278e+00 
 	  -2.71511306e+00 
 	  -2.71193742e+00 
 	  -2.70627372e+00 
 	  -2.70300913e+00 
 	  -2.70490127e+00 
 	  -2.71232641e+00 
 	  -2.72350775e+00 
 	  -2.73458016e+00 
 	  -2.74093756e+00 
 	  -2.74059147e+00 
 	  -2.73605886e+00 
 	  -2.73194066e+00 
 	  -2.73164195e+00 
 	  -2.73637350e+00 
 	  -2.74536752e+00 
 	  -2.75593868e+00 
 	  -2.76398920e+00 
 	  -2.76636510e+00 
 	  -2.76363423e+00 
 	  -2.75950594e+00 
 	  -2.75769486e+00 
 	  -2.76010651e+00 
 	  -2.76678546e+00 
 	  -2.77607990e+00 
 	  -2.78476283e+00 
 	  -2.78934165e+00 
 	  -2.78874487e+00 
 	  -2.78534229e+00 
 	  -2.78272035e+00 
 	  -2.78330405e+00 
 	  -2.78779984e+00 
 	  -2.79539077e+00 
 	  -2.80378952e+00 
 	  -2.80979364e+00 
 	  -2.81128753e+00 
 	  -2.80915280e+00 
 	  -2.80638890e+00 
 	  -2.80569417e+00 
 	  -2.80830972e+00 
 	  -2.81407273e+00 
 	  -2.82153246e+00 
 	  -2.82811839e+00 
 	  -2.83132709e+00 
 	  -2.83073813e+00 
 	  -2.82840733e+00 
 	  -2.82699153e+00 
 	  -2.82812697e+00 
 	  -2.83216257e+00 
 	  -2.83831917e+00 
 	  -2.84474750e+00 
 	  -2.84908011e+00 
 	  -2.85002249e+00 
 	  -2.84854354e+00 
 	  -2.84692577e+00 
 	  -2.84702131e+00 
 	  -2.84957503e+00 
 	  -2.85431983e+00 
 	  -2.86005940e+00 
 	  -2.86486347e+00 
 	  -2.86706360e+00 
 	  -2.86664952e+00 
 	  -2.86526435e+00 
 	  -2.86475533e+00 
 	  -2.86614988e+00 
 	  -2.86956355e+00 
 	  -2.87432064e+00 
 	  -2.87902117e+00 
 	  -2.88203728e+00 
 	  -2.88267826e+00 
 	  -2.88183196e+00 
 	  -2.88111066e+00 
 	  -2.88169342e+00 
 	  -2.88397528e+00 
 	  -2.88766608e+00 
 	  -2.89185274e+00 
 	  -2.89519515e+00 
 	  -2.89668741e+00 
 	  -2.89652646e+00 
 	  -2.89590763e+00 
 	  -2.89601083e+00 
 	  -2.89741797e+00 
 	  -2.90011227e+00 
 	  -2.90356470e+00 
 	  -2.90680561e+00 
 	  -2.90882334e+00 
 	  -2.90932834e+00 
 	  -2.90902031e+00 
 	  -2.90892976e+00 
 	  -2.90973022e+00 
 	  -2.91158989e+00 
 	  -2.91425445e+00 
 	  -2.91709653e+00 
 	  -2.91928504e+00 
 	  -2.92029872e+00 
 	  -2.92038660e+00 
 	  -2.92031702e+00 
 	  -2.92075544e+00 
 	  -2.92198119e+00 
 	  -2.92392279e+00 
 	  -2.92621718e+00 
 	  -2.92827629e+00 
 	  -2.92956205e+00 
 	  -2.93001152e+00 
 	  -2.93008951e+00 
 	  -2.93036262e+00 
 	  -2.93115359e+00 
 	  -2.93250276e+00 
 	  -2.93422740e+00 
 	  -2.93596095e+00 
 	  -2.93727417e+00 
 	  -2.93796040e+00 
 	  -2.93821953e+00 
 	  -2.93845981e+00 
 	  -2.93898536e+00 
 	  -2.93989298e+00 
 	  -2.94111051e+00 
 	  -2.94243518e+00 
 	  -2.94358344e+00 
 	  -2.94433987e+00 
 	  -2.94473287e+00 
 	  -2.94500141e+00 
 	  -2.94538322e+00 
 	  -2.94598710e+00 
 	  -2.94679994e+00 
 	  -2.94772256e+00 
 	  -2.94859684e+00 
 	  -2.94926895e+00 
 	  -2.94969776e+00 
 	  -2.94998912e+00 
 	  -2.95029256e+00 
 	  -2.95069583e+00 
 	  -2.95120879e+00 
 	  -2.95178888e+00 
 	  -2.95236192e+00 
 	  -2.95284723e+00 
 	  -2.95320441e+00 
 	  -2.95346554e+00 
 	  -2.95370119e+00 
 	  -2.95396113e+00 
 	  -2.95425537e+00 
 	  -2.95456725e+00 
 	  -2.95486851e+00 
 	  -2.95513053e+00 
 	  -2.95533814e+00 
 	  -2.95549948e+00 
 	  -2.95563615e+00 
 	  -2.95576308e+00 
 	  -2.95588139e+00 
 	  -2.95598465e+00 
 	  -2.95606599e+00 
 	  -2.95612202e+00 
 	  -2.95615372e+00 
 	  -2.95616394e+00 
 	  -2.95615335e+00 
 	  -2.95611997e+00 
 	  -2.95606261e+00 
 	  -2.95598349e+00 
 	  -2.95588788e+00 
 	  -2.95578057e+00 
 	  -2.95565941e+00 
 	  -2.95551110e+00 
 	  -2.95531940e+00 
 	  -2.95508141e+00 
 	  -2.95481226e+00 
 	  -2.95453611e+00 
 	  -2.95427559e+00 
 	  -2.95404127e+00 
 	  -2.95381696e+00 
 	  -2.95355189e+00 
 	  -2.95318815e+00 
 	  -2.95271385e+00 
 	  -2.95217754e+00 
 	  -2.95165166e+00 
 	  -2.95119634e+00 
 	  -2.95083989e+00 
 	  -2.95055681e+00 
 	  -2.95024811e+00 
 	  -2.94977705e+00 
 	  -2.94907930e+00 
 	  -2.94822895e+00 
 	  -2.94737608e+00 
 	  -2.94665376e+00 
 	  -2.94613411e+00 
 	  -2.94580218e+00 
 	  -2.94552111e+00 
 	  -2.94505165e+00 
 	  -2.94420996e+00 
 	  -2.94304199e+00 
 	  -2.94178507e+00 
 	  -2.94069105e+00 
 	  -2.93991790e+00 
 	  -2.93949377e+00 
 	  -2.93927422e+00 
 	  -2.93892558e+00 
 	  -2.93808571e+00 
 	  -2.93667231e+00 
 	  -2.93496967e+00 
 	  -2.93338751e+00 
 	  -2.93222799e+00 
 	  -2.93160861e+00 
 	  -2.93142094e+00 
 	  -2.93127825e+00 
 	  -2.93062306e+00 
 	  -2.92912833e+00 
 	  -2.92701407e+00 
 	  -2.92484798e+00 
 	  -2.92314340e+00 
 	  -2.92217052e+00 
 	  -2.92191002e+00 
 	  -2.92198529e+00 
 	  -2.92168305e+00 
 	  -2.92034896e+00 
 	  -2.91796709e+00 
 	  -2.91518488e+00 
 	  -2.91277841e+00 
 	  -2.91125247e+00 
 	  -2.91074177e+00 
 	  -2.91095153e+00 
 	  -2.91109877e+00 
 	  -2.91019663e+00 
 	  -2.90781198e+00 
 	  -2.90449208e+00 
 	  -2.90126873e+00 
 	  -2.89897212e+00 
 	  -2.89797425e+00 
 	  -2.89813672e+00 
 	  -2.89871495e+00 
 	  -2.89847311e+00 
 	  -2.89644368e+00 
 	  -2.89281242e+00 
 	  -2.88875006e+00 
 	  -2.88548142e+00 
 	  -2.88372100e+00 
 	  -2.88356895e+00 
 	  -2.88442684e+00 
 	  -2.88495775e+00 
 	  -2.88366492e+00 
 	  -2.88010398e+00 
 	  -2.87532821e+00 
 	  -2.87094959e+00 
 	  -2.86814240e+00 
 	  -2.86734600e+00 
 	  -2.86820723e+00 
 	  -2.86945800e+00 
 	  -2.86920979e+00 
 	  -2.86621567e+00 
 	  -2.86104230e+00 
 	  -2.85553857e+00 
 	  -2.85143176e+00 
 	  -2.84962758e+00 
 	  -2.85011664e+00 
 	  -2.85185604e+00 
 	  -2.85279378e+00 
 	  -2.85088523e+00 
 	  -2.84582688e+00 
 	  -2.83936942e+00 
 	  -2.83379542e+00 
 	  -2.83062210e+00 
 	  -2.83029878e+00 
 	  -2.83213797e+00 
 	  -2.83417728e+00 
 	  -2.83376990e+00 
 	  -2.82948440e+00 
 	  -2.82248128e+00 
 	  -2.81542531e+00 
 	  -2.81056900e+00 
 	  -2.80896643e+00 
 	  -2.81040079e+00 
 	  -2.81322242e+00 
 	  -2.81450892e+00 
 	  -2.81168351e+00 
 	  -2.80478848e+00 
 	  -2.79646211e+00 
 	  -2.78971624e+00 
 	  -2.78638253e+00 
 	  -2.78684085e+00 
 	  -2.78992638e+00 
 	  -2.79280240e+00 
 	  -2.79199554e+00 
 	  -2.78604869e+00 
 	  -2.77694991e+00 
 	  -2.76829032e+00 
 	  -2.76283868e+00 
 	  -2.76173186e+00 
 	  -2.76442529e+00 
 	  -2.76848160e+00 
 	  -2.76996970e+00 
 	  -2.76585926e+00 
 	  -2.75678797e+00 
 	  -2.74645667e+00 
 	  -2.73862978e+00 
 	  -2.73539923e+00 
 	  -2.73697476e+00 
 	  -2.74154899e+00 
 	  -2.74522949e+00 
 	  -2.74369776e+00 
 	  -2.73569299e+00 
 	  -2.72427035e+00 
 	  -2.71402219e+00 
 	  -2.70819379e+00 
 	  -2.70791814e+00 
 	  -2.71218035e+00 
 	  -2.71756028e+00 
 	  -2.71900919e+00 
 	  -2.71319145e+00 
 	  -2.70162222e+00 
 	  -2.68921190e+00 
 	  -2.68046376e+00 
 	  -2.67765242e+00 
 	  -2.68069636e+00 
 	  -2.68695994e+00 
 	  -2.69132173e+00 
 	  -2.68866147e+00 
 	  -2.67819421e+00 
 	  -2.66427178e+00 
 	  -2.65252132e+00 
 	  -2.64659608e+00 
 	  -2.64751916e+00 
 	  -2.65364112e+00 
 	  -2.66035572e+00 
 	  -2.66143043e+00 
 	  -2.65344526e+00 
 	  -2.63909229e+00 
 	  -2.62459928e+00 
 	  -2.61515802e+00 
 	  -2.61312750e+00 
 	  -2.61799381e+00 
 	  -2.62608966e+00 
 	  -2.63091112e+00 
 	  -2.62665135e+00 
 	  -2.61332889e+00 
 	  -2.59679575e+00 
 	  -2.58370282e+00 
 	  -2.57801723e+00 
 	  -2.58052794e+00 
 	  -2.58876627e+00 
 	  -2.59673593e+00 
 	  -2.59701096e+00 
 	  -2.58637944e+00 
 	  -2.56900975e+00 
 	  -2.55250683e+00 
 	  -2.54266635e+00 
 	  -2.54181517e+00 
 	  -2.54884643e+00 
 	  -2.55884422e+00 
 	  -2.56380122e+00 
 	  -2.55741884e+00 
 	  -2.54088049e+00 
 	  -2.52170112e+00 
 	  -2.50749923e+00 
 	  -2.50243964e+00 
 	  -2.50693610e+00 
 	  -2.51749684e+00 
 	  -2.52654086e+00 
 	  -2.52550860e+00 
 	  -2.51175420e+00 
 	  -2.49120291e+00 
 	  -2.47284274e+00 
 	  -2.46295810e+00 
 	  -2.46371146e+00 
 	  -2.47322362e+00 
 	  -2.48510514e+00 
 	  -2.48977130e+00 
 	  -2.48070987e+00 
 	  -2.46064671e+00 
 	  -2.43886879e+00 
 	  -2.42386279e+00 
 	  -2.41985712e+00 
 	  -2.42673306e+00 
 	  -2.43975544e+00 
 	  -2.44958457e+00 
 	  -2.44666833e+00 
 	  -2.42933937e+00 
 	  -2.40552261e+00 
 	  -2.38553851e+00 
 	  -2.37601938e+00 
 	  -2.37881749e+00 
 	  -2.39108384e+00 
 	  -2.40473001e+00 
 	  -2.40858158e+00 
 	  -2.39627338e+00 
 	  -2.37244657e+00 
 	  -2.34820576e+00 
 	  -2.33276744e+00 
 	  -2.33027514e+00 
 	  -2.33990522e+00 
 	  -2.35544574e+00 
 	  -2.36565859e+00 
 	  -2.36023026e+00 
 	  -2.33892260e+00 
 	  -2.31184760e+00 
 	  -2.29055167e+00 
 	  -2.28185401e+00 
 	  -2.28713902e+00 
 	  -2.30237366e+00 
 	  -2.31755401e+00 
 	  -2.31997985e+00 
 	  -2.30387015e+00 
 	  -2.27612712e+00 
 	  -2.24964890e+00 
 	  -2.23421025e+00 
 	  -2.23371094e+00 
 	  -2.24643502e+00 
 	  -2.26445262e+00 
 	  -2.27453655e+00 
 	  -2.26593839e+00 
 	  -2.24031740e+00 
 	  -2.21008936e+00 
 	  -2.18786801e+00 
 	  -2.18048407e+00 
 	  -2.18868581e+00 
 	  -2.20702712e+00 
 	  -2.22339240e+00 
 	  -2.22370920e+00 
 	  -2.20328189e+00 
 	  -2.17156959e+00 
 	  -2.14316793e+00 
 	  -2.12821262e+00 
 	  -2.13019327e+00 
 	  -2.14630005e+00 
 	  -2.16664297e+00 
 	  -2.17598009e+00 
 	  -2.16355009e+00 
 	  -2.13337079e+00 
 	  -2.10019618e+00 
 	  -2.07750326e+00 
 	  -2.07195006e+00 
 	  -2.08347079e+00 
 	  -2.10496537e+00 
 	  -2.12204431e+00 
 	  -2.11951689e+00 
 	  -2.09432026e+00 
 	  -2.05869488e+00 
 	  -2.02876791e+00 
 	  -2.01482087e+00 
 	  -2.01976184e+00 
 	  -2.03947216e+00 
 	  -2.06186737e+00 
 	  -2.06974614e+00 
 	  -2.05284594e+00 
 	  -2.01797037e+00 
 	  -1.98215666e+00 
 	  -1.95950432e+00 
 	  -1.95631083e+00 
 	  -1.97150916e+00 
 	  -1.99609694e+00 
 	  -2.01329776e+00 
 	  -2.00716410e+00 
 	  -1.97683557e+00 
 	  -1.93746827e+00 
 	  -1.90649104e+00 
 	  -1.89410650e+00 
 	  -1.90246659e+00 
 	  -1.92591689e+00 
 	  -1.94996289e+00 
 	  -1.95559543e+00 
 	  -1.93363968e+00 
 	  -1.89405061e+00 
 	  -1.85600230e+00 
 	  -1.83394988e+00 
 	  -1.83364301e+00 
 	  -1.85281743e+00 
 	  -1.88031859e+00 
 	  -1.89693606e+00 
 	  -1.88643631e+00 
 	  -1.85072487e+00 
 	  -1.80790318e+00 
 	  -1.77641784e+00 
 	  -1.76616603e+00 
 	  -1.77836676e+00 
 	  -1.80559312e+00 
 	  -1.83075703e+00 
 	  -1.83330223e+00 
 	  -1.80578801e+00 
 	  -1.76159817e+00 
 	  -1.72180938e+00 
 	  -1.70095055e+00 
 	  -1.70404030e+00 
 	  -1.72741256e+00 
 	  -1.75751715e+00 
 	  -1.77274568e+00 
 	  -1.75715416e+00 
 	  -1.71593916e+00 
 	  -1.67006408e+00 
 	  -1.63866767e+00 
 	  -1.63112044e+00 
 	  -1.64752986e+00 
 	  -1.67845337e+00 
 	  -1.70407309e+00 
 	  -1.70266493e+00 
 	  -1.66919980e+00 
 	  -1.62065623e+00 
 	  -1.57970003e+00 
 	  -1.56064861e+00 
 	  -1.56761243e+00 
 	  -1.59531129e+00 
 	  -1.62757239e+00 
 	  -1.64052548e+00 
 	  -1.61918419e+00 
 	  -1.57248960e+00 
 	  -1.52406833e+00 
 	  -1.49339869e+00 
 	  -1.48911424e+00 
 	  -1.51003054e+00 
 	  -1.54444468e+00 
 	  -1.56973699e+00 
 	  -1.56351750e+00 
 	  -1.52384447e+00 
 	  -1.47132757e+00 
 	  -1.42984255e+00 
 	  -1.41321713e+00 
 	  -1.42448401e+00 
 	  -1.45652981e+00 
 	  -1.49036114e+00 
 	  -1.50009717e+00 
 	  -1.47244935e+00 
 	  -1.42045244e+00 
 	  -1.37008714e+00 
 	  -1.34080719e+00 
 	  -1.34031434e+00 
 	  -1.36594971e+00 
 	  -1.40351049e+00 
 	  -1.42758563e+00 
 	  -1.41574107e+00 
 	  -1.36975929e+00 
 	  -1.31377659e+00 
 	  -1.27245098e+00 
 	  -1.25885893e+00 
 	  -1.27479325e+00 
 	  -1.31108401e+00 
 	  -1.34576295e+00 
 	  -1.35131680e+00 
 	  -1.31693865e+00 
 	  -1.25997263e+00 
 	  -1.20834556e+00 
 	  -1.18112653e+00 
 	  -1.18490864e+00 
 	  -1.21537373e+00 
 	  -1.25559360e+00 
 	  -1.27747670e+00 
 	  -1.25927560e+00 
 	  -1.20705517e+00 
 	  -1.14823005e+00 
 	  -1.10778410e+00 
 	  -1.09780506e+00 
 	  -1.11869071e+00 
 	  -1.15899046e+00 
 	  -1.19366718e+00 
 	  -1.19408704e+00 
 	  -1.15271575e+00 
 	  -1.09126591e+00 
 	  -1.03912165e+00 
 	  -1.01462555e+00 
 	  -1.02310454e+00 
 	  -1.05839411e+00 
 	  -1.10064049e+00 
 	  -1.11929984e+00 
 	  -1.09413095e+00 
 	  -1.03592097e+00 
 	  -9.74976744e-01 
 	  -9.36143742e-01 
 	  -9.30313112e-01 
 	  -9.56338259e-01 
 	  -1.00026828e+00 
 	  -1.03398178e+00 
 	  -1.02836965e+00 
 	  -9.79926043e-01 
 	  -9.14619548e-01 
 	  -8.62744797e-01 
 	  -8.41606716e-01 
 	  -8.55127432e-01 
 	  -8.95107753e-01 
 	  -9.38607069e-01 
 	  -9.52988933e-01 
 	  -9.20396937e-01 
 	  -8.56626027e-01 
 	  -7.94366037e-01 
 	  -7.57872725e-01 
 	  -7.56665433e-01 
 	  -7.87908240e-01 
 	  -8.34942208e-01 
 	  -8.66643625e-01 
 	  -8.54197852e-01 
 	  -7.98801903e-01 
 	  -7.30391582e-01 
 	  -6.79593442e-01 
 	  -6.62403968e-01 
 	  -6.81219251e-01 
 	  -7.25617974e-01 
 	  -7.69466123e-01 
 	  -7.78535091e-01 
 	  -7.38251901e-01 
 	  -6.69520882e-01 
 	  -6.06805532e-01 
 	  -5.73352347e-01 
 	  -5.77167207e-01 
 	  -6.13583165e-01 
 	  -6.63047086e-01 
 	  -6.91630269e-01 
 	  -6.71687904e-01 
 	  -6.09665952e-01 
 	  -5.39008777e-01 
 	  -4.90092199e-01 
 	  -4.77380440e-01 
 	  -5.01637307e-01 
 	  -5.50036503e-01 
 	  -5.93216387e-01 
 	  -5.95999923e-01 
 	  -5.47969394e-01 
 	  -4.75036304e-01 
 	  -4.12757875e-01 
 	  -3.82999643e-01 
 	  -3.92144688e-01 
 	  -4.33556018e-01 
 	  -4.84633770e-01 
 	  -5.08972825e-01 
 	  -4.81049401e-01 
 	  -4.12932162e-01 
 	  -3.40963406e-01 
 	  -2.94708578e-01 
 	  -2.86926125e-01 
 	  -3.16653462e-01 
 	  -3.68486688e-01 
 	  -4.09893263e-01 
 	  -4.05528454e-01 
 	  -3.49922551e-01 
 	  -2.73680601e-01 
 	  -2.12736929e-01 
 	  -1.87264478e-01 
 	  -2.01943585e-01 
 	  -2.48031377e-01 
 	  -2.99776777e-01 
 	  -3.18769586e-01 
 	  -2.82593627e-01 
 	  -2.09104781e-01 
 	  -1.36808998e-01 
 	  -9.39494034e-02 
 	  -9.14556170e-02 
 	  -1.26553846e-01 
 	  -1.81108071e-01 
 	  -2.19580987e-01 
 	  -2.07361051e-01 
 	  -1.44585965e-01 
 	  -6.60354364e-02 
 	  -7.30343939e-03 
 	   1.33733999e-02 
 	  -6.92779606e-03 
 	  -5.72275729e-02 
 	  -1.08583586e-01 
 	  -1.21199803e-01 
 	  -7.67395219e-02 
 	   1.22485961e-03 
 	   7.28447008e-02 
 	   1.11642915e-01 
 	   1.08593967e-01 
 	   6.83607302e-02 
 	   1.19374968e-02 
 	  -2.24259287e-02 
 	  -1.84365885e-03 
 	   6.74651037e-02 
 	   1.47249639e-01 
 	   2.02939611e-01 
 	   2.18407221e-01 
 	   1.92521414e-01 
 	   1.38619963e-01 
 	   8.87944245e-02 
 	   8.34630720e-02 
 	   1.35983197e-01 
 	   2.17383481e-01 
 	   2.87337378e-01 
 	   3.21494132e-01 
 	   3.12764760e-01 
 	   2.67773494e-01 
 	   2.10458108e-01 
 	   1.81349464e-01 
 	   2.10564357e-01 
 	   2.85558158e-01 
 	   3.65463704e-01 
 	   4.17351808e-01 
 	   4.27305861e-01 
 	   3.96005616e-01 
 	   3.39253983e-01 
 	   2.92149639e-01 
 	   2.94839447e-01 
 	   3.54934026e-01 
 	   4.38622677e-01 
 	   5.05964177e-01 
 	   5.35001815e-01 
 	   5.20579493e-01 
 	   4.71349401e-01 
 	   4.14222413e-01 
 	   3.91432719e-01 
 	   4.29285355e-01 
 	   5.08929405e-01 
 	   5.87841737e-01 
 	   6.35260115e-01 
 	   6.39516202e-01 
 	   6.03108676e-01 
 	   5.44389212e-01 
 	   5.01204821e-01 
 	   5.12433792e-01 
 	   5.79364903e-01 
 	   6.64127116e-01 
 	   7.27981882e-01 
 	   7.51538758e-01 
 	   7.31542289e-01 
 	   6.78731634e-01 
 	   6.22948710e-01 
 	   6.07408190e-01 
 	   6.53622059e-01 
 	   7.36731921e-01 
 	   8.13572360e-01 
 	   8.55963517e-01 
 	   8.54465070e-01 
 	   8.13395327e-01 
 	   7.53704613e-01 
 	   7.15599257e-01 
 	   7.35627784e-01 
 	   8.08426609e-01 
 	   8.93023755e-01 
 	   9.52615077e-01 
 	   9.70456065e-01 
 	   9.45138799e-01 
 	   8.89536816e-01 
 	   8.36292757e-01 
 	   8.28745608e-01 
 	   8.82759988e-01 
 	   9.68045683e-01 
 	   1.04180578e+00 
 	   1.07873740e+00 
 	   1.07156065e+00 
 	   1.02640872e+00 
 	   9.66834137e-01 
 	   9.34875158e-01 
 	   9.63677120e-01 
 	   1.04117808e+00 
 	   1.12439169e+00 
 	   1.17906209e+00 
 	   1.19108578e+00 
 	   1.16083555e+00 
 	   1.10334883e+00 
 	   1.05383478e+00 
 	   1.05479129e+00 
 	   1.11577377e+00 
 	   1.20188899e+00 
 	   1.27166164e+00 
 	   1.30283753e+00 
 	   1.29019331e+00 
 	   1.24166688e+00 
 	   1.18335616e+00 
 	   1.15846521e+00 
 	   1.19571254e+00 
 	   1.27659825e+00 
 	   1.35727225e+00 
 	   1.40650056e+00 
 	   1.41274303e+00 
 	   1.37807845e+00 
 	   1.31971131e+00 
 	   1.27506625e+00 
 	   1.28476295e+00 
 	   1.35163717e+00 
 	   1.43723082e+00 
 	   1.50223663e+00 
 	   1.52750351e+00 
 	   1.50973564e+00 
 	   1.45865795e+00 
 	   1.40278193e+00 
 	   1.38568235e+00 
 	   1.43074540e+00 
 	   1.51359981e+00 
 	   1.59067906e+00 
 	   1.63409253e+00 
 	   1.63472747e+00 
 	   1.59629027e+00 
 	   1.53811883e+00 
 	   1.49937736e+00 
 	   1.51774886e+00 
 	   1.58923648e+00 
 	   1.67300351e+00 
 	   1.73261157e+00 
 	   1.75196172e+00 
 	   1.72954186e+00 
 	   1.67683431e+00 
 	   1.62454350e+00 
 	   1.61571273e+00 
 	   1.66767776e+00 
 	   1.75104441e+00 
 	   1.82360760e+00 
 	   1.86098895e+00 
 	   1.85632419e+00 
 	   1.81486725e+00 
 	   1.75800716e+00 
 	   1.72604609e+00 
 	   1.75271206e+00 
 	   1.82738660e+00 
 	   1.90811551e+00 
 	   1.96185780e+00 
 	   1.97542757e+00 
 	   1.94894628e+00 
 	   1.89560554e+00 
 	   1.84798195e+00 
 	   1.84761305e+00 
 	   1.90531677e+00 
 	   1.98775838e+00 
 	   2.05504423e+00 
 	   2.08633346e+00 
 	   2.07680383e+00 
 	   2.03317462e+00 
 	   1.97874286e+00 
 	   1.95423007e+00 
 	   1.98849981e+00 
 	   2.06484910e+00 
 	   2.14146343e+00 
 	   2.18904298e+00 
 	   2.19710713e+00 
 	   2.16726103e+00 
 	   2.11433058e+00 
 	   2.07233673e+00 
 	   2.08031298e+00 
 	   2.14239271e+00 
 	   2.22254858e+00 
 	   2.28397430e+00 
 	   2.30926557e+00 
 	   2.29542204e+00 
 	   2.25054129e+00 
 	   2.19961297e+00 
 	   2.18296238e+00 
 	   2.22385819e+00 
 	   2.30035140e+00 
 	   2.37194341e+00 
 	   2.41323588e+00 
 	   2.41619807e+00 
 	   2.38377291e+00 
 	   2.33230924e+00 
 	   2.29673727e+00 
 	   2.31262338e+00 
 	   2.37757984e+00 
 	   2.45421758e+00 
 	   2.50938927e+00 
 	   2.52892305e+00 
 	   2.51141815e+00 
 	   2.46625383e+00 
 	   2.41981538e+00 
 	   2.41115229e+00 
 	   2.45745144e+00 
 	   2.53260618e+00 
 	   2.59846124e+00 
 	   2.63351050e+00 
 	   2.63188995e+00 
 	   2.59773965e+00 
 	   2.54877374e+00 
 	   2.52019798e+00 
 	   2.54325035e+00 
 	   2.60951904e+00 
 	   2.68157782e+00 
 	   2.73029281e+00 
 	   2.74444363e+00 
 	   2.72401333e+00 
 	   2.67954995e+00 
 	   2.63845117e+00 
 	   2.63759197e+00 
 	   2.68788513e+00 
 	   2.76033015e+00 
 	   2.81994121e+00 
 	   2.84894921e+00 
 	   2.84336387e+00 
 	   2.80838553e+00 
 	   2.76288078e+00 
 	   2.74161794e+00 
 	   2.77081501e+00 
 	   2.83684107e+00 
 	   2.90346416e+00 
 	   2.94570582e+00 
 	   2.95496606e+00 
 	   2.93240810e+00 
 	   2.88961204e+00 
 	   2.85451970e+00 
 	   2.86096945e+00 
 	   2.91373195e+00 
 	   2.98226152e+00 
 	   3.03533359e+00 
 	   3.05864524e+00 
 	   3.04979161e+00 
 	   3.01489676e+00 
 	   2.97370521e+00 
 	   2.95978611e+00 
 	   2.99387819e+00 
 	   3.05818934e+00 
 	   3.11874480e+00 
 	   3.15467040e+00 
 	   3.15963060e+00 
 	   3.13577952e+00 
 	   3.09556123e+00 
 	   3.06691792e+00 
 	   3.07988801e+00 
 	   3.13355885e+00 
 	   3.19717553e+00 
 	   3.24362061e+00 
 	   3.26170430e+00 
 	   3.25033435e+00 
 	   3.21641701e+00 
 	   3.18023607e+00 
 	   3.17339315e+00 
 	   3.21096873e+00 
 	   3.27224121e+00 
 	   3.32633025e+00 
 	   3.35625286e+00 
 	   3.35757899e+00 
 	   3.33327828e+00 
 	   3.29645279e+00 
 	   3.27444485e+00 
 	   3.29289138e+00 
 	   3.34595391e+00 
 	   3.40389767e+00 
 	   3.44382116e+00 
 	   3.45724575e+00 
 	   3.44414116e+00 
 	   3.41204343e+00 
 	   3.38137631e+00 
 	   3.38104977e+00 
 	   3.42061397e+00 
 	   3.47772686e+00 
 	   3.52518038e+00 
 	   3.54954588e+00 
 	   3.54795410e+00 
 	   3.52402592e+00 
 	   3.49127370e+00 
 	   3.47581222e+00 
 	   3.49849365e+00 
 	   3.54955179e+00 
 	   3.60131445e+00 
 	   3.63499423e+00 
 	   3.64440315e+00 
 	   3.63034747e+00 
 	   3.60082396e+00 
 	   3.57594720e+00 
 	   3.58131165e+00 
 	   3.62137064e+00 
 	   3.67344532e+00 
 	   3.71430974e+00 
 	   3.73366998e+00 
 	   3.72989946e+00 
 	   3.70711280e+00 
 	   3.67894333e+00 
 	   3.66966179e+00 
 	   3.69521225e+00 
 	   3.74305633e+00 
 	   3.78838152e+00 
 	   3.81624123e+00 
 	   3.82232460e+00 
 	   3.80807383e+00 
 	   3.78175657e+00 
 	   3.76269831e+00 
 	   3.77270983e+00 
 	   3.81185429e+00 
 	   3.85827713e+00 
 	   3.89279113e+00 
 	   3.90777440e+00 
 	   3.90255881e+00 
 	   3.88159711e+00 
 	   3.85831835e+00 
 	   3.85458935e+00 
 	   3.88160211e+00 
 	   3.92525963e+00 
 	   3.96412942e+00 
 	   3.98670751e+00 
 	   3.99017289e+00 
 	   3.97642542e+00 
 	   3.95379129e+00 
 	   3.94032391e+00 
 	   3.95378510e+00 
 	   3.99076585e+00 
 	   4.03119360e+00 
 	   4.05975781e+00 
 	   4.07103767e+00 
 	   4.06507602e+00 
 	   4.04650576e+00 
 	   4.02820263e+00 
 	   4.02917464e+00 
 	   4.05628873e+00 
 	   4.09505688e+00 
 	   4.12766710e+00 
 	   4.14558308e+00 
 	   4.14712576e+00 
 	   4.13449252e+00 
 	   4.11583589e+00 
 	   4.10748580e+00 
 	   4.12312428e+00 
 	   4.15691389e+00 
 	   4.19126297e+00 
 	   4.21440456e+00 
 	   4.22266802e+00 
 	   4.21659570e+00 
 	   4.20083773e+00 
 	   4.18736289e+00 
 	   4.19201599e+00 
 	   4.21799833e+00 
 	   4.25145688e+00 
 	   4.27818354e+00 
 	   4.29210300e+00 
 	   4.29237652e+00 
 	   4.28135278e+00 
 	   4.26676600e+00 
 	   4.26284217e+00 
 	   4.27939609e+00 
 	   4.30923176e+00 
 	   4.33765339e+00 
 	   4.35598779e+00 
 	   4.36190384e+00 
 	   4.35626478e+00 
 	   4.34357052e+00 
 	   4.33455043e+00 
 	   4.34176748e+00 
 	   4.36558323e+00 
 	   4.39358823e+00 
 	   4.41494782e+00 
 	   4.42554751e+00 
 	   4.42513531e+00 
 	   4.41607556e+00 
 	   4.40544028e+00 
 	   4.40508140e+00 
 	   4.42138417e+00 
 	   4.44678931e+00 
 	   4.46963359e+00 
 	   4.48382518e+00 
 	   4.48801453e+00 
 	   4.48323567e+00 
 	   4.47367060e+00 
 	   4.46852846e+00 
 	   4.47717622e+00 
 	   4.49804128e+00 
 	   4.52070178e+00 
 	   4.53730812e+00 
 	   4.54524214e+00 
 	   4.54463127e+00 
 	   4.53772906e+00 
 	   4.53072095e+00 
 	   4.53295880e+00 
 	   4.54801504e+00 
 	   4.56879924e+00 
 	   4.58657147e+00 
 	   4.59729486e+00 
 	   4.60030179e+00 
 	   4.59667121e+00 
 	   4.59010803e+00 
 	   4.58810433e+00 
 	   4.59711723e+00 
 	   4.61452874e+00 
 	   4.63216968e+00 
 	   4.64468981e+00 
 	   4.65055815e+00 
 	   4.65011603e+00 
 	   4.64539070e+00 
 	   4.64149948e+00 
 	   4.64533409e+00 
 	   4.65837959e+00 
 	   4.67461841e+00 
 	   4.68793110e+00 
 	   4.69583469e+00 
 	   4.69810187e+00 
 	   4.69575198e+00 
 	   4.69187581e+00 
 	   4.69216486e+00 
 	   4.70062314e+00 
 	   4.71436652e+00 
 	   4.72748187e+00 
 	   4.73659327e+00 
 	   4.74091344e+00 
 	   4.74086879e+00 
 	   4.73816116e+00 
 	   4.73672664e+00 
 	   4.74120657e+00 
 	   4.75174681e+00 
 	   4.76374506e+00 
 	   4.77326894e+00 
 	   4.77894167e+00 
 	   4.78078884e+00 
 	   4.77968637e+00 
 	   4.77801360e+00 
 	   4.77971250e+00 
 	   4.78690698e+00 
 	   4.79704033e+00 
 	   4.80624068e+00 
 	   4.81259154e+00 
 	   4.81577417e+00 
 	   4.81620333e+00 
 	   4.81518222e+00 
 	   4.81544554e+00 
 	   4.81974557e+00 
 	   4.82756986e+00 
 	   4.83581262e+00 
 	   4.84222934e+00 
 	   4.84617180e+00 
 	   4.84777923e+00 
 	   4.84772355e+00 
 	   4.84763522e+00 
 	   4.84989974e+00 
 	   4.85537648e+00 
 	   4.86219552e+00 
 	   4.86815424e+00 
 	   4.87232813e+00 
 	   4.87465729e+00 
 	   4.87547722e+00 
 	   4.87565828e+00 
 	   4.87682554e+00 
 	   4.88031358e+00 
 	   4.88548470e+00 
 	   4.89058127e+00 
 	   4.89454008e+00 
 	   4.89714058e+00 
 	   4.89853819e+00 
 	   4.89916957e+00 
 	   4.89995879e+00 
 	   4.90205881e+00 
 	   4.90563958e+00 
 	   4.90962785e+00 
 	   4.91302923e+00 
 	   4.91551536e+00 
 	   4.91713423e+00 
 	   4.91810340e+00 
 	   4.91888100e+00 
 	   4.92019454e+00 
 	   4.92248050e+00 
 	   4.92530240e+00 
 	   4.92792796e+00 
 	   4.93000807e+00 
 	   4.93152433e+00 
 	   4.93258749e+00 
 	   4.93340637e+00 
 	   4.93433750e+00 
 	   4.93572427e+00 
 	   4.93750144e+00 
 	   4.93927150e+00 
 	   4.94076369e+00 
 	   4.94193320e+00 
 	   4.94283577e+00 
 	   4.94356417e+00 
 	   4.94425593e+00 
 	   4.94506694e+00 
 	   4.94602828e+00 
 	   4.94699661e+00 
 	   4.94783590e+00 
 	   4.94851559e+00 
 	   4.94906245e+00 
 	   4.94951524e+00 
 	   4.94991313e+00 
 	   4.95028900e+00 
 	   4.95064652e+00 
 	   4.95095409e+00 
 	   4.95118526e+00 
 	   4.95134009e+00 
 	   4.95142896e+00 
 	  -1.58203217e-07 
 	   1.53356479e-02 
 	   3.11456923e-02 
 	   4.76155677e-02 
 	   6.42193581e-02 
 	   7.98829342e-02 
 	   9.42128742e-02 
 	   1.07947031e-01 
 	   1.22106183e-01 
 	   1.37467083e-01 
 	   1.54507748e-01 
 	   1.73128607e-01 
 	   1.91950534e-01 
 	   2.08469477e-01 
 	   2.21549504e-01 
 	   2.32869759e-01 
 	   2.44856946e-01 
 	   2.59060511e-01 
 	   2.76220071e-01 
 	   2.96316699e-01 
 	   3.17758611e-01 
 	   3.36810861e-01 
 	   3.50336678e-01 
 	   3.59675492e-01 
 	   3.68833237e-01 
 	   3.80770900e-01 
 	   3.96841221e-01 
 	   4.17327392e-01 
 	   4.40924593e-01 
 	   4.63462294e-01 
 	   4.79492031e-01 
 	   4.88210485e-01 
 	   4.94467817e-01 
 	   5.03233276e-01 
 	   5.17023873e-01 
 	   5.36636785e-01 
 	   5.61310825e-01 
 	   5.87273494e-01 
 	   6.07528436e-01 
 	   6.17785742e-01 
 	   6.21923865e-01 
 	   6.27000920e-01 
 	   6.37435894e-01 
 	   6.54891608e-01 
 	   6.79256703e-01 
 	   7.07675851e-01 
 	   7.32912846e-01 
 	   7.47143002e-01 
 	   7.50943287e-01 
 	   7.52461737e-01 
 	   7.58703729e-01 
 	   7.72793892e-01 
 	   7.95394441e-01 
 	   8.24733346e-01 
 	   8.54499852e-01 
 	   8.74624465e-01 
 	   8.80708788e-01 
 	   8.79718474e-01 
 	   8.81355352e-01 
 	   8.91028587e-01 
 	   9.10479791e-01 
 	   9.38994954e-01 
 	   9.71826408e-01 
 	   9.98563193e-01 
 	   1.00981076e+00 
 	   1.00843773e+00 
 	   1.00574121e+00 
 	   1.01021479e+00 
 	   1.02527731e+00 
 	   1.05127349e+00 
 	   1.08513980e+00 
 	   1.11775632e+00 
 	   1.13642340e+00 
 	   1.13770974e+00 
 	   1.13191883e+00 
 	   1.13085654e+00 
 	   1.14049558e+00 
 	   1.16245606e+00 
 	   1.19520419e+00 
 	   1.23178824e+00 
 	   1.25871770e+00 
 	   1.26600824e+00 
 	   1.25950457e+00 
 	   1.25327146e+00 
 	   1.25674875e+00 
 	   1.27338567e+00 
 	   1.30303204e+00 
 	   1.34105324e+00 
 	   1.37537789e+00 
 	   1.39135985e+00 
 	   1.38753093e+00 
 	   1.37748274e+00 
 	   1.37451796e+00 
 	   1.38480373e+00 
 	   1.40966356e+00 
 	   1.44652104e+00 
 	   1.48597091e+00 
 	   1.51176556e+00 
 	   1.51439492e+00 
 	   1.50307657e+00 
 	   1.49409062e+00 
 	   1.49732352e+00 
 	   1.51603810e+00 
 	   1.54941396e+00 
 	   1.59098600e+00 
 	   1.62575532e+00 
 	   1.63800960e+00 
 	   1.62905865e+00 
 	   1.61546279e+00 
 	   1.61140481e+00 
 	   1.62294157e+00 
 	   1.65094397e+00 
 	   1.69157219e+00 
 	   1.73281500e+00 
 	   1.75621820e+00 
 	   1.75378975e+00 
 	   1.73820523e+00 
 	   1.72730627e+00 
 	   1.73099261e+00 
 	   1.75216508e+00 
 	   1.78915966e+00 
 	   1.83346575e+00 
 	   1.86737411e+00 
 	   1.87511195e+00 
 	   1.86132227e+00 
 	   1.84500101e+00 
 	   1.84063218e+00 
 	   1.85392149e+00 
 	   1.88514486e+00 
 	   1.92899330e+00 
 	   1.97082761e+00 
 	   1.99074009e+00 
 	   1.98317579e+00 
 	   1.96405429e+00 
 	   1.95209142e+00 
 	   1.95684554e+00 
 	   1.98071340e+00 
 	   2.02101952e+00 
 	   2.06706453e+00 
 	   2.09884991e+00 
 	   2.10158254e+00 
 	   2.08348818e+00 
 	   2.06532259e+00 
 	   2.06136350e+00 
 	   2.07678258e+00 
 	   2.11112905e+00 
 	   2.15745122e+00 
 	   2.19861753e+00 
 	   2.21417093e+00 
 	   2.20169725e+00 
 	   2.17989121e+00 
 	   2.16768059e+00 
 	   2.17400875e+00 
 	   2.20065242e+00 
 	   2.24376995e+00 
 	   2.29042964e+00 
 	   2.31895812e+00 
 	   2.31651708e+00 
 	   2.29485007e+00 
 	   2.27572918e+00 
 	   2.27280935e+00 
 	   2.29059451e+00 
 	   2.32778598e+00 
 	   2.37566865e+00 
 	   2.41492771e+00 
 	   2.42553838e+00 
 	   2.40865090e+00 
 	   2.38507771e+00 
 	   2.37336622e+00 
 	   2.38164729e+00 
 	   2.41098182e+00 
 	   2.45623193e+00 
 	   2.50231438e+00 
 	   2.52665546e+00 
 	   2.51918697e+00 
 	   2.49481712e+00 
 	   2.47559255e+00 
 	   2.47422694e+00 
 	   2.49446243e+00 
 	   2.53404493e+00 
 	   2.58245016e+00 
 	   2.61866263e+00 
 	   2.62406126e+00 
 	   2.60347326e+00 
 	   2.57906016e+00 
 	   2.56849574e+00 
 	   2.57896736e+00 
 	   2.61074078e+00 
 	   2.65729129e+00 
 	   2.70160668e+00 
 	   2.72109241e+00 
 	   2.70902838e+00 
 	   2.68290118e+00 
 	   2.66434873e+00 
 	   2.66492033e+00 
 	   2.68753299e+00 
 	   2.72889005e+00 
 	   2.77670817e+00 
 	   2.80890860e+00 
 	   2.80914421e+00 
 	   2.78572545e+00 
 	   2.76136047e+00 
 	   2.75246934e+00 
 	   2.76521961e+00 
 	   2.79901861e+00 
 	   2.84592008e+00 
 	   2.88735355e+00 
 	   2.90161628e+00 
 	   2.88562685e+00 
 	   2.85870399e+00 
 	   2.84149306e+00 
 	   2.84424147e+00 
 	   2.86900142e+00 
 	   2.91137667e+00 
 	   2.95748734e+00 
 	   2.98494581e+00 
 	   2.98036529e+00 
 	   2.95507702e+00 
 	   2.93156790e+00 
 	   2.92473861e+00 
 	   2.93970354e+00 
 	   2.97496650e+00 
 	   3.02119784e+00 
 	   3.05877957e+00 
 	   3.06776553e+00 
 	   3.04869908e+00 
 	   3.02190535e+00 
 	   3.00657628e+00 
 	   3.01159201e+00 
 	   3.03811969e+00 
 	   3.08064827e+00 
 	   3.12398561e+00 
 	   3.14625138e+00 
 	   3.13745856e+00 
 	   3.11129018e+00 
 	   3.08933206e+00 
 	   3.08480613e+00 
 	   3.10177254e+00 
 	   3.13781031e+00 
 	   3.18233167e+00 
 	   3.21529806e+00 
 	   3.21925681e+00 
 	   3.19807380e+00 
 	   3.17225249e+00 
 	   3.15920160e+00 
 	   3.16642601e+00 
 	   3.19420547e+00 
 	   3.23595347e+00 
 	   3.27557036e+00 
 	   3.29249401e+00 
 	   3.28029357e+00 
 	   3.25420512e+00 
 	   3.23435730e+00 
 	   3.23222586e+00 
 	   3.25083992e+00 
 	   3.28686370e+00 
 	   3.32867364e+00 
 	   3.35651434e+00 
 	   3.35596634e+00 
 	   3.33367304e+00 
 	   3.30955106e+00 
 	   3.29902291e+00 
 	   3.30825334e+00 
 	   3.33665180e+00 
 	   3.37666193e+00 
 	   3.41178846e+00 
 	   3.42352121e+00 
 	   3.40885360e+00 
 	   3.38372700e+00 
 	   3.36639831e+00 
 	   3.36660434e+00 
 	   3.38638544e+00 
 	   3.42154119e+00 
 	   3.45973444e+00 
 	   3.48222098e+00 
 	   3.47790797e+00 
 	   3.45549478e+00 
 	   3.43365787e+00 
 	   3.42574388e+00 
 	   3.43664376e+00 
 	   3.46493693e+00 
 	   3.50227832e+00 
 	   3.53236950e+00 
 	   3.53934060e+00 
 	   3.52321443e+00 
 	   3.49981507e+00 
 	   3.48525713e+00 
 	   3.48760273e+00 
 	   3.50796235e+00 
 	   3.54137046e+00 
 	   3.57519194e+00 
 	   3.59238590e+00 
 	   3.58520962e+00 
 	   3.56359773e+00 
 	   3.54447525e+00 
 	   3.53911805e+00 
 	   3.55123151e+00 
 	   3.57863412e+00 
 	   3.61245326e+00 
 	   3.63722185e+00 
 	   3.64009743e+00 
 	   3.62352458e+00 
 	   3.60247385e+00 
 	   3.59078124e+00 
 	   3.59493928e+00 
 	   3.61520463e+00 
 	   3.64600307e+00 
 	   3.67489421e+00 
 	   3.68713460e+00 
 	   3.67808996e+00 
 	   3.65808860e+00 
 	   3.64194701e+00 
 	   3.63894964e+00 
 	   3.65172026e+00 
 	   3.67742078e+00 
 	   3.70699035e+00 
 	   3.72642213e+00 
 	   3.72605014e+00 
 	   3.70998799e+00 
 	   3.69174637e+00 
 	   3.68286271e+00 
 	   3.68839248e+00 
 	   3.70783399e+00 
 	   3.73522291e+00 
 	   3.75885633e+00 
 	   3.76672810e+00 
 	   3.75683671e+00 
 	   3.73911182e+00 
 	   3.72605575e+00 
 	   3.72509493e+00 
 	   3.73788820e+00 
 	   3.76108642e+00 
 	   3.78584868e+00 
 	   3.80019892e+00 
 	   3.79754570e+00 
 	   3.78284950e+00 
 	   3.76770926e+00 
 	   3.76143817e+00 
 	   3.76780430e+00 
 	   3.78566649e+00 
 	   3.80895161e+00 
 	   3.82725140e+00 
 	   3.83153851e+00 
 	   3.82178737e+00 
 	   3.80684175e+00 
 	   3.79682134e+00 
 	   3.79746423e+00 
 	   3.80959295e+00 
 	   3.82953884e+00 
 	   3.84914026e+00 
 	   3.85891210e+00 
 	   3.85499645e+00 
 	   3.84238326e+00 
 	   3.83046951e+00 
 	   3.82648948e+00 
 	   3.83308373e+00 
 	   3.84861819e+00 
 	   3.86725040e+00 
 	   3.88039616e+00 
 	   3.88202404e+00 
 	   3.87331310e+00 
 	   3.86147712e+00 
 	   3.85430041e+00 
 	   3.85602404e+00 
 	   3.86677613e+00 
 	   3.88280803e+00 
 	   3.89712247e+00 
 	   3.90302937e+00 
 	   3.89885923e+00 
 	   3.88888391e+00 
 	   3.88016257e+00 
 	   3.87804483e+00 
 	   3.88421008e+00 
 	   3.89670943e+00 
 	   3.91031794e+00 
 	   3.91873230e+00 
 	   3.91870482e+00 
 	   3.91180572e+00 
 	   3.90323732e+00 
 	   3.89858655e+00 
 	   3.90079934e+00 
 	   3.90946719e+00 
 	   3.92104734e+00 
 	   3.93018574e+00 
 	   3.93310164e+00 
 	   3.92961772e+00 
 	   3.92266040e+00 
 	   3.91695157e+00 
 	   3.91618026e+00 
 	   3.92123606e+00 
 	   3.93006741e+00 
 	   3.93848400e+00 
 	   3.94280474e+00 
 	   3.94214099e+00 
 	   3.93766796e+00 
 	   3.93236034e+00 
 	   3.92981100e+00 
 	   3.93187587e+00 
 	   3.93778620e+00 
 	   3.94453144e+00 
 	   3.94883721e+00 
 	   3.94973885e+00 
 	   3.94776817e+00 
 	   3.94403195e+00 
 	   3.94102729e+00 
 	   3.94102115e+00 
 	   3.94429022e+00 
 	   3.94892667e+00 
 	   3.95219911e+00 
 	   3.95323830e+00 
 	   3.95291375e+00 
 	   3.95130657e+00 
 	   3.94910186e+00 
 	   3.94814372e+00 
 	   3.94940209e+00 
 	   3.95194538e+00 
 	   3.95365106e+00 
 	   3.95368120e+00 
 	   3.95358735e+00 
 	   3.95380857e+00 
 	   3.95332583e+00 
 	   3.95260882e+00 
 	   3.95274380e+00 
 	   3.95357865e+00 
 	   3.95362708e+00 
 	   3.95202056e+00 
 	   3.95071406e+00 
 	   3.95160979e+00 
 	   3.95312795e+00 
 	   3.95373535e+00 
 	   3.95379459e+00 
 	   3.95359070e+00 
 	   3.95224888e+00 
 	   3.94890425e+00 
 	   3.94539786e+00 
 	   3.94531003e+00 
 	   3.94823098e+00 
 	   3.95087660e+00 
 	   3.95194445e+00 
 	   3.95157673e+00 
 	   3.94938561e+00 
 	   3.94460931e+00 
 	   3.93859547e+00 
 	   3.93594695e+00 
 	   3.93880932e+00 
 	   3.94353581e+00 
 	   3.94655274e+00 
 	   3.94701453e+00 
 	   3.94471953e+00 
 	   3.93909081e+00 
 	   3.93088472e+00 
 	   3.92472089e+00 
 	   3.92556968e+00 
 	   3.93151672e+00 
 	   3.93702630e+00 
 	   3.93931278e+00 
 	   3.93780159e+00 
 	   3.93207290e+00 
 	   3.92240753e+00 
 	   3.91264167e+00 
 	   3.90966530e+00 
 	   3.91507755e+00 
 	   3.92293049e+00 
 	   3.92786547e+00 
 	   3.92809647e+00 
 	   3.92313161e+00 
 	   3.91295122e+00 
 	   3.90026730e+00 
 	   3.89241586e+00 
 	   3.89501583e+00 
 	   3.90413381e+00 
 	   3.91212545e+00 
 	   3.91502377e+00 
 	   3.91175358e+00 
 	   3.90207787e+00 
 	   3.88763965e+00 
 	   3.87492746e+00 
 	   3.87259340e+00 
 	   3.88095915e+00 
 	   3.89170946e+00 
 	   3.89800575e+00 
 	   3.89737601e+00 
 	   3.88923423e+00 
 	   3.87438997e+00 
 	   3.85779140e+00 
 	   3.84925990e+00 
 	   3.85427513e+00 
 	   3.86653635e+00 
 	   3.87653434e+00 
 	   3.87941960e+00 
 	   3.87382113e+00 
 	   3.85990974e+00 
 	   3.84099508e+00 
 	   3.82625126e+00 
 	   3.82543721e+00 
 	   3.83697540e+00 
 	   3.85026858e+00 
 	   3.85732771e+00 
 	   3.85523149e+00 
 	   3.84349692e+00 
 	   3.82403848e+00 
 	   3.80424309e+00 
 	   3.79602379e+00 
 	   3.80394502e+00 
 	   3.81916523e+00 
 	   3.83062464e+00 
 	   3.83287525e+00 
 	   3.82444485e+00 
 	   3.80614438e+00 
 	   3.78322069e+00 
 	   3.76742210e+00 
 	   3.76887364e+00 
 	   3.78362342e+00 
 	   3.79900388e+00 
 	   3.80620842e+00 
 	   3.80208367e+00 
 	   3.78644814e+00 
 	   3.76258957e+00 
 	   3.74043655e+00 
 	   3.73345685e+00 
 	   3.74459023e+00 
 	   3.76244977e+00 
 	   3.77478081e+00 
 	   3.77579864e+00 
 	   3.76411557e+00 
 	   3.74141736e+00 
 	   3.71510524e+00 
 	   3.69924174e+00 
 	   3.70354316e+00 
 	   3.72137701e+00 
 	   3.73831351e+00 
 	   3.74504854e+00 
 	   3.73839457e+00 
 	   3.71867074e+00 
 	   3.69078559e+00 
 	   3.66719595e+00 
 	   3.66227513e+00 
 	   3.67674169e+00 
 	   3.69680996e+00 
 	   3.70940145e+00 
 	   3.70863017e+00 
 	   3.69337129e+00 
 	   3.66641544e+00 
 	   3.63746305e+00 
 	   3.62248917e+00 
 	   3.63004541e+00 
 	   3.65068861e+00 
 	   3.66859968e+00 
 	   3.67427265e+00 
 	   3.66466562e+00 
 	   3.64079605e+00 
 	   3.60940521e+00 
 	   3.58533820e+00 
 	   3.58315281e+00 
 	   3.60089731e+00 
 	   3.62265889e+00 
 	   3.63490023e+00 
 	   3.63184183e+00 
 	   3.61279329e+00 
 	   3.58186663e+00 
 	   3.55111753e+00 
 	   3.53790793e+00 
 	   3.54893748e+00 
 	   3.57199195e+00 
 	   3.59027036e+00 
 	   3.59432897e+00 
 	   3.58143505e+00 
 	   3.55349674e+00 
 	   3.51924929e+00 
 	   3.49565758e+00 
 	   3.49671674e+00 
 	   3.51752404e+00 
 	   3.54040523e+00 
 	   3.55170649e+00 
 	   3.54593550e+00 
 	   3.52300100e+00 
 	   3.48852908e+00 
 	   3.45688523e+00 
 	   3.44619638e+00 
 	   3.46073433e+00 
 	   3.48570504e+00 
 	   3.50374071e+00 
 	   3.50568866e+00 
 	   3.48927439e+00 
 	   3.45747846e+00 
 	   3.42112635e+00 
 	   3.39891258e+00 
 	   3.40354382e+00 
 	   3.42706096e+00 
 	   3.45045551e+00 
 	   3.46026531e+00 
 	   3.45144066e+00 
 	   3.42464602e+00 
 	   3.38717900e+00 
 	   3.35556106e+00 
 	   3.34800103e+00 
 	   3.36591088e+00 
 	   3.39223325e+00 
 	   3.40943403e+00 
 	   3.40884444e+00 
 	   3.38878413e+00 
 	   3.35347053e+00 
 	   3.31583820e+00 
 	   3.29581531e+00 
 	   3.30416071e+00 
 	   3.32992275e+00 
 	   3.35321604e+00 
 	   3.36103706e+00 
 	   3.34891139e+00 
 	   3.31840505e+00 
 	   3.27859816e+00 
 	   3.24790516e+00 
 	   3.24391278e+00 
 	   3.26490516e+00 
 	   3.29197220e+00 
 	   3.30778224e+00 
 	   3.30430866e+00 
 	   3.28058859e+00 
 	   3.24221579e+00 
 	   3.20416625e+00 
 	   3.18702372e+00 
 	   3.19904557e+00 
 	   3.22650336e+00 
 	   3.24909440e+00 
 	   3.25449645e+00 
 	   3.23892267e+00 
 	   3.20497212e+00 
 	   3.16356127e+00 
 	   3.13463191e+00 
 	   3.13446570e+00 
 	   3.15812226e+00 
 	   3.18531030e+00 
 	   3.19922593e+00 
 	   3.19261079e+00 
 	   3.16533002e+00 
 	   3.12445992e+00 
 	   3.08685897e+00 
 	   3.07313663e+00 
 	   3.08863115e+00 
 	   3.11717958e+00 
 	   3.13850044e+00 
 	   3.14113099e+00 
 	   3.12206604e+00 
 	   3.08505005e+00 
 	   3.04282364e+00 
 	   3.01640132e+00 
 	   3.02013797e+00 
 	   3.04593855e+00 
 	   3.07263091e+00 
 	   3.08421373e+00 
 	   3.07429429e+00 
 	   3.04366208e+00 
 	   3.00094057e+00 
 	   2.96462094e+00 
 	   2.95469129e+00 
 	   2.97330888e+00 
 	   3.00231434e+00 
 	   3.02184683e+00 
 	   3.02143895e+00 
 	   2.99894462e+00 
 	   2.95934145e+00 
 	   2.91710965e+00 
 	   2.89381299e+00 
 	   2.90135462e+00 
 	   2.92870591e+00 
 	   2.95431398e+00 
 	   2.96320134e+00 
 	   2.94991294e+00 
 	   2.91624264e+00 
 	   2.87237660e+00 
 	   2.83810388e+00 
 	   2.83216341e+00 
 	   2.85343360e+00 
 	   2.88225956e+00 
 	   2.89954901e+00 
 	   2.89592683e+00 
 	   2.87016764e+00 
 	   2.82853954e+00 
 	   2.78710236e+00 
 	   2.76740247e+00 
 	   2.77849156e+00 
 	   2.80675587e+00 
 	   2.83073711e+00 
 	   2.83664998e+00 
 	   2.82002676e+00 
 	   2.78372634e+00 
 	   2.73945776e+00 
 	   2.70789980e+00 
 	   2.70596905e+00 
 	   2.72932838e+00 
 	   2.75735854e+00 
 	   2.77202465e+00 
 	   2.76510635e+00 
 	   2.73634449e+00 
 	   2.69331887e+00 
 	   2.65343458e+00 
 	   2.63764010e+00 
 	   2.65188039e+00 
 	   2.68040322e+00 
 	   2.70227623e+00 
 	   2.70502439e+00 
 	   2.68519739e+00 
 	   2.64675682e+00 
 	   2.60283516e+00 
 	   2.57453645e+00 
 	   2.57646827e+00 
 	   2.60128943e+00 
 	   2.62794777e+00 
 	   2.63969274e+00 
 	   2.62949106e+00 
 	   2.59807853e+00 
 	   2.55432635e+00 
 	   2.51668174e+00 
 	   2.50493200e+00 
 	   2.52181384e+00 
 	   2.54994926e+00 
 	   2.56930563e+00 
 	   2.56879052e+00 
 	   2.54598324e+00 
 	   2.50595892e+00 
 	   2.46311290e+00 
 	   2.43847498e+00 
 	   2.44396981e+00 
 	   2.46959060e+00 
 	   2.49435828e+00 
 	   2.50297219e+00 
 	   2.48959261e+00 
 	   2.45596058e+00 
 	   2.41217289e+00 
 	   2.37735662e+00 
 	   2.36962281e+00 
 	   2.38855123e+00 
 	   2.41568449e+00 
 	   2.43219766e+00 
 	   2.42841277e+00 
 	   2.40293434e+00 
 	   2.36193108e+00 
 	   2.32084101e+00 
 	   2.30010987e+00 
 	   2.30873670e+00 
 	   2.33448756e+00 
 	   2.35691644e+00 
 	   2.36228010e+00 
 	   2.34591681e+00 
 	   2.31056256e+00 
 	   2.26742575e+00 
 	   2.23590628e+00 
 	   2.23200005e+00 
 	   2.25232389e+00 
 	   2.27789076e+00 
 	   2.29132198e+00 
 	   2.28435111e+00 
 	   2.25658708e+00 
 	   2.21523811e+00 
 	   2.17651002e+00 
 	   2.15977069e+00 
 	   2.17099224e+00 
 	   2.19622145e+00 
 	   2.21594432e+00 
 	   2.21802977e+00 
 	   2.19895941e+00 
 	   2.16243108e+00 
 	   2.12060201e+00 
 	   2.09271081e+00 
 	   2.09229945e+00 
 	   2.11334033e+00 
 	   2.13684291e+00 
 	   2.14704448e+00 
 	   2.13705789e+00 
 	   2.10745897e+00 
 	   2.06640460e+00 
 	   2.03054724e+00 
 	   2.01772566e+00 
 	   2.03092613e+00 
 	   2.05502199e+00 
 	   2.07175962e+00 
 	   2.07062844e+00 
 	   2.04920196e+00 
 	   2.01208144e+00 
 	   1.97216329e+00 
 	   1.94808422e+00 
 	   1.95071123e+00 
 	   1.97179086e+00 
 	   1.99280993e+00 
 	   1.99972600e+00 
 	   1.98697460e+00 
 	   1.95604347e+00 
 	   1.91590905e+00 
 	   1.88331491e+00 
 	   1.87418659e+00 
 	   1.88870052e+00 
 	   1.91111007e+00 
 	   1.92467538e+00 
 	   1.92047496e+00 
 	   1.89710758e+00 
 	   1.85999207e+00 
 	   1.82251187e+00 
 	   1.80227706e+00 
 	   1.80738662e+00 
 	   1.82785184e+00 
 	   1.84605570e+00 
 	   1.84972078e+00 
 	   1.83452860e+00 
 	   1.80280510e+00 
 	   1.76417909e+00 
 	   1.73511012e+00 
 	   1.72931490e+00 
 	   1.74445575e+00 
 	   1.76469986e+00 
 	   1.77499932e+00 
 	   1.76795739e+00 
 	   1.74311693e+00 
 	   1.70659955e+00 
 	   1.67198843e+00 
 	   1.65548056e+00 
 	   1.66244471e+00 
 	   1.68168933e+00 
 	   1.69683943e+00 
 	   1.69737487e+00 
 	   1.68012987e+00 
 	   1.64817490e+00 
 	   1.61158778e+00 
 	   1.58616653e+00 
 	   1.58322836e+00 
 	   1.59831567e+00 
 	   1.61600043e+00 
 	   1.62303305e+00 
 	   1.61345048e+00 
 	   1.58764429e+00 
 	   1.55229447e+00 
 	   1.52087137e+00 
 	   1.50783225e+00 
 	   1.51597910e+00 
 	   1.53346222e+00 
 	   1.54541576e+00 
 	   1.54302444e+00 
 	   1.52416797e+00 
 	   1.49254645e+00 
 	   1.45845124e+00 
 	   1.43665774e+00 
 	   1.43600836e+00 
 	   1.45039248e+00 
 	   1.46521702e+00 
 	   1.46907120e+00 
 	   1.45731343e+00 
 	   1.43107412e+00 
 	   1.39741819e+00 
 	   1.36937774e+00 
 	   1.35942244e+00 
 	   1.36806434e+00 
 	   1.38332493e+00 
 	   1.39203473e+00 
 	   1.38699418e+00 
 	   1.36700910e+00 
 	   1.33627244e+00 
 	   1.30502767e+00 
 	   1.28670213e+00 
 	   1.28770726e+00 
 	   1.30079104e+00 
 	   1.31255197e+00 
 	   1.31340043e+00 
 	   1.29988757e+00 
 	   1.27375790e+00 
 	   1.24226065e+00 
 	   1.21766585e+00 
 	   1.21030162e+00 
 	   1.21876191e+00 
 	   1.23142957e+00 
 	   1.23694159e+00 
 	   1.22959568e+00 
 	   1.20899354e+00 
 	   1.17966201e+00 
 	   1.15151777e+00 
 	   1.13636889e+00 
 	   1.13835580e+00 
 	   1.14961266e+00 
 	   1.15820549e+00 
 	   1.15629857e+00 
 	   1.14149444e+00 
 	   1.11601158e+00 
 	   1.08705928e+00 
 	   1.06583925e+00 
 	   1.06048823e+00 
 	   1.06812583e+00 
 	   1.07792782e+00 
 	   1.08037652e+00 
 	   1.07112604e+00 
 	   1.05043337e+00 
 	   1.02297893e+00 
 	   9.98066593e-01 
 	   9.85685151e-01 
 	   9.87970179e-01 
 	   9.96958395e-01 
 	   1.00237611e+00 
 	   9.98033709e-01 
 	   9.82433932e-01 
 	   9.58113483e-01 
 	   9.31999170e-01 
 	   9.13952157e-01 
 	   9.09976664e-01 
 	   9.16207576e-01 
 	   9.22972475e-01 
 	   9.22574411e-01 
 	   9.11866577e-01 
 	   8.91610674e-01 
 	   8.66440684e-01 
 	   8.44766895e-01 
 	   8.34643784e-01 
 	   8.36558799e-01 
 	   8.42931859e-01 
 	   8.45261161e-01 
 	   8.38863458e-01 
 	   8.22982884e-01 
 	   8.00303026e-01 
 	   7.77214485e-01 
 	   7.62015998e-01 
 	   7.58745263e-01 
 	   7.63060600e-01 
 	   7.66718670e-01 
 	   7.63764602e-01 
 	   7.52081796e-01 
 	   7.32776124e-01 
 	   7.10218552e-01 
 	   6.91663713e-01 
 	   6.83211709e-01 
 	   6.84128468e-01 
 	   6.87641665e-01 
 	   6.87057085e-01 
 	   6.79034343e-01 
 	   6.63393884e-01 
 	   6.42780035e-01 
 	   6.22791089e-01 
 	   6.10006908e-01 
 	   6.06764069e-01 
 	   6.08744215e-01 
 	   6.09325001e-01 
 	   6.04170716e-01 
 	   5.92018563e-01 
 	   5.74148142e-01 
 	   5.54438689e-01 
 	   5.38760229e-01 
 	   5.31338425e-01 
 	   5.30690082e-01 
 	   5.31203482e-01 
 	   5.27959772e-01 
 	   5.18781339e-01 
 	   5.03894505e-01 
 	   4.85704892e-01 
 	   4.68770454e-01 
 	   4.57873952e-01 
 	   4.54002183e-01 
 	   4.53326999e-01 
 	   4.50954425e-01 
 	   4.44010573e-01 
 	   4.31905548e-01 
 	   4.15912580e-01 
 	   3.99184301e-01 
 	   3.86024675e-01 
 	   3.78964519e-01 
 	   3.76263690e-01 
 	   3.73741783e-01 
 	   3.68164861e-01 
 	   3.58327596e-01 
 	   3.44686900e-01 
 	   3.29199489e-01 
 	   3.15154708e-01 
 	   3.05547808e-01 
 	   3.00434606e-01 
 	   2.96889707e-01 
 	   2.91775065e-01 
 	   2.83496206e-01 
 	   2.71952925e-01 
 	   2.58222996e-01 
 	   2.44498877e-01 
 	   2.33398114e-01 
 	   2.26029951e-01 
 	   2.20882930e-01 
 	   2.15391317e-01 
 	   2.07868067e-01 
 	   1.97884324e-01 
 	   1.85947805e-01 
 	   1.73349031e-01 
 	   1.61912774e-01 
 	   1.52949673e-01 
 	   1.46048458e-01 
 	   1.39527723e-01 
 	   1.31960909e-01 
 	   1.22833962e-01 
 	   1.12352354e-01 
 	   1.01201554e-01 
 	   9.03904564e-02 
 	   8.08028959e-02 
 	   7.24819166e-02 
 	   6.45988628e-02 
 	   5.62983473e-02 
 	   4.72655177e-02 
 	   3.76508703e-02 
 	   2.78289703e-02 
 	   1.82047007e-02 
 	   8.98744915e-03 
 	   1.43922225e-07 
 	  -9.15149695e-03 
 	  -1.86469047e-02 
 	  -2.83075780e-02 
 	  -3.77752894e-02 
 	  -4.67227679e-02 
 	  -5.50594463e-02 
 	  -6.31630900e-02 
 	  -7.18484557e-02 
 	  -8.17178636e-02 
 	  -9.25168167e-02 
 	  -1.03378347e-01 
 	  -1.13445894e-01 
 	  -1.22185048e-01 
 	  -1.29541973e-01 
 	  -1.36212789e-01 
 	  -1.43696715e-01 
 	  -1.53372152e-01 
 	  -1.65138053e-01 
 	  -1.77503823e-01 
 	  -1.88842920e-01 
 	  -1.98135875e-01 
 	  -2.05116763e-01 
 	  -2.10495359e-01 
 	  -2.16207850e-01 
 	  -2.24644152e-01 
 	  -2.36586560e-01 
 	  -2.50369153e-01 
 	  -2.63466667e-01 
 	  -2.74068161e-01 
 	  -2.81446937e-01 
 	  -2.86060188e-01 
 	  -2.89908788e-01 
 	  -2.96224933e-01 
 	  -3.07222386e-01 
 	  -3.21857524e-01 
 	  -3.36893117e-01 
 	  -3.49450190e-01 
 	  -3.58056957e-01 
 	  -3.62690858e-01 
 	  -3.65066308e-01 
 	  -3.68806832e-01 
 	  -3.77664096e-01 
 	  -3.92114450e-01 
 	  -4.08837879e-01 
 	  -4.23780598e-01 
 	  -4.34401813e-01 
 	  -4.39968973e-01 
 	  -4.41641831e-01 
 	  -4.42909455e-01 
 	  -4.48683301e-01 
 	  -4.61582003e-01 
 	  -4.79226470e-01 
 	  -4.96644396e-01 
 	  -5.09926663e-01 
 	  -5.17352123e-01 
 	  -5.19322063e-01 
 	  -5.18753601e-01 
 	  -5.21032218e-01 
 	  -5.30971121e-01 
 	  -5.48260009e-01 
 	  -5.67775914e-01 
 	  -5.84119814e-01 
 	  -5.94245603e-01 
 	  -5.97595289e-01 
 	  -5.96221755e-01 
 	  -5.95255716e-01 
 	  -6.01149751e-01 
 	  -6.16451999e-01 
 	  -6.37129191e-01 
 	  -6.56566240e-01 
 	  -6.70061582e-01 
 	  -6.75838919e-01 
 	  -6.74901755e-01 
 	  -6.71555445e-01 
 	  -6.72957080e-01 
 	  -6.84602743e-01 
 	  -7.04945923e-01 
 	  -7.27008398e-01 
 	  -7.44269494e-01 
 	  -7.53396224e-01 
 	  -7.54179107e-01 
 	  -7.49750697e-01 
 	  -7.46996496e-01 
 	  -7.53685066e-01 
 	  -7.71797125e-01 
 	  -7.95415962e-01 
 	  -8.16445972e-01 
 	  -8.29636029e-01 
 	  -8.33338347e-01 
 	  -8.29333923e-01 
 	  -8.23481969e-01 
 	  -8.24646730e-01 
 	  -8.38563623e-01 
 	  -8.62056040e-01 
 	  -8.86332234e-01 
 	  -9.04000341e-01 
 	  -9.11648079e-01 
 	  -9.09581708e-01 
 	  -9.02191918e-01 
 	  -8.98181338e-01 
 	  -9.06324211e-01 
 	  -9.27541123e-01 
 	  -9.53901999e-01 
 	  -9.76049762e-01 
 	  -9.88422942e-01 
 	  -9.89674320e-01 
 	  -9.82533068e-01 
 	  -9.74549569e-01 
 	  -9.76149928e-01 
 	  -9.92818943e-01 
 	  -1.01943328e+00 
 	  -1.04551612e+00 
 	  -1.06306882e+00 
 	  -1.06879309e+00 
 	  -1.06367121e+00 
 	  -1.05351728e+00 
 	  -1.04885252e+00 
 	  -1.05906822e+00 
 	  -1.08356305e+00 
 	  -1.11236713e+00 
 	  -1.13512305e+00 
 	  -1.14618725e+00 
 	  -1.14467305e+00 
 	  -1.13442170e+00 
 	  -1.12477463e+00 
 	  -1.12749017e+00 
 	  -1.14728884e+00 
 	  -1.17687848e+00 
 	  -1.20430106e+00 
 	  -1.22121759e+00 
 	  -1.22462058e+00 
 	  -1.21632112e+00 
 	  -1.20370274e+00 
 	  -1.19903683e+00 
 	  -1.21187688e+00 
 	  -1.23969475e+00 
 	  -1.27055612e+00 
 	  -1.29339128e+00 
 	  -1.30268612e+00 
 	  -1.29816238e+00 
 	  -1.28492744e+00 
 	  -1.27416668e+00 
 	  -1.27865732e+00 
 	  -1.30184400e+00 
 	  -1.33415014e+00 
 	  -1.36240128e+00 
 	  -1.37817618e+00 
 	  -1.37891714e+00 
 	  -1.36740867e+00 
 	  -1.35272329e+00 
 	  -1.34873726e+00 
 	  -1.36466238e+00 
 	  -1.39571945e+00 
 	  -1.42817965e+00 
 	  -1.45056091e+00 
 	  -1.45766935e+00 
 	  -1.44997099e+00 
 	  -1.43397957e+00 
 	  -1.42272110e+00 
 	  -1.42959978e+00 
 	  -1.45630257e+00 
 	  -1.49096503e+00 
 	  -1.51950559e+00 
 	  -1.53366176e+00 
 	  -1.53146653e+00 
 	  -1.51681278e+00 
 	  -1.50054725e+00 
 	  -1.49792465e+00 
 	  -1.51728417e+00 
 	  -1.55137148e+00 
 	  -1.58491580e+00 
 	  -1.60632070e+00 
 	  -1.61087983e+00 
 	  -1.59992743e+00 
 	  -1.58150524e+00 
 	  -1.57041146e+00 
 	  -1.58021759e+00 
 	  -1.61042834e+00 
 	  -1.64699963e+00 
 	  -1.67527908e+00 
 	  -1.68738018e+00 
 	  -1.68204953e+00 
 	  -1.66441172e+00 
 	  -1.64713017e+00 
 	  -1.64652985e+00 
 	  -1.66954514e+00 
 	  -1.70633709e+00 
 	  -1.74041217e+00 
 	  -1.76034320e+00 
 	  -1.76205402e+00 
 	  -1.74785902e+00 
 	  -1.72742493e+00 
 	  -1.71718178e+00 
 	  -1.73035650e+00 
 	  -1.76393028e+00 
 	  -1.80189227e+00 
 	  -1.82936519e+00 
 	  -1.83902707e+00 
 	  -1.83044376e+00 
 	  -1.81008032e+00 
 	  -1.79240811e+00 
 	  -1.79443628e+00 
 	  -1.82118924e+00 
 	  -1.86025629e+00 
 	  -1.89428832e+00 
 	  -1.91228651e+00 
 	  -1.91092254e+00 
 	  -1.89359035e+00 
 	  -1.87164760e+00 
 	  -1.86293876e+00 
 	  -1.87980337e+00 
 	  -1.91646340e+00 
 	  -1.95524596e+00 
 	  -1.98138798e+00 
 	  -1.98828902e+00 
 	  -1.97642323e+00 
 	  -1.95368677e+00 
 	  -1.93629076e+00 
 	  -1.94147350e+00 
 	  -1.97190060e+00 
 	  -2.01272559e+00 
 	  -2.04613870e+00 
 	  -2.06179607e+00 
 	  -2.05721059e+00 
 	  -2.03694160e+00 
 	  -2.01406513e+00 
 	  -2.00754441e+00 
 	  -2.02828306e+00 
 	  -2.06763082e+00 
 	  -2.10663175e+00 
 	  -2.13095466e+00 
 	  -2.13484481e+00 
 	  -2.11975783e+00 
 	  -2.09508880e+00 
 	  -2.07865423e+00 
 	  -2.08741186e+00 
 	  -2.12130417e+00 
 	  -2.16330157e+00 
 	  -2.19553589e+00 
 	  -2.20850663e+00 
 	  -2.20063835e+00 
 	  -2.17772632e+00 
 	  -2.15454647e+00 
 	  -2.15080922e+00 
 	  -2.17545691e+00 
 	  -2.21698701e+00 
 	  -2.25559258e+00 
 	  -2.27765830e+00 
 	  -2.27836662e+00 
 	  -2.26021247e+00 
 	  -2.23412948e+00 
 	  -2.21933396e+00 
 	  -2.23195853e+00 
 	  -2.26896786e+00 
 	  -2.31150519e+00 
 	  -2.34203395e+00 
 	  -2.35204418e+00 
 	  -2.34092120e+00 
 	  -2.31574882e+00 
 	  -2.29293129e+00 
 	  -2.29248619e+00 
 	  -2.32092289e+00 
 	  -2.36404213e+00 
 	  -2.40164749e+00 
 	  -2.42108050e+00 
 	  -2.41852111e+00 
 	  -2.39754584e+00 
 	  -2.37063240e+00 
 	  -2.35811789e+00 
 	  -2.37475513e+00 
 	  -2.41440608e+00 
 	  -2.45682659e+00 
 	  -2.48517208e+00 
 	  -2.49202794e+00 
 	  -2.47776967e+00 
 	  -2.45080104e+00 
 	  -2.42902352e+00 
 	  -2.43226611e+00 
 	  -2.46421748e+00 
 	  -2.50826709e+00 
 	  -2.54429605e+00 
 	  -2.56079422e+00 
 	  -2.55497036e+00 
 	  -2.53150879e+00 
 	  -2.50439639e+00 
 	  -2.49474021e+00 
 	  -2.51537717e+00 
 	  -2.55708457e+00 
 	  -2.59873045e+00 
 	  -2.62447822e+00 
 	  -2.62807211e+00 
 	  -2.61088903e+00 
 	  -2.58265890e+00 
 	  -2.56258489e+00 
 	  -2.56977430e+00 
 	  -2.60481923e+00 
 	  -2.64909954e+00 
 	  -2.68302299e+00 
 	  -2.69636642e+00 
 	  -2.68737256e+00 
 	  -2.66184226e+00 
 	  -2.63518991e+00 
 	  -2.62887600e+00 
 	  -2.65333533e+00 
 	  -2.69642635e+00 
 	  -2.73666146e+00 
 	  -2.75947269e+00 
 	  -2.75978754e+00 
 	  -2.73997862e+00 
 	  -2.71107806e+00 
 	  -2.69332862e+00 
 	  -2.70456903e+00 
 	  -2.74215390e+00 
 	  -2.78595022e+00 
 	  -2.81730276e+00 
 	  -2.82736064e+00 
 	  -2.81538242e+00 
 	  -2.78827461e+00 
 	  -2.76274520e+00 
 	  -2.76013711e+00 
 	  -2.78807866e+00 
 	  -2.83181862e+00 
 	  -2.87005013e+00 
 	  -2.88967162e+00 
 	  -2.88678309e+00 
 	  -2.86473056e+00 
 	  -2.83578933e+00 
 	  -2.82091386e+00 
 	  -2.83614196e+00 
 	  -2.87560097e+00 
 	  -2.91820982e+00 
 	  -2.94660415e+00 
 	  -2.95333927e+00 
 	  -2.93865113e+00 
 	  -2.91051847e+00 
 	  -2.88675240e+00 
 	  -2.88806965e+00 
 	  -2.91899968e+00 
 	  -2.96262035e+00 
 	  -2.99831845e+00 
 	  -3.01459034e+00 
 	  -3.00866671e+00 
 	  -2.98482806e+00 
 	  -2.95649358e+00 
 	  -2.94494092e+00 
 	  -2.96392065e+00 
 	  -3.00450148e+00 
 	  -3.04525586e+00 
 	  -3.07039458e+00 
 	  -3.07386566e+00 
 	  -3.05682594e+00 
 	  -3.02826704e+00 
 	  -3.00685396e+00 
 	  -3.01215333e+00 
 	  -3.04544121e+00 
 	  -3.08817036e+00 
 	  -3.12088549e+00 
 	  -3.13374631e+00 
 	  -3.12504610e+00 
 	  -3.09994320e+00 
 	  -3.07285649e+00 
 	  -3.06494790e+00 
 	  -3.08727317e+00 
 	  -3.12816669e+00 
 	  -3.16645969e+00 
 	  -3.18814428e+00 
 	  -3.18850573e+00 
 	  -3.16954926e+00 
 	  -3.14118999e+00 
 	  -3.12263965e+00 
 	  -3.13180296e+00 
 	  -3.16670481e+00 
 	  -3.20779567e+00 
 	  -3.23717274e+00 
 	  -3.24666185e+00 
 	  -3.23552894e+00 
 	  -3.20973413e+00 
 	  -3.18450338e+00 
 	  -3.18040894e+00 
 	  -3.20551483e+00 
 	  -3.24588753e+00 
 	  -3.28119325e+00 
 	  -3.29932998e+00 
 	  -3.29682928e+00 
 	  -3.27645717e+00 
 	  -3.24892890e+00 
 	  -3.23364258e+00 
 	  -3.24637222e+00 
 	  -3.28206044e+00 
 	  -3.32081981e+00 
 	  -3.34660910e+00 
 	  -3.35286643e+00 
 	  -3.33972263e+00 
 	  -3.31384178e+00 
 	  -3.29101421e+00 
 	  -3.29073461e+00 
 	  -3.31791690e+00 
 	  -3.35694437e+00 
 	  -3.38883553e+00 
 	  -3.40343826e+00 
 	  -3.39841081e+00 
 	  -3.37717747e+00 
 	  -3.35109269e+00 
 	  -3.33933656e+00 
 	  -3.35515985e+00 
 	  -3.39075716e+00 
 	  -3.42657095e+00 
 	  -3.44863544e+00 
 	  -3.45189844e+00 
 	  -3.43723356e+00 
 	  -3.41188620e+00 
 	  -3.39191941e+00 
 	  -3.39527456e+00 
 	  -3.42371695e+00 
 	  -3.46061696e+00 
 	  -3.48877852e+00 
 	  -3.49996843e+00 
 	  -3.49282981e+00 
 	  -3.47132720e+00 
 	  -3.44725299e+00 
 	  -3.43913542e+00 
 	  -3.45741819e+00 
 	  -3.49203447e+00 
 	  -3.52438968e+00 
 	  -3.54270855e+00 
 	  -3.54330655e+00 
 	  -3.52766578e+00 
 	  -3.50346258e+00 
 	  -3.48669667e+00 
 	  -3.49332275e+00 
 	  -3.52213070e+00 
 	  -3.55619405e+00 
 	  -3.58043266e+00 
 	  -3.58843481e+00 
 	  -3.57967061e+00 
 	  -3.55850970e+00 
 	  -3.53694000e+00 
 	  -3.53239445e+00 
 	  -3.55236378e+00 
 	  -3.58513387e+00 
 	  -3.61363609e+00 
 	  -3.62830468e+00 
 	  -3.62665052e+00 
 	  -3.61061920e+00 
 	  -3.58813723e+00 
 	  -3.57476934e+00 
 	  -3.58412535e+00 
 	  -3.61236471e+00 
 	  -3.64298269e+00 
 	  -3.66323163e+00 
 	  -3.66836857e+00 
 	  -3.65852162e+00 
 	  -3.63831136e+00 
 	  -3.61963913e+00 
 	  -3.61841446e+00 
 	  -3.63918999e+00 
 	  -3.66931027e+00 
 	  -3.69369627e+00 
 	  -3.70492226e+00 
 	  -3.70150147e+00 
 	  -3.68568744e+00 
 	  -3.66544372e+00 
 	  -3.65550688e+00 
 	  -3.66689117e+00 
 	  -3.69362972e+00 
 	  -3.72031670e+00 
 	  -3.73663636e+00 
 	  -3.73931894e+00 
 	  -3.72897419e+00 
 	  -3.71029822e+00 
 	  -3.69478882e+00 
 	  -3.69644866e+00 
 	  -3.71708091e+00 
 	  -3.74384300e+00 
 	  -3.76398793e+00 
 	  -3.77208420e+00 
 	  -3.76744168e+00 
 	  -3.75245516e+00 
 	  -3.73487962e+00 
 	  -3.72822767e+00 
 	  -3.74080448e+00 
 	  -3.76515398e+00 
 	  -3.78756440e+00 
 	  -3.80013840e+00 
 	  -3.80085386e+00 
 	  -3.79062092e+00 
 	  -3.77401257e+00 
 	  -3.76178021e+00 
 	  -3.76571241e+00 
 	  -3.78522632e+00 
 	  -3.80804599e+00 
 	  -3.82396512e+00 
 	  -3.82933939e+00 
 	  -3.82406382e+00 
 	  -3.81049527e+00 
 	  -3.79590416e+00 
 	  -3.79220468e+00 
 	  -3.80503984e+00 
 	  -3.82619623e+00 
 	  -3.84413520e+00 
 	  -3.85326246e+00 
 	  -3.85256012e+00 
 	  -3.84305370e+00 
 	  -3.82897003e+00 
 	  -3.81995888e+00 
 	  -3.82539581e+00 
 	  -3.84283702e+00 
 	  -3.86127688e+00 
 	  -3.87312213e+00 
 	  -3.87626370e+00 
 	  -3.87096986e+00 
 	  -3.85936619e+00 
 	  -3.84793734e+00 
 	  -3.84667421e+00 
 	  -3.85877835e+00 
 	  -3.87605776e+00 
 	  -3.88948522e+00 
 	  -3.89556829e+00 
 	  -3.89404306e+00 
 	  -3.88586151e+00 
 	  -3.87465722e+00 
 	  -3.86862937e+00 
 	  -3.87467880e+00 
 	  -3.88915987e+00 
 	  -3.90294496e+00 
 	  -3.91099637e+00 
 	  -3.91246037e+00 
 	  -3.90776954e+00 
 	  -3.89860920e+00 
 	  -3.89036097e+00 
 	  -3.89084779e+00 
 	  -3.90122482e+00 
 	  -3.91409338e+00 
 	  -3.92312162e+00 
 	  -3.92665184e+00 
 	  -3.92492571e+00 
 	  -3.91862808e+00 
 	  -3.91053077e+00 
 	  -3.90706275e+00 
 	  -3.91274842e+00 
 	  -3.92349211e+00 
 	  -3.93251763e+00 
 	  -3.93717044e+00 
 	  -3.93755986e+00 
 	  -3.93407865e+00 
 	  -3.92774651e+00 
 	  -3.92252219e+00 
 	  -3.92392703e+00 
 	  -3.93162503e+00 
 	  -3.93972078e+00 
 	  -3.94460595e+00 
 	  -3.94614573e+00 
 	  -3.94484774e+00 
 	  -3.94092988e+00 
 	  -3.93601785e+00 
 	  -3.93450746e+00 
 	  -3.93881736e+00 
 	  -3.94519438e+00 
 	  -3.94952554e+00 
 	  -3.95127337e+00 
 	  -3.95121935e+00 
 	  -3.94951728e+00 
 	  -3.94628021e+00 
 	  -3.94373990e+00 
 	  -3.94512120e+00 
 	  -3.94928235e+00 
 	  -3.95242830e+00 
 	  -3.95355633e+00 
 	  -3.95371928e+00 
 	  -3.95346410e+00 
 	  -3.95233446e+00 
 	  -3.95051899e+00 
 	  -3.95020351e+00 
 	  -3.95214327e+00 
 	  -3.95370197e+00 
 	  -3.95356618e+00 
 	  -3.95298114e+00 
 	  -3.95312185e+00 
 	  -3.95370817e+00 
 	  -3.95369271e+00 
 	  -3.95331446e+00 
 	  -3.95366685e+00 
 	  -3.95357314e+00 
 	  -3.95178078e+00 
 	  -3.94964861e+00 
 	  -3.94907800e+00 
 	  -3.95044366e+00 
 	  -3.95239961e+00 
 	  -3.95341352e+00 
 	  -3.95339981e+00 
 	  -3.95204778e+00 
 	  -3.94853401e+00 
 	  -3.94430623e+00 
 	  -3.94201654e+00 
 	  -3.94297505e+00 
 	  -3.94627545e+00 
 	  -3.94944904e+00 
 	  -3.95054086e+00 
 	  -3.94884865e+00 
 	  -3.94396017e+00 
 	  -3.93742369e+00 
 	  -3.93261674e+00 
 	  -3.93196273e+00 
 	  -3.93546789e+00 
 	  -3.94067383e+00 
 	  -3.94406823e+00 
 	  -3.94337420e+00 
 	  -3.93793431e+00 
 	  -3.92930041e+00 
 	  -3.92148249e+00 
 	  -3.91814851e+00 
 	  -3.92051028e+00 
 	  -3.92684410e+00 
 	  -3.93300157e+00 
 	  -3.93472543e+00 
 	  -3.93002054e+00 
 	  -3.92000362e+00 
 	  -3.90908540e+00 
 	  -3.90225226e+00 
 	  -3.90214866e+00 
 	  -3.90823002e+00 
 	  -3.91669834e+00 
 	  -3.92184935e+00 
 	  -3.91945528e+00 
 	  -3.90930397e+00 
 	  -3.89570651e+00 
 	  -3.88490189e+00 
 	  -3.88119117e+00 
 	  -3.88548138e+00 
 	  -3.89504047e+00 
 	  -3.90379769e+00 
 	  -3.90520555e+00 
 	  -3.89662603e+00 
 	  -3.88136934e+00 
 	  -3.86657791e+00 
 	  -3.85840333e+00 
 	  -3.85944414e+00 
 	  -3.86843466e+00 
 	  -3.88001135e+00 
 	  -3.88613824e+00 
 	  -3.88104527e+00 
 	  -3.86576872e+00 
 	  -3.84755542e+00 
 	  -3.83444039e+00 
 	  -3.83100257e+00 
 	  -3.83766404e+00 
 	  -3.85049426e+00 
 	  -3.86129073e+00 
 	  -3.86137195e+00 
 	  -3.84821662e+00 
 	  -3.82783425e+00 
 	  -3.80979614e+00 
 	  -3.80097321e+00 
 	  -3.80368979e+00 
 	  -3.81579849e+00 
 	  -3.83015489e+00 
 	  -3.83635040e+00 
 	  -3.82764239e+00 
 	  -3.80706123e+00 
 	  -3.78474827e+00 
 	  -3.77004126e+00 
 	  -3.76748336e+00 
 	  -3.77685564e+00 
 	  -3.79284238e+00 
 	  -3.80495434e+00 
 	  -3.80269245e+00 
 	  -3.78446730e+00 
 	  -3.75928871e+00 
 	  -3.73871602e+00 
 	  -3.72991851e+00 
 	  -3.73475774e+00 
 	  -3.75005218e+00 
 	  -3.76668465e+00 
 	  -3.77195744e+00 
 	  -3.75886174e+00 
 	  -3.73304121e+00 
 	  -3.70728266e+00 
 	  -3.69171281e+00 
 	  -3.69057559e+00 
 	  -3.70287595e+00 
 	  -3.72173509e+00 
 	  -3.73430045e+00 
 	  -3.72873605e+00 
 	  -3.70518835e+00 
 	  -3.67573631e+00 
 	  -3.65339165e+00 
 	  -3.64524744e+00 
 	  -3.65255146e+00 
 	  -3.67094392e+00 
 	  -3.68918316e+00 
 	  -3.69251108e+00 
 	  -3.67445320e+00 
 	  -3.64369806e+00 
 	  -3.61524950e+00 
 	  -3.59952576e+00 
 	  -3.60026181e+00 
 	  -3.61556893e+00 
 	  -3.63684493e+00 
 	  -3.64890034e+00 
 	  -3.63919572e+00 
 	  -3.61033290e+00 
 	  -3.57729116e+00 
 	  -3.55395182e+00 
 	  -3.54701798e+00 
 	  -3.55700637e+00 
 	  -3.57824504e+00 
 	  -3.59727630e+00 
 	  -3.59766808e+00 
 	  -3.57431534e+00 
 	  -3.53915005e+00 
 	  -3.50882868e+00 
 	  -3.49361059e+00 
 	  -3.49656461e+00 
 	  -3.51480596e+00 
 	  -3.53787856e+00 
 	  -3.54840815e+00 
 	  -3.53390863e+00 
 	  -3.50000001e+00 
 	  -3.46417317e+00 
 	  -3.44059611e+00 
 	  -3.43533649e+00 
 	  -3.44809139e+00 
 	  -3.47175793e+00 
 	  -3.49065304e+00 
 	  -3.48721440e+00 
 	  -3.45850448e+00 
 	  -3.41964032e+00 
 	  -3.38828392e+00 
 	  -3.37415483e+00 
 	  -3.37954688e+00 
 	  -3.40049085e+00 
 	  -3.42459175e+00 
 	  -3.43258573e+00 
 	  -3.41287206e+00 
 	  -3.37443326e+00 
 	  -3.33670176e+00 
 	  -3.31359087e+00 
 	  -3.31035668e+00 
 	  -3.32581175e+00 
 	  -3.35132667e+00 
 	  -3.36908777e+00 
 	  -3.36108716e+00 
 	  -3.32723835e+00 
 	  -3.28553019e+00 
 	  -3.25395710e+00 
 	  -3.24140074e+00 
 	  -3.24931284e+00 
 	  -3.27256688e+00 
 	  -3.29680745e+00 
 	  -3.30132747e+00 
 	  -3.27625415e+00 
 	  -3.23401537e+00 
 	  -3.19528848e+00 
 	  -3.17326527e+00 
 	  -3.17227916e+00 
 	  -3.19021326e+00 
 	  -3.21685034e+00 
 	  -3.23246435e+00 
 	  -3.21939240e+00 
 	  -3.18089433e+00 
 	  -3.13729050e+00 
 	  -3.10626236e+00 
 	  -3.09564337e+00 
 	  -3.10601034e+00 
 	  -3.13102600e+00 
 	  -3.15443633e+00 
 	  -3.15468306e+00 
 	  -3.12439834e+00 
 	  -3.07925928e+00 
 	  -3.04042903e+00 
 	  -3.02000757e+00 
 	  -3.02135191e+00 
 	  -3.04138837e+00 
 	  -3.06829915e+00 
 	  -3.08080038e+00 
 	  -3.06241732e+00 
 	  -3.02000259e+00 
 	  -2.97549145e+00 
 	  -2.94568040e+00 
 	  -2.93722919e+00 
 	  -2.94983418e+00 
 	  -2.97592057e+00 
 	  -2.99749924e+00 
 	  -2.99287663e+00 
 	  -2.95782146e+00 
 	  -2.91079657e+00 
 	  -2.87269504e+00 
 	  -2.85426198e+00 
 	  -2.85787154e+00 
 	  -2.87948404e+00 
 	  -2.90573284e+00 
 	  -2.91427011e+00 
 	  -2.89063575e+00 
 	  -2.84523475e+00 
 	  -2.80079166e+00 
 	  -2.77275306e+00 
 	  -2.76655552e+00 
 	  -2.78103111e+00 
 	  -2.80737724e+00 
 	  -2.82615010e+00 
 	  -2.81632018e+00 
 	  -2.77720549e+00 
 	  -2.72936405e+00 
 	  -2.69272598e+00 
 	  -2.67652596e+00 
 	  -2.68218570e+00 
 	  -2.70471154e+00 
 	  -2.72932084e+00 
 	  -2.73322397e+00 
 	  -2.70470622e+00 
 	  -2.65738912e+00 
 	  -2.61392704e+00 
 	  -2.58807839e+00 
 	  -2.58407067e+00 
 	  -2.59990608e+00 
 	  -2.62561297e+00 
 	  -2.64069786e+00 
 	  -2.62561995e+00 
 	  -2.58338382e+00 
 	  -2.53578929e+00 
 	  -2.50122162e+00 
 	  -2.48734838e+00 
 	  -2.49469665e+00 
 	  -2.51735823e+00 
 	  -2.53936309e+00 
 	  -2.53820261e+00 
 	  -2.50546263e+00 
 	  -2.45737341e+00 
 	  -2.41569993e+00 
 	  -2.39230649e+00 
 	  -2.39027518e+00 
 	  -2.40683031e+00 
 	  -2.43095249e+00 
 	  -2.44162542e+00 
 	  -2.42157464e+00 
 	  -2.37732298e+00 
 	  -2.33097593e+00 
 	  -2.29893507e+00 
 	  -2.28732836e+00 
 	  -2.29586604e+00 
 	  -2.31780086e+00 
 	  -2.33630996e+00 
 	  -2.32994387e+00 
 	  -2.29389819e+00 
 	  -2.24618627e+00 
 	  -2.20696882e+00 
 	  -2.18613607e+00 
 	  -2.18572383e+00 
 	  -2.20225060e+00 
 	  -2.22384629e+00 
 	  -2.22960353e+00 
 	  -2.20516535e+00 
 	  -2.16010129e+00 
 	  -2.11588951e+00 
 	  -2.08666674e+00 
 	  -2.07711503e+00 
 	  -2.08622089e+00 
 	  -2.10652007e+00 
 	  -2.12077971e+00 
 	  -2.10938126e+00 
 	  -2.07114376e+00 
 	  -2.02489851e+00 
 	  -1.98863918e+00 
 	  -1.97031183e+00 
 	  -1.97102880e+00 
 	  -1.98670000e+00 
 	  -2.00488795e+00 
 	  -2.00549784e+00 
 	  -1.97753748e+00 
 	  -1.93288588e+00 
 	  -1.89154421e+00 
 	  -1.86525924e+00 
 	  -1.85740809e+00 
 	  -1.86636061e+00 
 	  -1.88411526e+00 
 	  -1.89357131e+00 
 	  -1.87763329e+00 
 	  -1.83844232e+00 
 	  -1.79463510e+00 
 	  -1.76165524e+00 
 	  -1.74562273e+00 
 	  -1.74686363e+00 
 	  -1.76080920e+00 
 	  -1.77482916e+00 
 	  -1.77036734e+00 
 	  -1.73997607e+00 
 	  -1.69690940e+00 
 	  -1.65899092e+00 
 	  -1.63559313e+00 
 	  -1.62895921e+00 
 	  -1.63696499e+00 
 	  -1.65131868e+00 
 	  -1.65567082e+00 
 	  -1.63598403e+00 
 	  -1.59712117e+00 
 	  -1.55655848e+00 
 	  -1.52699314e+00 
 	  -1.51290099e+00 
 	  -1.51396804e+00 
 	  -1.52531807e+00 
 	  -1.53459065e+00 
 	  -1.52545345e+00 
 	  -1.49387621e+00 
 	  -1.45344774e+00 
 	  -1.41930694e+00 
 	  -1.39858382e+00 
 	  -1.39257411e+00 
 	  -1.39880251e+00 
 	  -1.40900760e+00 
 	  -1.40824953e+00 
 	  -1.38585590e+00 
 	  -1.34856395e+00 
 	  -1.31185384e+00 
 	  -1.28565521e+00 
 	  -1.27302195e+00 
 	  -1.27315322e+00 
 	  -1.28108641e+00 
 	  -1.28526729e+00 
 	  -1.27215969e+00 
 	  -1.24071070e+00 
 	  -1.20379971e+00 
 	  -1.17358732e+00 
 	  -1.15517911e+00 
 	  -1.14911528e+00 
 	  -1.15273863e+00 
 	  -1.15821266e+00 
 	  -1.15265289e+00 
 	  -1.12877672e+00 
 	  -1.09418383e+00 
 	  -1.06171655e+00 
 	  -1.03866547e+00 
 	  -1.02690441e+00 
 	  -1.02530742e+00 
 	  -1.02910284e+00 
 	  -1.02812550e+00 
 	  -1.01202284e+00 
 	  -9.81997193e-01 
 	  -9.49269280e-01 
 	  -9.22937750e-01 
 	  -9.06357696e-01 
 	  -8.99504962e-01 
 	  -8.99743258e-01 
 	  -9.00121142e-01 
 	  -8.90379781e-01 
 	  -8.66343189e-01 
 	  -8.35399264e-01 
 	  -8.07341815e-01 
 	  -7.87066156e-01 
 	  -7.75511539e-01 
 	  -7.71401177e-01 
 	  -7.70490413e-01 
 	  -7.64591897e-01 
 	  -7.46677383e-01 
 	  -7.19266865e-01 
 	  -6.91150827e-01 
 	  -6.68469132e-01 
 	  -6.53128181e-01 
 	  -6.44728196e-01 
 	  -6.40896369e-01 
 	  -6.36073295e-01 
 	  -6.23052911e-01 
 	  -6.00183663e-01 
 	  -5.73613245e-01 
 	  -5.49916596e-01 
 	  -5.31915156e-01 
 	  -5.19851950e-01 
 	  -5.12491714e-01 
 	  -5.06507706e-01 
 	  -4.96232729e-01 
 	  -4.77815927e-01 
 	  -4.54036314e-01 
 	  -4.30717386e-01 
 	  -4.11293328e-01 
 	  -3.96528541e-01 
 	  -3.85835524e-01 
 	  -3.77390909e-01 
 	  -3.67550751e-01 
 	  -3.52381989e-01 
 	  -3.31922559e-01 
 	  -3.10196428e-01 
 	  -2.90613495e-01 
 	  -2.74284133e-01 
 	  -2.60980726e-01 
 	  -2.49725743e-01 
 	  -2.38543891e-01 
 	  -2.24724360e-01 
 	  -2.07148301e-01 
 	  -1.87783782e-01 
 	  -1.69211867e-01 
 	  -1.52520121e-01 
 	  -1.37625806e-01 
 	  -1.23944797e-01 
 	  -1.10531678e-01 
 	  -9.61563235e-02 
 	  -8.01221562e-02 
 	  -6.31485162e-02 
 	  -4.64742880e-02 
 	  -3.05863831e-02 
 	  -1.52571520e-02 
 	   9.97647226e-01 
 	  -1.62123190e-06 
 	   1.71866552e+00 

 tiempo de programa :   5.61e-01