
   problema       n       m         f         iter   feval      CPU(s)     inercia  
---------------------------------------------------------------------------------------------
        bt1       2       1   -1.0000e+00      10    12     1.4522e-01    1
        bt2       3       1   3.2570e-02      10    13     2.9694e-03    1
        bt4       3       2   -4.5511e+01       5     7     8.4476e-03    1
        bt5       3       2   9.6172e+02       6     7     2.0319e-03    1
        bt6       5       2   2.7704e-01       8    10     2.5690e-03    1
        bt7       5       3   3.0650e+02      18    36     6.1387e-03    1
        bt8 ,    problema mal escalado ,     iter =   3 
        bt9       4       2   -1.0000e+00      21    53     8.7183e-03    1
       bt11       5       3   8.2489e-01       7     9     2.2335e-03    1
       bt12       5       3   6.1881e+00       3     4     1.3776e-03    1
   byrdsphr ,    problema mal escalado ,     iter =   1 
     catena      32      11   -2.3078e+04       7    10     2.9090e-03    1
   catenary     496     166   -3.4840e+05      38    45     7.8010e-02    1
   dixchlng      10       5   2.4719e+03       8    10     3.1278e-03    1
     dtoc1l   14985    9990   1.2534e+02       5     6     7.7216e-01    1
    dtoc1na    1485     990   1.2702e+01       5     6     3.2797e-01    1
    dtoc1nb    1485     990   1.5938e+01       5     6     3.3610e-01    1
    dtoc1nc    1485     990   2.4970e+01      15    31     5.6130e-01    1
    dtoc1nd     735     490   1.2877e+01      20    28     5.7141e-01    1
      dtoc2    5994    3996   5.0868e-01       7    14     4.2745e-01    1
      dtoc4   14996    9997   2.8685e+00       3     4     4.2933e-01    1
      dtoc5    9998    4999   1.5351e+00       3     4     1.7040e-01    1
      dtoc6   10000    5000   1.3485e+05      21    44     7.3579e-01    1
    eigena2     110      55   1.0169e-29       5     6     1.9699e-02    1
   eigenaco ,    problema mal escalado ,     iter =  12 
    eigenb2 ,    problema mal escalado ,     iter =   5 
   eigenbco ,    problema mal escalado ,     iter =  31 
    eigenc2 ,    problema mal escalado ,     iter =   6 
   eigencco      30      15   4.6064e-11      16    21     2.6316e-02    1
    gilbert      10       1   3.3452e+00      13    16     3.8838e-03    1
      hs006       2       1   0.0000e+00       5    15     2.2456e-03    1
      hs007       2       1   -1.7321e+00      15    32     3.9912e-03    1
      hs009       2       1   -5.0000e-01       5    11     1.8069e-03    1
      hs026       3       1   2.8206e-10      16    17     3.9029e-03    1
      hs027       3       1   4.0000e-02      32   128     8.9221e-03    1
      hs039       4       2   -1.0000e+00      21    53     5.6198e-03    1
      hs040       4       3   -2.5000e-01       3     4     1.3691e-03    1
      hs046       5       2   4.5655e-08       8     9     2.7392e-03    1
      hs047       5       3   2.7660e-08      13    15     3.9382e-03    1
      hs049       5       2   4.5732e-06      11    12     2.9241e-03    1
      hs050       5       3   6.3837e-13       8     9     2.2770e-03    1
      hs061       3       2   -1.4365e+02       8     9     5.8036e-03    1
      hs077       5       2   2.4151e-01       8    10     2.4150e-03    1
      hs078       5       3   -2.9197e+00       3     4     1.4944e-03    1
      hs079       5       3   7.8777e-02       4     5     1.7467e-03    1
   hs100lnp       7       2   6.8063e+02       6     8     2.4587e-03    1
   hs111lnp      10       3   -4.7761e+01      10    16     5.1229e-03    1
        lch ,    problema mal escalado ,     iter =  16 
    maratos       2       1   -1.0000e+00      11    13     3.0074e-03    1
   maratos2       2       1   -1.0000e+00      11    14     3.0965e-03    1
    mwright       5       3   2.4979e+01       9    12     3.1263e-03    1
   orthrdm2    4003    2000   1.5553e+02       6     9     5.6115e-01    1
   orthrds2 ,    problema mal escalado ,     iter =  44 
   orthrega ,    problema mal escalado ,     iter =   9 
   orthregb      27       6   4.6471e-15       2     3     3.4114e-03    1
   orthregc   10005    5000   1.8959e+02      20    33     2.1525e+01    1
   orthregd   10003    5000   1.5239e+03       7    11     4.3549e+00    1
   orthrgdm   10003    5000   1.5138e+03       8    13     4.4025e+00    1
   orthrgds ,    problema mal escalado ,     iter =  14 
