 Nombre del problema                      bt11  
 Numero de variables                       5 
 Numero de restricciones                   3 
 Numero maximo de iteraciones              50 
 Tolerancia                               1.00e-05 

 Objetivo en el punto inicial             1.000000000000000e+00 
 Norma de las restricciones en el punto inicial              1.18e+01 
 Norma del gradiente de la Lagrangiana en el punto inicial    2.00e+00 

   k          f              ||c||          ||gL||      
--------------------------------------------------------- 
    1     1.08552172e+01     2.91e+00      3.35e+01    
    2     2.35137488e+00     7.75e-01      9.55e+00    
    3     8.78704439e-01     2.36e-01      2.46e+00    
    4     7.63663967e-01     7.65e-02      4.34e-01    
    5     8.21122445e-01     3.97e-03      5.92e-02    
    6     8.24856420e-01     3.63e-05      8.50e-04    
    7     8.24891760e-01     1.64e-08      4.12e-08    


 Minimizador local del modelo: 
 	   9.65300466e-01 
 	   3.51043828e-01 
 	   1.26757596e+00 
 	  -1.36415838e-02 
 	  -7.32424043e-01 

 tiempo de programa :   1.98e-03