 Nombre del problema                      bt12  
 Numero de variables                       5 
 Numero de restricciones                   3 
 Numero maximo de iteraciones              50 
 Tolerancia                               1.00e-05 

 Objetivo en el punto inicial             4.999754420000000e+00 
 Norma de las restricciones en el punto inicial              7.61e+00 
 Norma del gradiente de la Lagrangiana en el punto inicial    3.18e+00 

   k          f              ||c||          ||gL||      
--------------------------------------------------------- 
    1     6.18999748e+00     3.92e+00      1.27e+00    
    2     6.18812419e+00     2.02e-02      3.06e-03    
    3     6.18811881e+00     7.74e-06      7.85e-07    


 Minimizador local del modelo: 
 	   2.47524752e+01 
 	   2.47524765e-01 
 	   0.00000000e+00 
 	   2.42434794e+01 
 	   4.76995604e+00 

 tiempo de programa :   1.20e-03