 Nombre del problema                      bt6  
 Numero de variables                       5 
 Numero de restricciones                   2 
 Numero maximo de iteraciones              50 
 Tolerancia                               1.00e-05 

 Objetivo en el punto inicial             4.000000000000000e+00 
 Norma de las restricciones en el punto inicial              5.66e+01 
 Norma del gradiente de la Lagrangiana en el punto inicial    6.84e+00 

   k         f             ||c||      ||gL||     alpha        mu     
-----------------------------------------------------------------------
    1     1.26069843e+00     1.69e+01      2.08e+00   1.00e+00   3.33e-01  
    2     5.52900065e-01     4.09e+00      6.85e-01   1.00e+00   3.33e-01  
    3     3.70818745e-01     5.23e-01      2.61e-01   1.00e+00   3.33e-01  
    4     3.26452366e-01     1.16e-02      1.24e-01   1.00e+00   3.33e-01  
    5     2.94148390e-01     7.57e-03      7.41e-02   1.00e+00   3.33e-01  
    6     2.76391965e-01     1.19e-02      1.99e-02   5.00e-01   3.33e-01  
    7     2.77029232e-01     3.22e-04      1.70e-03   1.00e+00   3.33e-01  
    8     2.77044729e-01     9.59e-07      2.05e-05   1.00e+00   3.33e-01  


 Minimizador local del modelo: 
 	   1.28692825e+00 
 	   1.48023277e+00 
 	   1.37945576e+00 
 	   1.32194297e+00 
 	   6.28686982e-01 

 tiempo de programa :   2.95e-03