 Nombre del problema                      dtoc1nb  
 Numero de variables                    1485 
 Numero de restricciones                 990 
 Numero maximo de iteraciones              50 
 Tolerancia                               1.00e-05 

 Objetivo en el punto inicial             3.484375000000000e+01 
 Norma de las restricciones en el punto inicial              0.00e+00 
 Norma del gradiente de la Lagrangiana en el punto inicial    1.13e+01 

   k          f              ||c||          ||gL||      
--------------------------------------------------------- 
    1     1.95373288e+01     4.47e-01      2.16e+00    
    2     1.54352210e+01     3.82e-01      1.42e+00    
    3     1.58974638e+01     1.68e-02      1.00e-01    
    4     1.59371239e+01     2.45e-04      1.28e-03    
    5     1.59377776e+01     2.73e-08      1.32e-07    


 Minimizador local del modelo: 
 	  -2.02705297e-01 
 	  -1.55073603e-01 
 	  -1.17873052e-01 
 	  -8.67758233e-02 
 	  -5.97642727e-02 
 	  -1.98062614e-01 
 	  -1.48661687e-01 
 	  -1.10236947e-01 
 	  -7.81840196e-02 
 	  -5.03782439e-02 
 	  -2.00517529e-01 
 	  -1.49749375e-01 
 	  -1.10538036e-01 
 	  -7.79456405e-02 
 	  -4.97332371e-02 
 	  -2.03219058e-01 
 	  -1.51709177e-01 
 	  -1.12113707e-01 
 	  -7.92802859e-02 
 	  -5.09000398e-02 
 	  -2.04689987e-01 
 	  -1.52904450e-01 
 	  -1.13180593e-01 
 	  -8.02750285e-02 
 	  -5.18502284e-02 
 	  -2.05070151e-01 
 	  -1.53297717e-01 
 	  -1.13592314e-01 
 	  -8.07054811e-02 
 	  -5.22986463e-02 
 	  -2.04891815e-01 
 	  -1.53261816e-01 
 	  -1.13638465e-01 
 	  -8.08084358e-02 
 	  -5.24448832e-02 
 	  -2.04592910e-01 
 	  -1.53118057e-01 
 	  -1.13581368e-01 
 	  -8.08098148e-02 
 	  -5.24898641e-02 
 	  -2.04385060e-01 
 	  -1.53019970e-01 
 	  -1.13544801e-01 
 	  -8.08148482e-02 
 	  -5.25259670e-02 
 	  -2.04305435e-01 
 	  -1.52994127e-01 
 	  -1.13549736e-01 
 	  -8.08409453e-02 
 	  -5.25680913e-02 
 	  -2.04310976e-01 
 	  -1.53012004e-01 
 	  -1.13575319e-01 
 	  -8.08721870e-02 
 	  -5.26038425e-02 
 	  -2.04347171e-01 
 	  -1.53039698e-01 
 	  -1.13598786e-01 
 	  -8.08931009e-02 
 	  -5.26230453e-02 
 	  -2.04378951e-01 
 	  -1.53058104e-01 
 	  -1.13609863e-01 
 	  -8.08993181e-02 
 	  -5.26256943e-02 
 	  -2.04394411e-01 
 	  -1.53063525e-01 
 	  -1.13609555e-01 
 	  -8.08950791e-02 
 	  -5.26184842e-02 
 	  -2.04396226e-01 
 	  -1.53060561e-01 
 	  -1.13603714e-01 
 	  -8.08871803e-02 
 	  -5.26089775e-02 
 	  -2.04391731e-01 
 	  -1.53055208e-01 
 	  -1.13597713e-01 
 	  -8.08806479e-02 
 	  -5.26019882e-02 
 	  -2.04386795e-01 
 	  -1.53051245e-01 
 	  -1.13594212e-01 
 	  -8.08774119e-02 
 	  -5.25989199e-02 
 	  -2.04383995e-01 
 	  -1.53049712e-01 
 	  -1.13593379e-01 
 	  -8.08770458e-02 
 	  -5.25988990e-02 
 	  -2.04383370e-01 
 	  -1.53049952e-01 
 	  -1.13594131e-01 
 	  -8.08781598e-02 
 	  -5.26002934e-02 
 	  -2.04383908e-01 
 	  -1.53050858e-01 
 	  -1.13595277e-01 
 	  -8.08794880e-02 
 	  -5.26017693e-02 
 	  -2.04384644e-01 
 	  -1.53051635e-01 
 	  -1.13596100e-01 
 	  -8.08803543e-02 
 	  -5.26026759e-02 
 	  -2.04385092e-01 
 	  -1.53051993e-01 
 	  -1.13596414e-01 
 	  -8.08806428e-02 
 	  -5.26029483e-02 
 	  -2.04385198e-01 
 	  -1.53051997e-01 
 	  -1.13596359e-01 
 	  -8.08805462e-02 
 	  -5.26028197e-02 
 	  -2.04385111e-01 
 	  -1.53051843e-01 
 	  -1.13596162e-01 
 	  -8.08803169e-02 
 	  -5.26025640e-02 
 	  -2.04384990e-01 
 	  -1.53051692e-01 
 	  -1.13595989e-01 
 	  -8.08801266e-02 
 	  -5.26023591e-02 
 	  -2.04384917e-01 
 	  -1.53051613e-01 
 	  -1.13595904e-01 
 	  -8.08800364e-02 
 	  -5.26022641e-02 
 	  -2.04384904e-01 
 	  -1.53051604e-01 
 	  -1.13595897e-01 
 	  -8.08800302e-02 
 	  -5.26022587e-02 
 	  -2.04384923e-01 
 	  -1.53051630e-01 
 	  -1.13595927e-01 
 	  -8.08800641e-02 
 	  -5.26022956e-02 
 	  -2.04384947e-01 
 	  -1.53051659e-01 
 	  -1.13595961e-01 
 	  -8.08801008e-02 
 	  -5.26023352e-02 
 	  -2.04384959e-01 
 	  -1.53051675e-01 
 	  -1.13595980e-01 
 	  -8.08801224e-02 
 	  -5.26023586e-02 
 	  -2.04384960e-01 
 	  -1.53051678e-01 
 	  -1.13595984e-01 
 	  -8.08801277e-02 
 	  -5.26023646e-02 
 	  -2.04384956e-01 
 	  -1.53051674e-01 
 	  -1.13595980e-01 
 	  -8.08801233e-02 
 	  -5.26023602e-02 
 	  -2.04384951e-01 
 	  -1.53051668e-01 
 	  -1.13595974e-01 
 	  -8.08801168e-02 
 	  -5.26023533e-02 
 	  -2.04384948e-01 
 	  -1.53051665e-01 
 	  -1.13595970e-01 
 	  -8.08801122e-02 
 	  -5.26023483e-02 
 	  -2.04384948e-01 
 	  -1.53051664e-01 
 	  -1.13595969e-01 
 	  -8.08801107e-02 
 	  -5.26023465e-02 
 	  -2.04384949e-01 
 	  -1.53051665e-01 
 	  -1.13595969e-01 
 	  -8.08801111e-02 
 	  -5.26023469e-02 
 	  -2.04384951e-01 
 	  -1.53051666e-01 
 	  -1.13595970e-01 
 	  -8.08801123e-02 
 	  -5.26023481e-02 
 	  -2.04384951e-01 
 	  -1.53051667e-01 
 	  -1.13595971e-01 
 	  -8.08801132e-02 
 	  -5.26023490e-02 
 	  -2.04384951e-01 
 	  -1.53051667e-01 
 	  -1.13595971e-01 
 	  -8.08801135e-02 
 	  -5.26023495e-02 
 	  -2.04384951e-01 
 	  -1.53051667e-01 
 	  -1.13595971e-01 
 	  -8.08801135e-02 
 	  -5.26023495e-02 
 	  -2.04384950e-01 
 	  -1.53051667e-01 
 	  -1.13595971e-01 
 	  -8.08801133e-02 
 	  -5.26023493e-02 
 	  -2.04384950e-01 
 	  -1.53051666e-01 
 	  -1.13595971e-01 
 	  -8.08801131e-02 
 	  -5.26023491e-02 
 	  -2.04384950e-01 
 	  -1.53051666e-01 
 	  -1.13595971e-01 
 	  -8.08801130e-02 
 	  -5.26023490e-02 
 	  -2.04384950e-01 
 	  -1.53051666e-01 
 	  -1.13595971e-01 
 	  -8.08801130e-02 
 	  -5.26023490e-02 
 	  -2.04384951e-01 
 	  -1.53051666e-01 
 	  -1.13595971e-01 
 	  -8.08801131e-02 
 	  -5.26023490e-02 
 	  -2.04384951e-01 
 	  -1.53051667e-01 
 	  -1.13595971e-01 
 	  -8.08801131e-02 
 	  -5.26023490e-02 
 	  -2.04384951e-01 
 	  -1.53051667e-01 
 	  -1.13595971e-01 
 	  -8.08801131e-02 
 	  -5.26023491e-02 
 	  -2.04384951e-01 
 	  -1.53051667e-01 
 	  -1.13595971e-01 
 	  -8.08801131e-02 
 	  -5.26023491e-02 
 	  -2.04384951e-01 
 	  -1.53051667e-01 
 	  -1.13595971e-01 
 	  -8.08801131e-02 
 	  -5.26023491e-02 
 	  -2.04384951e-01 
 	  -1.53051667e-01 
 	  -1.13595971e-01 
 	  -8.08801131e-02 
 	  -5.26023490e-02 
 	  -2.04384951e-01 
 	  -1.53051667e-01 
 	  -1.13595971e-01 
 	  -8.08801131e-02 
 	  -5.26023490e-02 
 	  -2.04384950e-01 
 	  -1.53051666e-01 
 	  -1.13595971e-01 
 	  -8.08801131e-02 
 	  -5.26023490e-02 
 	  -2.04384950e-01 
 	  -1.53051666e-01 
 	  -1.13595971e-01 
 	  -8.08801131e-02 
 	  -5.26023490e-02 
 	  -2.04384950e-01 
 	  -1.53051666e-01 
 	  -1.13595971e-01 
 	  -8.08801131e-02 
 	  -5.26023490e-02 
 	  -2.04384951e-01 
 	  -1.53051667e-01 
 	  -1.13595971e-01 
 	  -8.08801131e-02 
 	  -5.26023490e-02 
 	  -2.04384951e-01 
 	  -1.53051667e-01 
 	  -1.13595971e-01 
 	  -8.08801131e-02 
 	  -5.26023490e-02 
 	  -2.04384951e-01 
 	  -1.53051667e-01 
 	  -1.13595971e-01 
 	  -8.08801132e-02 
 	  -5.26023490e-02 
 	  -2.04384951e-01 
 	  -1.53051667e-01 
 	  -1.13595971e-01 
 	  -8.08801132e-02 
 	  -5.26023491e-02 
 	  -2.04384951e-01 
 	  -1.53051667e-01 
 	  -1.13595971e-01 
 	  -8.08801132e-02 
 	  -5.26023492e-02 
 	  -2.04384950e-01 
 	  -1.53051666e-01 
 	  -1.13595971e-01 
 	  -8.08801131e-02 
 	  -5.26023491e-02 
 	  -2.04384949e-01 
 	  -1.53051666e-01 
 	  -1.13595970e-01 
 	  -8.08801129e-02 
 	  -5.26023490e-02 
 	  -2.04384948e-01 
 	  -1.53051665e-01 
 	  -1.13595970e-01 
 	  -8.08801126e-02 
 	  -5.26023488e-02 
 	  -2.04384949e-01 
 	  -1.53051666e-01 
 	  -1.13595970e-01 
 	  -8.08801126e-02 
 	  -5.26023486e-02 
 	  -2.04384953e-01 
 	  -1.53051668e-01 
 	  -1.13595971e-01 
 	  -8.08801131e-02 
 	  -5.26023487e-02 
 	  -2.04384959e-01 
 	  -1.53051671e-01 
 	  -1.13595974e-01 
 	  -8.08801144e-02 
 	  -5.26023494e-02 
 	  -2.04384963e-01 
 	  -1.53051674e-01 
 	  -1.13595976e-01 
 	  -8.08801161e-02 
 	  -5.26023506e-02 
 	  -2.04384961e-01 
 	  -1.53051673e-01 
 	  -1.13595976e-01 
 	  -8.08801165e-02 
 	  -5.26023515e-02 
 	  -2.04384946e-01 
 	  -1.53051664e-01 
 	  -1.13595970e-01 
 	  -8.08801136e-02 
 	  -5.26023504e-02 
 	  -2.04384916e-01 
 	  -1.53051646e-01 
 	  -1.13595959e-01 
 	  -8.08801064e-02 
 	  -5.26023462e-02 
 	  -2.04384883e-01 
 	  -1.53051626e-01 
 	  -1.13595945e-01 
 	  -8.08800968e-02 
 	  -5.26023398e-02 
 	  -2.04384874e-01 
 	  -1.53051620e-01 
 	  -1.13595940e-01 
 	  -8.08800924e-02 
 	  -5.26023359e-02 
 	  -2.04384928e-01 
 	  -1.53051651e-01 
 	  -1.13595960e-01 
 	  -8.08801047e-02 
 	  -5.26023425e-02 
 	  -2.04385069e-01 
 	  -1.53051738e-01 
 	  -1.13596017e-01 
 	  -8.08801423e-02 
 	  -5.26023660e-02 
 	  -2.04385273e-01 
 	  -1.53051864e-01 
 	  -1.13596100e-01 
 	  -8.08801975e-02 
 	  -5.26024008e-02 
 	  -2.04385430e-01 
 	  -1.53051958e-01 
 	  -1.13596159e-01 
 	  -8.08802342e-02 
 	  -5.26024210e-02 
 	  -2.04385341e-01 
 	  -1.53051893e-01 
 	  -1.13596107e-01 
 	  -8.08801898e-02 
 	  -5.26023820e-02 
 	  -2.04384790e-01 
 	  -1.53051538e-01 
 	  -1.13595857e-01 
 	  -8.08800080e-02 
 	  -5.26022495e-02 
 	  -2.04383711e-01 
 	  -1.53050869e-01 
 	  -1.13595411e-01 
 	  -8.08797079e-02 
 	  -5.26020553e-02 
 	  -2.04382413e-01 
 	  -1.53050121e-01 
 	  -1.13594963e-01 
 	  -8.08794597e-02 
 	  -5.26019537e-02 
 	  -2.04381752e-01 
 	  -1.53049868e-01 
 	  -1.13594943e-01 
 	  -8.08795987e-02 
 	  -5.26022126e-02 
 	  -2.04383031e-01 
 	  -1.53050915e-01 
 	  -1.13595883e-01 
 	  -8.08804783e-02 
 	  -5.26030556e-02 
 	  -2.04387454e-01 
 	  -1.53053851e-01 
 	  -1.13598029e-01 
 	  -8.08821142e-02 
 	  -5.26043263e-02 
 	  -2.04395050e-01 
 	  -1.53058316e-01 
 	  -1.13600782e-01 
 	  -8.08837344e-02 
 	  -5.26051167e-02 
 	  -2.04403411e-01 
 	  -1.53062302e-01 
 	  -1.13602315e-01 
 	  -8.08836097e-02 
 	  -5.26037541e-02 
 	  -2.04407008e-01 
 	  -1.53062165e-01 
 	  -1.13599990e-01 
 	  -8.08797509e-02 
 	  -5.25987155e-02 
 	  -2.04398243e-01 
 	  -1.53054102e-01 
 	  -1.13592119e-01 
 	  -8.08718954e-02 
 	  -5.25907992e-02 
 	  -2.04371022e-01 
 	  -1.53037233e-01 
 	  -1.13580850e-01 
 	  -8.08642994e-02 
 	  -5.25858722e-02 
 	  -2.04326084e-01 
 	  -1.53016836e-01 
 	  -1.13574265e-01 
 	  -8.08670832e-02 
 	  -5.25956705e-02 
 	  -2.04274081e-01 
 	  -1.53003722e-01 
 	  -1.13583569e-01 
 	  -8.08918884e-02 
 	  -5.26322696e-02 
 	  -2.04228388e-01 
 	  -1.53003710e-01 
 	  -1.13610317e-01 
 	  -8.09373747e-02 
 	  -5.26921566e-02 
 	  -2.04177385e-01 
 	  -1.52992483e-01 
 	  -1.13622099e-01 
 	  -8.09651062e-02 
 	  -5.27320456e-02 
 	  -2.04030026e-01 
 	  -1.52880235e-01 
 	  -1.13527411e-01 
 	  -8.08810757e-02 
 	  -5.26551947e-02 
 	  -2.03546951e-01 
 	  -1.52493157e-01 
 	  -1.13186271e-01 
 	  -8.05664762e-02 
 	  -5.23575154e-02 
 	  -2.02326627e-01 
 	  -1.51647541e-01 
 	  -1.12538781e-01 
 	  -8.00457664e-02 
 	  -5.19267774e-02 
 	  -2.00085812e-01 
 	  -1.50503276e-01 
 	  -1.12016132e-01 
 	  -7.99447152e-02 
 	  -5.21406444e-02 
 	  -1.97842695e-01 
 	  -1.50622384e-01 
 	  -1.13565950e-01 
 	  -8.25117857e-02 
 	  -5.54961479e-02 
 	  -2.01202416e-01 
 	  -1.57727640e-01 
 	  -1.23151602e-01 
 	  -9.39690957e-02 
 	  -6.84688044e-02 
 	  -2.32086923e-01 
 	  -1.91772033e-01 
 	  -1.59907843e-01 
 	  -1.33103883e-01 
 	  -1.09730998e-01 
 	   9.44518534e-02 
 	   3.45102769e-02 
 	  -2.54312996e-02 
 	  -8.53728761e-02 
 	  -1.45314453e-01 
 	  -2.05256029e-01 
 	  -2.65197606e-01 
 	  -3.25139182e-01 
 	  -3.85080759e-01 
 	  -4.45022335e-01 
 	   1.54287843e-01 
 	   4.42392275e-02 
 	  -2.72110305e-02 
 	  -9.86612886e-02 
 	  -1.70111547e-01 
 	  -2.41561805e-01 
 	  -3.13012063e-01 
 	  -3.84462321e-01 
 	  -4.55912579e-01 
 	  -4.01121859e-01 
 	   1.81723033e-01 
 	   3.12292993e-02 
 	  -3.38811412e-02 
 	  -1.08641171e-01 
 	  -1.83401201e-01 
 	  -2.58161231e-01 
 	  -3.32921260e-01 
 	  -4.07681290e-01 
 	  -4.50881076e-01 
 	  -3.44377587e-01 
 	   1.92185524e-01 
 	   1.59980344e-02 
 	  -3.68560143e-02 
 	  -1.15880681e-01 
 	  -1.92492950e-01 
 	  -2.69105220e-01 
 	  -3.45717489e-01 
 	  -4.14439697e-01 
 	  -4.29955965e-01 
 	  -3.19042132e-01 
 	   1.94914981e-01 
 	   5.74652539e-03 
 	  -3.62046110e-02 
 	  -1.21471317e-01 
 	  -1.98989171e-01 
 	  -2.77110123e-01 
 	  -3.53258560e-01 
 	  -4.12160482e-01 
 	  -4.14824423e-01 
 	  -3.15542725e-01 
 	   1.94818276e-01 
 	   8.24166293e-04 
 	  -3.43693169e-02 
 	  -1.26087702e-01 
 	  -2.03253542e-01 
 	  -2.82165017e-01 
 	  -3.55627830e-01 
 	  -4.06901019e-01 
 	  -4.08880438e-01 
 	  -3.19881274e-01 
 	   1.94114100e-01 
 	  -7.16848610e-04 
 	  -3.30756130e-02 
 	  -1.29758849e-01 
 	  -2.05470996e-01 
 	  -2.84331930e-01 
 	  -3.54484719e-01 
 	  -4.02581419e-01 
 	  -4.08833994e-01 
 	  -3.24200194e-01 
 	   1.93566936e-01 
 	  -8.03115784e-04 
 	  -3.27819308e-02 
 	  -1.32298255e-01 
 	  -2.06035114e-01 
 	  -2.84412103e-01 
 	  -3.52133800e-01 
 	  -4.00543458e-01 
 	  -4.10823481e-01 
 	  -3.26229750e-01 
 	   1.93292455e-01 
 	  -5.85143149e-04 
 	  -3.31672532e-02 
 	  -1.33671061e-01 
 	  -2.05560791e-01 
 	  -2.83551629e-01 
 	  -3.50226779e-01 
 	  -4.00377323e-01 
 	  -4.12572622e-01 
 	  -3.26454447e-01 
 	   1.93197395e-01 
 	  -4.96087855e-04 
 	  -3.37297384e-02 
 	  -1.34094590e-01 
 	  -2.04697256e-01 
 	  -2.82675073e-01 
 	  -3.49338618e-01 
 	  -4.01079970e-01 
 	  -4.13396483e-01 
 	  -3.25961002e-01 
 	   1.93175367e-01 
 	  -5.63025133e-04 
 	  -3.41315815e-02 
 	  -1.33940150e-01 
 	  -2.03928613e-01 
 	  -2.82216631e-01 
 	  -3.49273176e-01 
 	  -4.01840983e-01 
 	  -4.13488920e-01 
 	  -3.25485690e-01 
 	   1.93165744e-01 
 	  -6.81055075e-04 
 	  -3.42744994e-02 
 	  -1.33575382e-01 
 	  -2.03481098e-01 
 	  -2.82183749e-01 
 	  -3.49573591e-01 
 	  -4.02296964e-01 
 	  -4.13269795e-01 
 	  -3.25276395e-01 
 	   1.93150365e-01 
 	  -7.62951803e-04 
 	  -3.42233151e-02 
 	  -1.33251944e-01 
 	  -2.03355364e-01 
 	  -2.82377842e-01 
 	  -3.49878063e-01 
 	  -4.02435617e-01 
 	  -4.13042959e-01 
 	  -3.25284073e-01 
 	   1.93132624e-01 
 	  -7.81511329e-04 
 	  -3.40953166e-02 
 	  -1.33075191e-01 
 	  -2.03430158e-01 
 	  -2.82595392e-01 
 	  -3.50034068e-01 
 	  -4.02394420e-01 
 	  -4.12923777e-01 
 	  -3.25376275e-01 
 	   1.93120029e-01 
 	  -7.54049637e-04 
 	  -3.39827905e-02 
 	  -1.33038422e-01 
 	  -2.03567649e-01 
 	  -2.82726597e-01 
 	  -3.50050118e-01 
 	  -4.02308368e-01 
 	  -4.12901486e-01 
 	  -3.25456731e-01 
 	   1.93115976e-01 
 	  -7.12033107e-04 
 	  -3.39255690e-02 
 	  -1.33082283e-01 
 	  -2.03676504e-01 
 	  -2.82758328e-01 
 	  -3.49998691e-01 
 	  -4.02248993e-01 
 	  -4.12923578e-01 
 	  -3.25492516e-01 
 	   1.93118907e-01 
 	  -6.79295030e-04 
 	  -3.39200585e-02 
 	  -1.33145406e-01 
 	  -2.03725613e-01 
 	  -2.82729880e-01 
 	  -3.49944000e-01 
 	  -4.02229526e-01 
 	  -4.12948296e-01 
 	  -3.25492809e-01 
 	   1.93124865e-01 
 	  -6.64725350e-04 
 	  -3.39424658e-02 
 	  -1.33190573e-01 
 	  -2.03725978e-01 
 	  -2.82687162e-01 
 	  -3.49915109e-01 
 	  -4.02234607e-01 
 	  -4.12959311e-01 
 	  -3.25479245e-01 
 	   1.93130251e-01 
 	  -6.65397957e-04 
 	  -3.39690992e-02 
 	  -1.33207771e-01 
 	  -2.03703945e-01 
 	  -2.82657874e-01 
 	  -3.49911628e-01 
 	  -4.02245768e-01 
 	  -4.12958432e-01 
 	  -3.25467613e-01 
 	   1.93133240e-01 
 	  -6.73466055e-04 
 	  -3.39864661e-02 
 	  -1.33204314e-01 
 	  -2.03681609e-01 
 	  -2.82648362e-01 
 	  -3.49920686e-01 
 	  -4.02252877e-01 
 	  -4.12953363e-01 
 	  -3.25463278e-01 
 	   1.93133792e-01 
 	  -6.81874575e-04 
 	  -3.39919134e-02 
 	  -1.33192664e-01 
 	  -2.03669292e-01 
 	  -2.82652179e-01 
 	  -3.49930453e-01 
 	  -4.02254343e-01 
 	  -4.12949770e-01 
 	  -3.25464540e-01 
 	   1.93132867e-01 
 	  -6.86951204e-04 
 	  -3.39892691e-02 
 	  -1.33182319e-01 
 	  -2.03667194e-01 
 	  -2.82660077e-01 
 	  -3.49935492e-01 
 	  -4.02252752e-01 
 	  -4.12949213e-01 
 	  -3.25467634e-01 
 	   1.93131568e-01 
 	  -6.88276758e-04 
 	  -3.39838829e-02 
 	  -1.33177187e-01 
 	  -2.03670721e-01 
 	  -2.82665937e-01 
 	  -3.49935878e-01 
 	  -4.02250909e-01 
 	  -4.12950569e-01 
 	  -3.25469895e-01 
 	   1.93130614e-01 
 	  -6.87229654e-04 
 	  -3.39795255e-02 
 	  -1.33176788e-01 
 	  -2.03675161e-01 
 	  -2.82667999e-01 
 	  -3.49934051e-01 
 	  -4.02250124e-01 
 	  -4.12952156e-01 
 	  -3.25470558e-01 
 	   1.93130227e-01 
 	  -6.85488963e-04 
 	  -3.39775580e-02 
 	  -1.33178775e-01 
 	  -2.03677922e-01 
 	  -2.82667327e-01 
 	  -3.49932229e-01 
 	  -4.02250327e-01 
 	  -4.12952991e-01 
 	  -3.25470111e-01 
 	   1.93130280e-01 
 	  -6.84162705e-04 
 	  -3.39775829e-02 
 	  -1.33180971e-01 
 	  -2.03678602e-01 
 	  -2.82665754e-01 
 	  -3.49931389e-01 
 	  -4.02250889e-01 
 	  -4.12952987e-01 
 	  -3.25469364e-01 
 	   1.93130524e-01 
 	  -6.83604545e-04 
 	  -3.39785335e-02 
 	  -1.33182263e-01 
 	  -2.03678001e-01 
 	  -2.82664561e-01 
 	  -3.49931447e-01 
 	  -4.02251296e-01 
 	  -4.12952546e-01 
 	  -3.25468851e-01 
 	   1.93130756e-01 
 	  -6.83650622e-04 
 	  -3.39794949e-02 
 	  -1.33182542e-01 
 	  -2.03677098e-01 
 	  -2.82664144e-01 
 	  -3.49931889e-01 
 	  -4.02251384e-01 
 	  -4.12952103e-01 
 	  -3.25468710e-01 
 	   1.93130883e-01 
 	  -6.83959789e-04 
 	  -3.39800311e-02 
 	  -1.33182222e-01 
 	  -2.03676489e-01 
 	  -2.82664299e-01 
 	  -3.49932273e-01 
 	  -4.02251253e-01 
 	  -4.12951880e-01 
 	  -3.25468815e-01 
 	   1.93130905e-01 
 	  -6.84255541e-04 
 	  -3.39801282e-02 
 	  -1.33181773e-01 
 	  -2.03676311e-01 
 	  -2.82664643e-01 
 	  -3.49932423e-01 
 	  -4.02251076e-01 
 	  -4.12951878e-01 
 	  -3.25468986e-01 
 	   1.93130867e-01 
 	  -6.84413853e-04 
 	  -3.39799776e-02 
 	  -1.33181473e-01 
 	  -2.03676420e-01 
 	  -2.82664903e-01 
 	  -3.49932379e-01 
 	  -4.02250968e-01 
 	  -4.12951989e-01 
 	  -3.25469102e-01 
 	   1.93130818e-01 
 	  -6.84437775e-04 
 	  -3.39797809e-02 
 	  -1.33181382e-01 
 	  -2.03676610e-01 
 	  -2.82664992e-01 
 	  -3.49932264e-01 
 	  -4.02250952e-01 
 	  -4.12952102e-01 
 	  -3.25469135e-01 
 	   1.93130786e-01 
 	  -6.84388856e-04 
 	  -3.39796529e-02 
 	  -1.33181431e-01 
 	  -2.03676746e-01 
 	  -2.82664954e-01 
 	  -3.49932174e-01 
 	  -4.02250993e-01 
 	  -4.12952160e-01 
 	  -3.25469112e-01 
 	   1.93130775e-01 
 	  -6.84328512e-04 
 	  -3.39796157e-02 
 	  -1.33181522e-01 
 	  -2.03676791e-01 
 	  -2.82664875e-01 
 	  -3.49932142e-01 
 	  -4.02251043e-01 
 	  -4.12952164e-01 
 	  -3.25469074e-01 
 	   1.93130780e-01 
 	  -6.84290398e-04 
 	  -3.39796374e-02 
 	  -1.33181589e-01 
 	  -2.03676771e-01 
 	  -2.82664815e-01 
 	  -3.49932156e-01 
 	  -4.02251073e-01 
 	  -4.12952138e-01 
 	  -3.25469048e-01 
 	   1.93130790e-01 
 	  -6.84279959e-04 
 	  -3.39796763e-02 
 	  -1.33181613e-01 
 	  -2.03676730e-01 
 	  -2.82664794e-01 
 	  -3.49932185e-01 
 	  -4.02251078e-01 
 	  -4.12952111e-01 
 	  -3.25469040e-01 
 	   1.93130797e-01 
 	  -6.84287028e-04 
 	  -3.39797048e-02 
 	  -1.33181606e-01 
 	  -2.03676699e-01 
 	  -2.82664803e-01 
 	  -3.49932208e-01 
 	  -4.02251067e-01 
 	  -4.12952096e-01 
 	  -3.25469045e-01 
 	   1.93130800e-01 
 	  -6.84298848e-04 
 	  -3.39797153e-02 
 	  -1.33181588e-01 
 	  -2.03676688e-01 
 	  -2.82664821e-01 
 	  -3.49932216e-01 
 	  -4.02251055e-01 
 	  -4.12952094e-01 
 	  -3.25469054e-01 
 	   1.93130800e-01 
 	  -6.84307339e-04 
 	  -3.39797124e-02 
 	  -1.33181573e-01 
 	  -2.03676692e-01 
 	  -2.82664835e-01 
 	  -3.49932212e-01 
 	  -4.02251047e-01 
 	  -4.12952100e-01 
 	  -3.25469060e-01 
 	   1.93130798e-01 
 	  -6.84310328e-04 
 	  -3.39797048e-02 
 	  -1.33181567e-01 
 	  -2.03676700e-01 
 	  -2.82664840e-01 
 	  -3.49932205e-01 
 	  -4.02251045e-01 
 	  -4.12952106e-01 
 	  -3.25469061e-01 
 	   1.93130796e-01 
 	  -6.84309388e-04 
 	  -3.39796986e-02 
 	  -1.33181568e-01 
 	  -2.03676708e-01 
 	  -2.82664839e-01 
 	  -3.49932200e-01 
 	  -4.02251047e-01 
 	  -4.12952110e-01 
 	  -3.25469060e-01 
 	   1.93130795e-01 
 	  -6.84307089e-04 
 	  -3.39796960e-02 
 	  -1.33181572e-01 
 	  -2.03676710e-01 
 	  -2.82664835e-01 
 	  -3.49932197e-01 
 	  -4.02251050e-01 
 	  -4.12952111e-01 
 	  -3.25469058e-01 
 	   1.93130795e-01 
 	  -6.84305256e-04 
 	  -3.39796963e-02 
 	  -1.33181575e-01 
 	  -2.03676710e-01 
 	  -2.82664831e-01 
 	  -3.49932198e-01 
 	  -4.02251052e-01 
 	  -4.12952110e-01 
 	  -3.25469057e-01 
 	   1.93130796e-01 
 	  -6.84304511e-04 
 	  -3.39796978e-02 
 	  -1.33181576e-01 
 	  -2.03676708e-01 
 	  -2.82664830e-01 
 	  -3.49932200e-01 
 	  -4.02251053e-01 
 	  -4.12952108e-01 
 	  -3.25469057e-01 
 	   1.93130796e-01 
 	  -6.84304623e-04 
 	  -3.39796992e-02 
 	  -1.33181576e-01 
 	  -2.03676706e-01 
 	  -2.82664830e-01 
 	  -3.49932201e-01 
 	  -4.02251052e-01 
 	  -4.12952107e-01 
 	  -3.25469057e-01 
 	   1.93130796e-01 
 	  -6.84305076e-04 
 	  -3.39796998e-02 
 	  -1.33181576e-01 
 	  -2.03676706e-01 
 	  -2.82664831e-01 
 	  -3.49932202e-01 
 	  -4.02251052e-01 
 	  -4.12952107e-01 
 	  -3.25469057e-01 
 	   1.93130796e-01 
 	  -6.84305470e-04 
 	  -3.39796998e-02 
 	  -1.33181575e-01 
 	  -2.03676706e-01 
 	  -2.82664832e-01 
 	  -3.49932202e-01 
 	  -4.02251051e-01 
 	  -4.12952107e-01 
 	  -3.25469058e-01 
 	   1.93130796e-01 
 	  -6.84305647e-04 
 	  -3.39796995e-02 
 	  -1.33181574e-01 
 	  -2.03676706e-01 
 	  -2.82664832e-01 
 	  -3.49932201e-01 
 	  -4.02251051e-01 
 	  -4.12952108e-01 
 	  -3.25469058e-01 
 	   1.93130796e-01 
 	  -6.84305636e-04 
 	  -3.39796992e-02 
 	  -1.33181574e-01 
 	  -2.03676706e-01 
 	  -2.82664832e-01 
 	  -3.49932201e-01 
 	  -4.02251051e-01 
 	  -4.12952108e-01 
 	  -3.25469058e-01 
 	   1.93130796e-01 
 	  -6.84305543e-04 
 	  -3.39796990e-02 
 	  -1.33181575e-01 
 	  -2.03676707e-01 
 	  -2.82664832e-01 
 	  -3.49932201e-01 
 	  -4.02251051e-01 
 	  -4.12952108e-01 
 	  -3.25469058e-01 
 	   1.93130796e-01 
 	  -6.84305455e-04 
 	  -3.39796990e-02 
 	  -1.33181575e-01 
 	  -2.03676707e-01 
 	  -2.82664832e-01 
 	  -3.49932201e-01 
 	  -4.02251051e-01 
 	  -4.12952108e-01 
 	  -3.25469057e-01 
 	   1.93130796e-01 
 	  -6.84305412e-04 
 	  -3.39796991e-02 
 	  -1.33181575e-01 
 	  -2.03676706e-01 
 	  -2.82664832e-01 
 	  -3.49932201e-01 
 	  -4.02251051e-01 
 	  -4.12952108e-01 
 	  -3.25469057e-01 
 	   1.93130796e-01 
 	  -6.84305415e-04 
 	  -3.39796991e-02 
 	  -1.33181575e-01 
 	  -2.03676706e-01 
 	  -2.82664832e-01 
 	  -3.49932201e-01 
 	  -4.02251051e-01 
 	  -4.12952108e-01 
 	  -3.25469057e-01 
 	   1.93130796e-01 
 	  -6.84305443e-04 
 	  -3.39796992e-02 
 	  -1.33181575e-01 
 	  -2.03676706e-01 
 	  -2.82664832e-01 
 	  -3.49932201e-01 
 	  -4.02251051e-01 
 	  -4.12952108e-01 
 	  -3.25469057e-01 
 	   1.93130796e-01 
 	  -6.84305475e-04 
 	  -3.39796992e-02 
 	  -1.33181575e-01 
 	  -2.03676706e-01 
 	  -2.82664832e-01 
 	  -3.49932201e-01 
 	  -4.02251051e-01 
 	  -4.12952108e-01 
 	  -3.25469057e-01 
 	   1.93130796e-01 
 	  -6.84305491e-04 
 	  -3.39796992e-02 
 	  -1.33181575e-01 
 	  -2.03676706e-01 
 	  -2.82664832e-01 
 	  -3.49932201e-01 
 	  -4.02251051e-01 
 	  -4.12952108e-01 
 	  -3.25469057e-01 
 	   1.93130796e-01 
 	  -6.84305475e-04 
 	  -3.39796992e-02 
 	  -1.33181575e-01 
 	  -2.03676706e-01 
 	  -2.82664832e-01 
 	  -3.49932201e-01 
 	  -4.02251051e-01 
 	  -4.12952108e-01 
 	  -3.25469058e-01 
 	   1.93130796e-01 
 	  -6.84305425e-04 
 	  -3.39796992e-02 
 	  -1.33181575e-01 
 	  -2.03676706e-01 
 	  -2.82664832e-01 
 	  -3.49932201e-01 
 	  -4.02251052e-01 
 	  -4.12952108e-01 
 	  -3.25469058e-01 
 	   1.93130796e-01 
 	  -6.84305360e-04 
 	  -3.39796991e-02 
 	  -1.33181575e-01 
 	  -2.03676707e-01 
 	  -2.82664832e-01 
 	  -3.49932201e-01 
 	  -4.02251052e-01 
 	  -4.12952108e-01 
 	  -3.25469058e-01 
 	   1.93130796e-01 
 	  -6.84305335e-04 
 	  -3.39796991e-02 
 	  -1.33181575e-01 
 	  -2.03676706e-01 
 	  -2.82664832e-01 
 	  -3.49932201e-01 
 	  -4.02251052e-01 
 	  -4.12952108e-01 
 	  -3.25469058e-01 
 	   1.93130796e-01 
 	  -6.84305426e-04 
 	  -3.39796991e-02 
 	  -1.33181575e-01 
 	  -2.03676706e-01 
 	  -2.82664832e-01 
 	  -3.49932201e-01 
 	  -4.02251051e-01 
 	  -4.12952107e-01 
 	  -3.25469057e-01 
 	   1.93130796e-01 
 	  -6.84305669e-04 
 	  -3.39796991e-02 
 	  -1.33181574e-01 
 	  -2.03676706e-01 
 	  -2.82664831e-01 
 	  -3.49932200e-01 
 	  -4.02251050e-01 
 	  -4.12952106e-01 
 	  -3.25469056e-01 
 	   1.93130795e-01 
 	  -6.84305983e-04 
 	  -3.39796992e-02 
 	  -1.33181574e-01 
 	  -2.03676705e-01 
 	  -2.82664830e-01 
 	  -3.49932199e-01 
 	  -4.02251049e-01 
 	  -4.12952105e-01 
 	  -3.25469055e-01 
 	   1.93130795e-01 
 	  -6.84306095e-04 
 	  -3.39796993e-02 
 	  -1.33181574e-01 
 	  -2.03676706e-01 
 	  -2.82664831e-01 
 	  -3.49932199e-01 
 	  -4.02251049e-01 
 	  -4.12952105e-01 
 	  -3.25469055e-01 
 	   1.93130795e-01 
 	  -6.84305612e-04 
 	  -3.39796994e-02 
 	  -1.33181575e-01 
 	  -2.03676707e-01 
 	  -2.82664832e-01 
 	  -3.49932201e-01 
 	  -4.02251052e-01 
 	  -4.12952108e-01 
 	  -3.25469059e-01 
 	   1.93130798e-01 
 	  -6.84304294e-04 
 	  -3.39796994e-02 
 	  -1.33181576e-01 
 	  -2.03676709e-01 
 	  -2.82664835e-01 
 	  -3.49932206e-01 
 	  -4.02251057e-01 
 	  -4.12952115e-01 
 	  -3.25469066e-01 
 	   1.93130802e-01 
 	  -6.84302523e-04 
 	  -3.39796990e-02 
 	  -1.33181577e-01 
 	  -2.03676711e-01 
 	  -2.82664839e-01 
 	  -3.49932211e-01 
 	  -4.02251064e-01 
 	  -4.12952123e-01 
 	  -3.25469073e-01 
 	   1.93130805e-01 
 	  -6.84301688e-04 
 	  -3.39796985e-02 
 	  -1.33181577e-01 
 	  -2.03676712e-01 
 	  -2.82664840e-01 
 	  -3.49932213e-01 
 	  -4.02251066e-01 
 	  -4.12952125e-01 
 	  -3.25469072e-01 
 	   1.93130803e-01 
 	  -6.84303966e-04 
 	  -3.39796982e-02 
 	  -1.33181575e-01 
 	  -2.03676708e-01 
 	  -2.82664834e-01 
 	  -3.49932205e-01 
 	  -4.02251056e-01 
 	  -4.12952112e-01 
 	  -3.25469056e-01 
 	   1.93130790e-01 
 	  -6.84310978e-04 
 	  -3.39796987e-02 
 	  -1.33181570e-01 
 	  -2.03676697e-01 
 	  -2.82664818e-01 
 	  -3.49932183e-01 
 	  -4.02251028e-01 
 	  -4.12952077e-01 
 	  -3.25469019e-01 
 	   1.93130766e-01 
 	  -6.84321311e-04 
 	  -3.39797004e-02 
 	  -1.33181564e-01 
 	  -2.03676682e-01 
 	  -2.82664795e-01 
 	  -3.49932151e-01 
 	  -4.02250987e-01 
 	  -4.12952029e-01 
 	  -3.25468975e-01 
 	   1.93130743e-01 
 	  -6.84328145e-04 
 	  -3.39797024e-02 
 	  -1.33181560e-01 
 	  -2.03676672e-01 
 	  -2.82664778e-01 
 	  -3.49932128e-01 
 	  -4.02250959e-01 
 	  -4.12951998e-01 
 	  -3.25468958e-01 
 	   1.93130744e-01 
 	  -6.84319579e-04 
 	  -3.39797023e-02 
 	  -1.33181565e-01 
 	  -2.03676682e-01 
 	  -2.82664794e-01 
 	  -3.49932149e-01 
 	  -4.02250986e-01 
 	  -4.12952037e-01 
 	  -3.25469016e-01 
 	   1.93130801e-01 
 	  -6.84284773e-04 
 	  -3.39796979e-02 
 	  -1.33181585e-01 
 	  -2.03676728e-01 
 	  -2.82664866e-01 
 	  -3.49932246e-01 
 	  -4.02251111e-01 
 	  -4.12952194e-01 
 	  -3.25469190e-01 
 	   1.93130925e-01 
 	  -6.84226724e-04 
 	  -3.39796893e-02 
 	  -1.33181621e-01 
 	  -2.03676811e-01 
 	  -2.82664995e-01 
 	  -3.49932423e-01 
 	  -4.02251336e-01 
 	  -4.12952466e-01 
 	  -3.25469451e-01 
 	   1.93131077e-01 
 	  -6.84176658e-04 
 	  -3.39796830e-02 
 	  -1.33181661e-01 
 	  -2.03676899e-01 
 	  -2.82665131e-01 
 	  -3.49932607e-01 
 	  -4.02251570e-01 
 	  -4.12952733e-01 
 	  -3.25469660e-01 
 	   1.93131136e-01 
 	  -6.84196981e-04 
 	  -3.39796921e-02 
 	  -1.33181675e-01 
 	  -2.03676918e-01 
 	  -2.82665154e-01 
 	  -3.49932636e-01 
 	  -4.02251600e-01 
 	  -4.12952733e-01 
 	  -3.25469552e-01 
 	   1.93130932e-01 
 	  -6.84355285e-04 
 	  -3.39797280e-02 
 	  -1.33181619e-01 
 	  -2.03676767e-01 
 	  -2.82664908e-01 
 	  -3.49932293e-01 
 	  -4.02251151e-01 
 	  -4.12952144e-01 
 	  -3.25468845e-01 
 	   1.93130343e-01 
 	  -6.84660050e-04 
 	  -3.39797810e-02 
 	  -1.33181454e-01 
 	  -2.03676374e-01 
 	  -2.82664287e-01 
 	  -3.49931443e-01 
 	  -4.02250057e-01 
 	  -4.12950798e-01 
 	  -3.25467473e-01 
 	   1.93129485e-01 
 	  -6.84976879e-04 
 	  -3.39797988e-02 
 	  -1.33181179e-01 
 	  -2.03675793e-01 
 	  -2.82663403e-01 
 	  -3.49930250e-01 
 	  -4.02248548e-01 
 	  -4.12949027e-01 
 	  -3.25465905e-01 
 	   1.93128878e-01 
 	  -6.84988315e-04 
 	  -3.39796872e-02 
 	  -1.33180884e-01 
 	  -2.03675306e-01 
 	  -2.82662728e-01 
 	  -3.49929382e-01 
 	  -4.02247497e-01 
 	  -4.12947940e-01 
 	  -3.25465341e-01 
 	   1.93129423e-01 
 	  -6.84294629e-04 
 	  -3.39793676e-02 
 	  -1.33180788e-01 
 	  -2.03675446e-01 
 	  -2.82663106e-01 
 	  -3.49929997e-01 
 	  -4.02248393e-01 
 	  -4.12949327e-01 
 	  -3.25467472e-01 
 	   1.93131973e-01 
 	  -6.82728366e-04 
 	  -3.39789087e-02 
 	  -1.33181233e-01 
 	  -2.03676841e-01 
 	  -2.82665447e-01 
 	  -3.49933295e-01 
 	  -4.02252722e-01 
 	  -4.12954844e-01 
 	  -3.25473534e-01 
 	   1.93136435e-01 
 	  -6.80820264e-04 
 	  -3.39786828e-02 
 	  -1.33182568e-01 
 	  -2.03679809e-01 
 	  -2.82670039e-01 
 	  -3.49939535e-01 
 	  -4.02260683e-01 
 	  -4.12964427e-01 
 	  -3.25482724e-01 
 	   1.93140789e-01 
 	  -6.80105980e-04 
 	  -3.39793875e-02 
 	  -1.33184868e-01 
 	  -2.03683767e-01 
 	  -2.82675638e-01 
 	  -3.49946808e-01 
 	  -4.02269637e-01 
 	  -4.12974489e-01 
 	  -3.25490713e-01 
 	   1.93140923e-01 
 	  -6.82717797e-04 
 	  -3.39816802e-02 
 	  -1.33187500e-01 
 	  -2.03686723e-01 
 	  -2.82678901e-01 
 	  -3.49950401e-01 
 	  -4.02273411e-01 
 	  -4.12977361e-01 
 	  -3.25489758e-01 
 	   1.93132527e-01 
 	  -6.89741227e-04 
 	  -3.39852444e-02 
 	  -1.33188697e-01 
 	  -2.03685375e-01 
 	  -2.82675011e-01 
 	  -3.49943946e-01 
 	  -4.02264041e-01 
 	  -4.12963839e-01 
 	  -3.25472088e-01 
 	   1.93115584e-01 
 	  -6.98510043e-04 
 	  -3.39875093e-02 
 	  -1.33185481e-01 
 	  -2.03676318e-01 
 	  -2.82660152e-01 
 	  -3.49923185e-01 
 	  -4.02236901e-01 
 	  -4.12929790e-01 
 	  -3.25436894e-01 
 	   1.93099604e-01 
 	  -7.00584022e-04 
 	  -3.39830490e-02 
 	  -1.33174490e-01 
 	  -2.03658370e-01 
 	  -2.82635332e-01 
 	  -3.49891315e-01 
 	  -4.02197633e-01 
 	  -4.12884421e-01 
 	  -3.25397523e-01 
 	   1.93103793e-01 
 	  -6.84187376e-04 
 	  -3.39656016e-02 
 	  -1.33154045e-01 
 	  -2.03634733e-01 
 	  -2.82608609e-01 
 	  -3.49861308e-01 
 	  -4.02164536e-01 
 	  -4.12851995e-01 
 	  -3.25379837e-01 
 	   1.93142653e-01 
 	  -6.45768900e-04 
 	  -3.39347214e-02 
 	  -1.33126891e-01 
 	  -2.03611724e-01 
 	  -2.82589794e-01 
 	  -3.49846611e-01 
 	  -4.02155045e-01 
 	  -4.12853058e-01 
 	  -3.25398284e-01 
 	   1.93189429e-01 
 	  -6.11957862e-04 
 	  -3.39066457e-02 
 	  -1.33100975e-01 
 	  -2.03589141e-01 
 	  -2.82570447e-01 
 	  -3.49830721e-01 
 	  -4.02144511e-01 
 	  -4.12851990e-01 
 	  -3.25399804e-01 
 	   1.93125371e-01 
 	  -6.61281371e-04 
 	  -3.39217905e-02 
 	  -1.33082254e-01 
 	  -2.03538011e-01 
 	  -2.82486620e-01 
 	  -3.49714808e-01 
 	  -4.01998434e-01 
 	  -4.12675609e-01 
 	  -3.25187624e-01 
 	   1.92722839e-01 
 	  -9.10314804e-04 
 	  -3.40273803e-02 
 	  -1.33049782e-01 
 	  -2.03368055e-01 
 	  -2.82178826e-01 
 	  -3.49270032e-01 
 	  -4.01417449e-01 
 	  -4.11956492e-01 
 	  -3.24389658e-01 
 	   1.91787264e-01 
 	  -1.38832209e-03 
 	  -3.41931997e-02 
 	  -1.32903735e-01 
 	  -2.02908997e-01 
 	  -2.81406648e-01 
 	  -3.48185446e-01 
 	  -4.00020147e-01 
 	  -4.10260139e-01 
 	  -3.22643579e-01 
 	   1.90716900e-01 
 	  -1.66496704e-03 
 	  -3.40971819e-02 
 	  -1.32398584e-01 
 	  -2.01994033e-01 
 	  -2.80082281e-01 
 	  -3.46451981e-01 
 	  -3.97880669e-01 
 	  -4.07783888e-01 
 	  -3.20400754e-01 
 	   1.91984530e-01 
 	   3.72017842e-06 
 	  -3.26948686e-02 
 	  -1.31138976e-01 
 	  -2.00886009e-01 
 	  -2.79126293e-01 
 	  -3.45648851e-01 
 	  -3.97249172e-01 
 	  -4.07500424e-01 
 	  -3.21235461e-01 
 	   2.03754735e-01 
 	   8.62558001e-03 
 	  -2.73075092e-02 
 	  -1.28759644e-01 
 	  -2.01550176e-01 
 	  -2.82832170e-01 
 	  -3.52401428e-01 
 	  -4.07101733e-01 
 	  -4.20729008e-01 
 	  -3.37692819e-01 
 	  -2.66549794e-01 
 	  -2.10869312e-01 
 	  -1.70979777e-01 
 	  -1.38950124e-01 
 	  -1.11774641e-01 
 	   2.52136422e-01 
 	   3.95431092e-02 
 	  -1.01109591e-02 
 	  -1.25158166e-01 
 	  -2.11617675e-01 
 	  -3.06560132e-01 
 	  -3.89806118e-01 
 	  -4.58277553e-01 
 	  -4.85763846e-01 
 	  -4.11522507e-01 

 tiempo de programa :   3.42e-01