 Nombre del problema                      dtoc1na  
 Numero de variables                    1485 
 Numero de restricciones                 990 
 Numero maximo de iteraciones              50 
 Tolerancia                               1.00e-05 

 Objetivo en el punto inicial             3.484375000000000e+01 
 Norma de las restricciones en el punto inicial              0.00e+00 
 Norma del gradiente de la Lagrangiana en el punto inicial    1.13e+01 

   k          f              ||c||          ||gL||      
--------------------------------------------------------- 
    1     1.98700375e+01     4.17e-02      2.09e+00    
    2     1.34007319e+01     9.06e-02      2.33e+00    
    3     1.27170649e+01     2.66e-03      1.90e-01    
    4     1.27019357e+01     8.45e-05      6.49e-03    
    5     1.27020298e+01     1.16e-07      8.63e-06    


 Minimizador local del modelo: 
 	  -1.91884852e-01 
 	  -1.60984076e-01 
 	  -1.34876447e-01 
 	  -1.12048132e-01 
 	  -9.16302063e-02 
 	  -1.77874922e-01 
 	  -1.51359954e-01 
 	  -1.28360974e-01 
 	  -1.07902793e-01 
 	  -8.93820754e-02 
 	  -1.77793314e-01 
 	  -1.52394860e-01 
 	  -1.30248020e-01 
 	  -1.10477210e-01 
 	  -9.25323060e-02 
 	  -1.79580055e-01 
 	  -1.54637372e-01 
 	  -1.32855400e-01 
 	  -1.13390372e-01 
 	  -9.57098131e-02 
 	  -1.80541214e-01 
 	  -1.55938491e-01 
 	  -1.34426180e-01 
 	  -1.15185379e-01 
 	  -9.76973684e-02 
 	  -1.80583995e-01 
 	  -1.56290701e-01 
 	  -1.35017789e-01 
 	  -1.15971842e-01 
 	  -9.86480980e-02 
 	  -1.80190669e-01 
 	  -1.56161691e-01 
 	  -1.35090518e-01 
 	  -1.16206728e-01 
 	  -9.90181367e-02 
 	  -1.79758060e-01 
 	  -1.55928845e-01 
 	  -1.35009526e-01 
 	  -1.16247280e-01 
 	  -9.91595679e-02 
 	  -1.79463558e-01 
 	  -1.55766311e-01 
 	  -1.34947451e-01 
 	  -1.16265674e-01 
 	  -9.92447805e-02 
 	  -1.79325015e-01 
 	  -1.55702423e-01 
 	  -1.34940671e-01 
 	  -1.16304829e-01 
 	  -9.93222117e-02 
 	  -1.79291278e-01 
 	  -1.55702665e-01 
 	  -1.34967139e-01 
 	  -1.16352555e-01 
 	  -9.93877741e-02 
 	  -1.79304383e-01 
 	  -1.55725510e-01 
 	  -1.34997671e-01 
 	  -1.16389437e-01 
 	  -9.94300738e-02 
 	  -1.79326154e-01 
 	  -1.55745468e-01 
 	  -1.35016376e-01 
 	  -1.16407231e-01 
 	  -9.94471818e-02 
 	  -1.79340603e-01 
 	  -1.55754546e-01 
 	  -1.35021374e-01 
 	  -1.16408971e-01 
 	  -9.94462220e-02 
 	  -1.79345960e-01 
 	  -1.55754981e-01 
 	  -1.35018013e-01 
 	  -1.16402534e-01 
 	  -9.94372073e-02 
 	  -1.79345927e-01 
 	  -1.55751827e-01 
 	  -1.35012427e-01 
 	  -1.16394961e-01 
 	  -9.94279539e-02 
 	  -1.79344267e-01 
 	  -1.55748803e-01 
 	  -1.35008328e-01 
 	  -1.16389975e-01 
 	  -9.94222113e-02 
 	  -1.79342953e-01 
 	  -1.55747311e-01 
 	  -1.35006689e-01 
 	  -1.16388207e-01 
 	  -9.94203303e-02 
 	  -1.79342403e-01 
 	  -1.55747157e-01 
 	  -1.35006839e-01 
 	  -1.16388604e-01 
 	  -9.94209332e-02 
 	  -1.79342329e-01 
 	  -1.55747604e-01 
 	  -1.35007691e-01 
 	  -1.16389787e-01 
 	  -9.94223955e-02 
 	  -1.79342382e-01 
 	  -1.55748059e-01 
 	  -1.35008459e-01 
 	  -1.16390810e-01 
 	  -9.94236358e-02 
 	  -1.79342397e-01 
 	  -1.55748280e-01 
 	  -1.35008841e-01 
 	  -1.16391324e-01 
 	  -9.94242610e-02 
 	  -1.79342366e-01 
 	  -1.55748290e-01 
 	  -1.35008884e-01 
 	  -1.16391393e-01 
 	  -9.94243512e-02 
 	  -1.79342335e-01 
 	  -1.55748208e-01 
 	  -1.35008761e-01 
 	  -1.16391236e-01 
 	  -9.94241667e-02 
 	  -1.79342335e-01 
 	  -1.55748131e-01 
 	  -1.35008624e-01 
 	  -1.16391051e-01 
 	  -9.94239397e-02 
 	  -1.79342361e-01 
 	  -1.55748098e-01 
 	  -1.35008545e-01 
 	  -1.16390934e-01 
 	  -9.94237917e-02 
 	  -1.79342392e-01 
 	  -1.55748102e-01 
 	  -1.35008527e-01 
 	  -1.16390900e-01 
 	  -9.94237427e-02 
 	  -1.79342412e-01 
 	  -1.55748120e-01 
 	  -1.35008545e-01 
 	  -1.16390916e-01 
 	  -9.94237588e-02 
 	  -1.79342416e-01 
 	  -1.55748135e-01 
 	  -1.35008569e-01 
 	  -1.16390948e-01 
 	  -9.94237966e-02 
 	  -1.79342409e-01 
 	  -1.55748141e-01 
 	  -1.35008585e-01 
 	  -1.16390971e-01 
 	  -9.94238271e-02 
 	  -1.79342400e-01 
 	  -1.55748140e-01 
 	  -1.35008589e-01 
 	  -1.16390981e-01 
 	  -9.94238408e-02 
 	  -1.79342393e-01 
 	  -1.55748135e-01 
 	  -1.35008587e-01 
 	  -1.16390980e-01 
 	  -9.94238410e-02 
 	  -1.79342391e-01 
 	  -1.55748132e-01 
 	  -1.35008583e-01 
 	  -1.16390975e-01 
 	  -9.94238351e-02 
 	  -1.79342392e-01 
 	  -1.55748131e-01 
 	  -1.35008580e-01 
 	  -1.16390970e-01 
 	  -9.94238292e-02 
 	  -1.79342395e-01 
 	  -1.55748131e-01 
 	  -1.35008579e-01 
 	  -1.16390968e-01 
 	  -9.94238261e-02 
 	  -1.79342397e-01 
 	  -1.55748132e-01 
 	  -1.35008579e-01 
 	  -1.16390968e-01 
 	  -9.94238255e-02 
 	  -1.79342397e-01 
 	  -1.55748133e-01 
 	  -1.35008580e-01 
 	  -1.16390969e-01 
 	  -9.94238264e-02 
 	  -1.79342397e-01 
 	  -1.55748133e-01 
 	  -1.35008580e-01 
 	  -1.16390970e-01 
 	  -9.94238276e-02 
 	  -1.79342397e-01 
 	  -1.55748133e-01 
 	  -1.35008580e-01 
 	  -1.16390970e-01 
 	  -9.94238282e-02 
 	  -1.79342396e-01 
 	  -1.55748133e-01 
 	  -1.35008580e-01 
 	  -1.16390970e-01 
 	  -9.94238284e-02 
 	  -1.79342396e-01 
 	  -1.55748133e-01 
 	  -1.35008580e-01 
 	  -1.16390970e-01 
 	  -9.94238283e-02 
 	  -1.79342396e-01 
 	  -1.55748133e-01 
 	  -1.35008580e-01 
 	  -1.16390970e-01 
 	  -9.94238281e-02 
 	  -1.79342396e-01 
 	  -1.55748133e-01 
 	  -1.35008580e-01 
 	  -1.16390970e-01 
 	  -9.94238279e-02 
 	  -1.79342396e-01 
 	  -1.55748133e-01 
 	  -1.35008580e-01 
 	  -1.16390970e-01 
 	  -9.94238279e-02 
 	  -1.79342396e-01 
 	  -1.55748133e-01 
 	  -1.35008580e-01 
 	  -1.16390970e-01 
 	  -9.94238279e-02 
 	  -1.79342396e-01 
 	  -1.55748133e-01 
 	  -1.35008580e-01 
 	  -1.16390970e-01 
 	  -9.94238279e-02 
 	  -1.79342396e-01 
 	  -1.55748133e-01 
 	  -1.35008580e-01 
 	  -1.16390970e-01 
 	  -9.94238280e-02 
 	  -1.79342396e-01 
 	  -1.55748133e-01 
 	  -1.35008580e-01 
 	  -1.16390970e-01 
 	  -9.94238280e-02 
 	  -1.79342396e-01 
 	  -1.55748133e-01 
 	  -1.35008580e-01 
 	  -1.16390970e-01 
 	  -9.94238280e-02 
 	  -1.79342396e-01 
 	  -1.55748133e-01 
 	  -1.35008580e-01 
 	  -1.16390970e-01 
 	  -9.94238280e-02 
 	  -1.79342396e-01 
 	  -1.55748133e-01 
 	  -1.35008580e-01 
 	  -1.16390970e-01 
 	  -9.94238280e-02 
 	  -1.79342396e-01 
 	  -1.55748133e-01 
 	  -1.35008580e-01 
 	  -1.16390970e-01 
 	  -9.94238280e-02 
 	  -1.79342396e-01 
 	  -1.55748133e-01 
 	  -1.35008580e-01 
 	  -1.16390970e-01 
 	  -9.94238279e-02 
 	  -1.79342396e-01 
 	  -1.55748133e-01 
 	  -1.35008580e-01 
 	  -1.16390970e-01 
 	  -9.94238279e-02 
 	  -1.79342396e-01 
 	  -1.55748133e-01 
 	  -1.35008580e-01 
 	  -1.16390970e-01 
 	  -9.94238279e-02 
 	  -1.79342396e-01 
 	  -1.55748133e-01 
 	  -1.35008580e-01 
 	  -1.16390970e-01 
 	  -9.94238279e-02 
 	  -1.79342396e-01 
 	  -1.55748133e-01 
 	  -1.35008580e-01 
 	  -1.16390970e-01 
 	  -9.94238280e-02 
 	  -1.79342396e-01 
 	  -1.55748133e-01 
 	  -1.35008580e-01 
 	  -1.16390970e-01 
 	  -9.94238281e-02 
 	  -1.79342396e-01 
 	  -1.55748133e-01 
 	  -1.35008580e-01 
 	  -1.16390970e-01 
 	  -9.94238281e-02 
 	  -1.79342396e-01 
 	  -1.55748133e-01 
 	  -1.35008580e-01 
 	  -1.16390970e-01 
 	  -9.94238280e-02 
 	  -1.79342396e-01 
 	  -1.55748132e-01 
 	  -1.35008580e-01 
 	  -1.16390970e-01 
 	  -9.94238277e-02 
 	  -1.79342396e-01 
 	  -1.55748132e-01 
 	  -1.35008580e-01 
 	  -1.16390969e-01 
 	  -9.94238274e-02 
 	  -1.79342396e-01 
 	  -1.55748133e-01 
 	  -1.35008580e-01 
 	  -1.16390969e-01 
 	  -9.94238274e-02 
 	  -1.79342398e-01 
 	  -1.55748134e-01 
 	  -1.35008581e-01 
 	  -1.16390970e-01 
 	  -9.94238280e-02 
 	  -1.79342399e-01 
 	  -1.55748135e-01 
 	  -1.35008582e-01 
 	  -1.16390972e-01 
 	  -9.94238294e-02 
 	  -1.79342399e-01 
 	  -1.55748136e-01 
 	  -1.35008583e-01 
 	  -1.16390973e-01 
 	  -9.94238309e-02 
 	  -1.79342397e-01 
 	  -1.55748134e-01 
 	  -1.35008582e-01 
 	  -1.16390972e-01 
 	  -9.94238309e-02 
 	  -1.79342390e-01 
 	  -1.55748129e-01 
 	  -1.35008578e-01 
 	  -1.16390969e-01 
 	  -9.94238275e-02 
 	  -1.79342382e-01 
 	  -1.55748121e-01 
 	  -1.35008570e-01 
 	  -1.16390961e-01 
 	  -9.94238201e-02 
 	  -1.79342376e-01 
 	  -1.55748114e-01 
 	  -1.35008563e-01 
 	  -1.16390953e-01 
 	  -9.94238118e-02 
 	  -1.79342383e-01 
 	  -1.55748118e-01 
 	  -1.35008565e-01 
 	  -1.16390954e-01 
 	  -9.94238109e-02 
 	  -1.79342410e-01 
 	  -1.55748142e-01 
 	  -1.35008586e-01 
 	  -1.16390972e-01 
 	  -9.94238281e-02 
 	  -1.79342457e-01 
 	  -1.55748186e-01 
 	  -1.35008628e-01 
 	  -1.16391013e-01 
 	  -9.94238677e-02 
 	  -1.79342507e-01 
 	  -1.55748234e-01 
 	  -1.35008675e-01 
 	  -1.16391060e-01 
 	  -9.94239149e-02 
 	  -1.79342517e-01 
 	  -1.55748245e-01 
 	  -1.35008687e-01 
 	  -1.16391072e-01 
 	  -9.94239275e-02 
 	  -1.79342429e-01 
 	  -1.55748161e-01 
 	  -1.35008605e-01 
 	  -1.16390992e-01 
 	  -9.94238476e-02 
 	  -1.79342198e-01 
 	  -1.55747942e-01 
 	  -1.35008394e-01 
 	  -1.16390786e-01 
 	  -9.94236456e-02 
 	  -1.79341841e-01 
 	  -1.55747623e-01 
 	  -1.35008101e-01 
 	  -1.16390514e-01 
 	  -9.94233888e-02 
 	  -1.79341506e-01 
 	  -1.55747373e-01 
 	  -1.35007915e-01 
 	  -1.16390378e-01 
 	  -9.94232938e-02 
 	  -1.79341509e-01 
 	  -1.55747507e-01 
 	  -1.35008150e-01 
 	  -1.16390696e-01 
 	  -9.94236825e-02 
 	  -1.79342288e-01 
 	  -1.55748380e-01 
 	  -1.35009103e-01 
 	  -1.16391718e-01 
 	  -9.94247658e-02 
 	  -1.79344191e-01 
 	  -1.55750128e-01 
 	  -1.35010745e-01 
 	  -1.16393283e-01 
 	  -9.94262732e-02 
 	  -1.79347059e-01 
 	  -1.55752287e-01 
 	  -1.35012372e-01 
 	  -1.16394491e-01 
 	  -9.94271370e-02 
 	  -1.79349668e-01 
 	  -1.55753487e-01 
 	  -1.35012493e-01 
 	  -1.16393743e-01 
 	  -9.94256651e-02 
 	  -1.79349311e-01 
 	  -1.55751562e-01 
 	  -1.35009344e-01 
 	  -1.16389592e-01 
 	  -9.94206661e-02 
 	  -1.79342063e-01 
 	  -1.55744430e-01 
 	  -1.35002248e-01 
 	  -1.16382488e-01 
 	  -9.94135278e-02 
 	  -1.79324360e-01 
 	  -1.55731750e-01 
 	  -1.34993353e-01 
 	  -1.16376593e-01 
 	  -9.94101006e-02 
 	  -1.79295987e-01 
 	  -1.55716535e-01 
 	  -1.34988184e-01 
 	  -1.16379488e-01 
 	  -9.94197019e-02 
 	  -1.79262859e-01 
 	  -1.55704496e-01 
 	  -1.34992338e-01 
 	  -1.16396707e-01 
 	  -9.94478384e-02 
 	  -1.79234663e-01 
 	  -1.55697552e-01 
 	  -1.35001754e-01 
 	  -1.16419352e-01 
 	  -9.94815584e-02 
 	  -1.79207921e-01 
 	  -1.55677687e-01 
 	  -1.34987054e-01 
 	  -1.16408738e-01 
 	  -9.94742960e-02 
 	  -1.79121123e-01 
 	  -1.55579829e-01 
 	  -1.34879938e-01 
 	  -1.16293604e-01 
 	  -9.93520499e-02 
 	  -1.78770307e-01 
 	  -1.55260317e-01 
 	  -1.34582278e-01 
 	  -1.16011999e-01 
 	  -9.90826782e-02 
 	  -1.77697415e-01 
 	  -1.54488918e-01 
 	  -1.34038754e-01 
 	  -1.15649584e-01 
 	  -9.88694597e-02 
 	  -1.75164531e-01 
 	  -1.53058724e-01 
 	  -1.33459536e-01 
 	  -1.15758253e-01 
 	  -9.95529667e-02 
 	  -1.70641335e-01 
 	  -1.51321700e-01 
 	  -1.33934240e-01 
 	  -1.18058071e-01 
 	  -1.03402232e-01 
 	  -1.66059118e-01 
 	  -1.52168523e-01 
 	  -1.39306790e-01 
 	  -1.27302217e-01 
 	  -1.16024820e-01 
 	  -1.74923209e-01 
 	  -1.69430002e-01 
 	  -1.64113615e-01 
 	  -1.58960429e-01 
 	  -1.53958427e-01 
 	   9.91740658e-02 
 	   3.62668541e-02 
 	  -2.66403577e-02 
 	  -8.95475695e-02 
 	  -1.52454781e-01 
 	  -2.15361993e-01 
 	  -2.78269205e-01 
 	  -3.41176417e-01 
 	  -4.04083628e-01 
 	  -4.66990840e-01 
 	   1.38859930e-01 
 	   2.07910910e-02 
 	  -5.67574291e-02 
 	  -1.34305949e-01 
 	  -2.11854469e-01 
 	  -2.89402989e-01 
 	  -3.66951510e-01 
 	  -4.44500030e-01 
 	  -5.22048550e-01 
 	  -4.67122557e-01 
 	   1.52713197e-01 
 	  -4.08204996e-03 
 	  -7.63849448e-02 
 	  -1.58817919e-01 
 	  -2.41250894e-01 
 	  -3.23683869e-01 
 	  -4.06116843e-01 
 	  -4.88549818e-01 
 	  -5.37864164e-01 
 	  -4.17892113e-01 
 	   1.55458762e-01 
 	  -2.34225986e-02 
 	  -8.52131919e-02 
 	  -1.73191913e-01 
 	  -2.58638114e-01 
 	  -3.44084316e-01 
 	  -4.29530517e-01 
 	  -5.06697061e-01 
 	  -5.24982692e-01 
 	  -3.92424766e-01 
 	   1.54150911e-01 
 	  -3.46803091e-02 
 	  -8.79281467e-02 
 	  -1.82909610e-01 
 	  -2.70077782e-01 
 	  -3.57879083e-01 
 	  -4.43610470e-01 
 	  -5.10481801e-01 
 	  -5.12271699e-01 
 	  -3.88393338e-01 
 	   1.52013882e-01 
 	  -3.98373243e-02 
 	  -8.85847129e-02 
 	  -1.90141437e-01 
 	  -2.77516391e-01 
 	  -3.66643755e-01 
 	  -4.49862864e-01 
 	  -5.07899066e-01 
 	  -5.06692501e-01 
 	  -3.92793420e-01 
 	   1.50251970e-01 
 	  -4.16314457e-02 
 	  -8.91990145e-02 
 	  -1.95401763e-01 
 	  -2.81749395e-01 
 	  -3.71041611e-01 
 	  -4.50645870e-01 
 	  -5.04325047e-01 
 	  -5.06505439e-01 
 	  -3.97426680e-01 
 	   1.49106864e-01 
 	  -4.20675779e-02 
 	  -9.02090450e-02 
 	  -1.98783284e-01 
 	  -2.83507317e-01 
 	  -3.72245431e-01 
 	  -4.48922150e-01 
 	  -5.02183622e-01 
 	  -5.08362183e-01 
 	  -3.99698885e-01 
 	   1.48456657e-01 
 	  -4.21828655e-02 
 	  -9.13437670e-02 
 	  -2.00516747e-01 
 	  -2.83659950e-01 
 	  -3.71757398e-01 
 	  -4.46966815e-01 
 	  -5.01713230e-01 
 	  -5.10061537e-01 
 	  -4.00000745e-01 
 	   1.48110968e-01 
 	  -4.23257008e-02 
 	  -9.22520342e-02 
 	  -2.01046618e-01 
 	  -2.83061855e-01 
 	  -3.70839650e-01 
 	  -4.45819119e-01 
 	  -5.02189567e-01 
 	  -5.10874437e-01 
 	  -3.99469297e-01 
 	   1.47924148e-01 
 	  -4.25098556e-02 
 	  -9.27688443e-02 
 	  -2.00894705e-01 
 	  -2.82354470e-01 
 	  -3.70190769e-01 
 	  -4.45535010e-01 
 	  -5.02852928e-01 
 	  -5.10957809e-01 
 	  -3.98923040e-01 
 	   1.47814392e-01 
 	  -4.26618209e-02 
 	  -9.29277070e-02 
 	  -2.00504259e-01 
 	  -2.81875178e-01 
 	  -3.69977874e-01 
 	  -4.45733826e-01 
 	  -5.03296373e-01 
 	  -5.10724069e-01 
 	  -3.98663132e-01 
 	   1.47745964e-01 
 	  -4.27353506e-02 
 	  -9.28665166e-02 
 	  -2.00154189e-01 
 	  -2.81694323e-01 
 	  -3.70065067e-01 
 	  -4.46031145e-01 
 	  -5.03453492e-01 
 	  -5.10484607e-01 
 	  -3.98654570e-01 
 	   1.47705961e-01 
 	  -4.27334725e-02 
 	  -9.27301392e-02 
 	  -1.99955712e-01 
 	  -2.81726041e-01 
 	  -3.70247393e-01 
 	  -4.46222826e-01 
 	  -5.03429753e-01 
 	  -5.10361709e-01 
 	  -3.98754763e-01 
 	   1.47688335e-01 
 	  -4.26884868e-02 
 	  -9.26148025e-02 
 	  -1.99902452e-01 
 	  -2.81843009e-01 
 	  -3.70386409e-01 
 	  -4.46276967e-01 
 	  -5.03351009e-01 
 	  -5.10344966e-01 
 	  -3.98851261e-01 
 	   1.47686882e-01 
 	  -4.26357709e-02 
 	  -9.25572154e-02 
 	  -1.99935180e-01 
 	  -2.81949976e-01 
 	  -3.70439756e-01 
 	  -4.46248275e-01 
 	  -5.03291726e-01 
 	  -5.10377347e-01 
 	  -3.98899770e-01 
 	   1.47694367e-01 
 	  -4.25979141e-02 
 	  -9.25513373e-02 
 	  -1.99992531e-01 
 	  -2.82006755e-01 
 	  -3.70428949e-01 
 	  -4.46200499e-01 
 	  -5.03270373e-01 
 	  -5.10411800e-01 
 	  -3.98905537e-01 
 	   1.47704165e-01 
 	  -4.25814953e-02 
 	  -9.25730072e-02 
 	  -2.00036376e-01 
 	  -2.82016311e-01 
 	  -3.70394312e-01 
 	  -4.46169579e-01 
 	  -5.03274557e-01 
 	  -5.10428809e-01 
 	  -3.98891508e-01 
 	   1.47711881e-01 
 	  -4.25819008e-02 
 	  -9.25991166e-02 
 	  -2.00054940e-01 
 	  -2.82000597e-01 
 	  -3.70365464e-01 
 	  -4.46161874e-01 
 	  -5.03286142e-01 
 	  -5.10429731e-01 
 	  -3.98876673e-01 
 	   1.47715837e-01 
 	  -4.25903910e-02 
 	  -9.26165716e-02 
 	  -2.00053656e-01 
 	  -2.81980808e-01 
 	  -3.70352992e-01 
 	  -4.46168110e-01 
 	  -5.03294101e-01 
 	  -5.10423626e-01 
 	  -3.98869095e-01 
 	   1.47716464e-01 
 	  -4.25994748e-02 
 	  -9.26225996e-02 
 	  -2.00043705e-01 
 	  -2.81968377e-01 
 	  -3.70353780e-01 
 	  -4.46177112e-01 
 	  -5.03296029e-01 
 	  -5.10417982e-01 
 	  -3.98868381e-01 
 	   1.47715200e-01 
 	  -4.26052230e-02 
 	  -9.26206336e-02 
 	  -2.00034129e-01 
 	  -2.81965096e-01 
 	  -3.70360019e-01 
 	  -4.46182620e-01 
 	  -5.03294290e-01 
 	  -5.10415694e-01 
 	  -3.98870866e-01 
 	   1.47713490e-01 
 	  -4.26070478e-02 
 	  -9.26156949e-02 
 	  -2.00029005e-01 
 	  -2.81967519e-01 
 	  -3.70365563e-01 
 	  -4.46183724e-01 
 	  -5.03291933e-01 
 	  -5.10416184e-01 
 	  -3.98873376e-01 
 	   1.47712234e-01 
 	  -4.26062543e-02 
 	  -9.26114566e-02 
 	  -2.00028264e-01 
 	  -2.81971390e-01 
 	  -3.70368009e-01 
 	  -4.46182316e-01 
 	  -5.03290629e-01 
 	  -5.10417686e-01 
 	  -3.98874561e-01 
 	   1.47711703e-01 
 	  -4.26045474e-02 
 	  -9.26093754e-02 
 	  -2.00029907e-01 
 	  -2.81974070e-01 
 	  -3.70367822e-01 
 	  -4.46180546e-01 
 	  -5.03290537e-01 
 	  -5.10418853e-01 
 	  -3.98874534e-01 
 	   1.47711738e-01 
 	  -4.26031250e-02 
 	  -9.26092146e-02 
 	  -2.00031919e-01 
 	  -2.81974911e-01 
 	  -3.70366533e-01 
 	  -4.46179560e-01 
 	  -5.03291059e-01 
 	  -5.10419245e-01 
 	  -3.98873978e-01 
 	   1.47712031e-01 
 	  -4.26024394e-02 
 	  -9.26100265e-02 
 	  -2.00033186e-01 
 	  -2.81974494e-01 
 	  -3.70365395e-01 
 	  -4.46179460e-01 
 	  -5.03291581e-01 
 	  -5.10419064e-01 
 	  -3.98873472e-01 
 	   1.47712324e-01 
 	  -4.26023932e-02 
 	  -9.26109366e-02 
 	  -2.00033524e-01 
 	  -2.81973691e-01 
 	  -3.70364908e-01 
 	  -4.46179823e-01 
 	  -5.03291816e-01 
 	  -5.10418707e-01 
 	  -3.98873249e-01 
 	   1.47712493e-01 
 	  -4.26026659e-02 
 	  -9.26114886e-02 
 	  -2.00033272e-01 
 	  -2.81973096e-01 
 	  -3.70364975e-01 
 	  -4.46180210e-01 
 	  -5.03291784e-01 
 	  -5.10418450e-01 
 	  -3.98873270e-01 
 	   1.47712531e-01 
 	  -4.26029686e-02 
 	  -9.26116269e-02 
 	  -2.00032860e-01 
 	  -2.81972887e-01 
 	  -3.70365270e-01 
 	  -4.46180402e-01 
 	  -5.03291638e-01 
 	  -5.10418374e-01 
 	  -3.98873391e-01 
 	   1.47712491e-01 
 	  -4.26031521e-02 
 	  -9.26115102e-02 
 	  -2.00032564e-01 
 	  -2.81972961e-01 
 	  -3.70365525e-01 
 	  -4.46180399e-01 
 	  -5.03291514e-01 
 	  -5.10418423e-01 
 	  -3.98873495e-01 
 	   1.47712431e-01 
 	  -4.26031991e-02 
 	  -9.26113277e-02 
 	  -2.00032461e-01 
 	  -2.81973134e-01 
 	  -3.70365631e-01 
 	  -4.46180303e-01 
 	  -5.03291466e-01 
 	  -5.10418506e-01 
 	  -3.98873538e-01 
 	   1.47712389e-01 
 	  -4.26031617e-02 
 	  -9.26111976e-02 
 	  -2.00032496e-01 
 	  -2.81973269e-01 
 	  -3.70365614e-01 
 	  -4.46180211e-01 
 	  -5.03291481e-01 
 	  -5.10418564e-01 
 	  -3.98873531e-01 
 	   1.47712374e-01 
 	  -4.26031022e-02 
 	  -9.26111514e-02 
 	  -2.00032579e-01 
 	  -2.81973322e-01 
 	  -3.70365545e-01 
 	  -4.46180169e-01 
 	  -5.03291519e-01 
 	  -5.10418580e-01 
 	  -3.98873504e-01 
 	   1.47712378e-01 
 	  -4.26030594e-02 
 	  -9.26111654e-02 
 	  -2.00032646e-01 
 	  -2.81973310e-01 
 	  -3.70365485e-01 
 	  -4.46180173e-01 
 	  -5.03291550e-01 
 	  -5.10418568e-01 
 	  -3.98873482e-01 
 	   1.47712389e-01 
 	  -4.26030437e-02 
 	  -9.26112009e-02 
 	  -2.00032674e-01 
 	  -2.81973273e-01 
 	  -3.70365460e-01 
 	  -4.46180197e-01 
 	  -5.03291562e-01 
 	  -5.10418548e-01 
 	  -3.98873473e-01 
 	   1.47712399e-01 
 	  -4.26030479e-02 
 	  -9.26112299e-02 
 	  -2.00032670e-01 
 	  -2.81973241e-01 
 	  -3.70365463e-01 
 	  -4.46180220e-01 
 	  -5.03291558e-01 
 	  -5.10418534e-01 
 	  -3.98873476e-01 
 	   1.47712403e-01 
 	  -4.26030592e-02 
 	  -9.26112424e-02 
 	  -2.00032654e-01 
 	  -2.81973228e-01 
 	  -3.70365479e-01 
 	  -4.46180230e-01 
 	  -5.03291548e-01 
 	  -5.10418531e-01 
 	  -3.98873482e-01 
 	   1.47712403e-01 
 	  -4.26030686e-02 
 	  -9.26112413e-02 
 	  -2.00032639e-01 
 	  -2.81973230e-01 
 	  -3.70365493e-01 
 	  -4.46180229e-01 
 	  -5.03291540e-01 
 	  -5.10418534e-01 
 	  -3.98873487e-01 
 	   1.47712401e-01 
 	  -4.26030728e-02 
 	  -9.26112345e-02 
 	  -2.00032632e-01 
 	  -2.81973238e-01 
 	  -3.70365500e-01 
 	  -4.46180223e-01 
 	  -5.03291537e-01 
 	  -5.10418538e-01 
 	  -3.98873489e-01 
 	   1.47712399e-01 
 	  -4.26030726e-02 
 	  -9.26112282e-02 
 	  -2.00032632e-01 
 	  -2.81973245e-01 
 	  -3.70365499e-01 
 	  -4.46180218e-01 
 	  -5.03291538e-01 
 	  -5.10418542e-01 
 	  -3.98873488e-01 
 	   1.47712398e-01 
 	  -4.26030704e-02 
 	  -9.26112251e-02 
 	  -2.00032635e-01 
 	  -2.81973248e-01 
 	  -3.70365495e-01 
 	  -4.46180215e-01 
 	  -5.03291540e-01 
 	  -5.10418543e-01 
 	  -3.98873487e-01 
 	   1.47712397e-01 
 	  -4.26030684e-02 
 	  -9.26112250e-02 
 	  -2.00032638e-01 
 	  -2.81973248e-01 
 	  -3.70365492e-01 
 	  -4.46180215e-01 
 	  -5.03291542e-01 
 	  -5.10418542e-01 
 	  -3.98873485e-01 
 	   1.47712398e-01 
 	  -4.26030674e-02 
 	  -9.26112263e-02 
 	  -2.00032640e-01 
 	  -2.81973246e-01 
 	  -3.70365491e-01 
 	  -4.46180217e-01 
 	  -5.03291543e-01 
 	  -5.10418541e-01 
 	  -3.98873485e-01 
 	   1.47712398e-01 
 	  -4.26030673e-02 
 	  -9.26112277e-02 
 	  -2.00032640e-01 
 	  -2.81973245e-01 
 	  -3.70365491e-01 
 	  -4.46180218e-01 
 	  -5.03291543e-01 
 	  -5.10418540e-01 
 	  -3.98873485e-01 
 	   1.47712399e-01 
 	  -4.26030677e-02 
 	  -9.26112284e-02 
 	  -2.00032639e-01 
 	  -2.81973244e-01 
 	  -3.70365491e-01 
 	  -4.46180219e-01 
 	  -5.03291542e-01 
 	  -5.10418540e-01 
 	  -3.98873486e-01 
 	   1.47712399e-01 
 	  -4.26030681e-02 
 	  -9.26112285e-02 
 	  -2.00032639e-01 
 	  -2.81973244e-01 
 	  -3.70365492e-01 
 	  -4.46180219e-01 
 	  -5.03291542e-01 
 	  -5.10418540e-01 
 	  -3.98873486e-01 
 	   1.47712399e-01 
 	  -4.26030684e-02 
 	  -9.26112282e-02 
 	  -2.00032638e-01 
 	  -2.81973244e-01 
 	  -3.70365492e-01 
 	  -4.46180218e-01 
 	  -5.03291542e-01 
 	  -5.10418540e-01 
 	  -3.98873486e-01 
 	   1.47712398e-01 
 	  -4.26030684e-02 
 	  -9.26112280e-02 
 	  -2.00032638e-01 
 	  -2.81973245e-01 
 	  -3.70365493e-01 
 	  -4.46180218e-01 
 	  -5.03291542e-01 
 	  -5.10418540e-01 
 	  -3.98873486e-01 
 	   1.47712398e-01 
 	  -4.26030683e-02 
 	  -9.26112278e-02 
 	  -2.00032638e-01 
 	  -2.81973245e-01 
 	  -3.70365492e-01 
 	  -4.46180218e-01 
 	  -5.03291542e-01 
 	  -5.10418540e-01 
 	  -3.98873486e-01 
 	   1.47712398e-01 
 	  -4.26030682e-02 
 	  -9.26112277e-02 
 	  -2.00032639e-01 
 	  -2.81973245e-01 
 	  -3.70365492e-01 
 	  -4.46180218e-01 
 	  -5.03291542e-01 
 	  -5.10418540e-01 
 	  -3.98873486e-01 
 	   1.47712398e-01 
 	  -4.26030682e-02 
 	  -9.26112278e-02 
 	  -2.00032639e-01 
 	  -2.81973245e-01 
 	  -3.70365492e-01 
 	  -4.46180218e-01 
 	  -5.03291542e-01 
 	  -5.10418540e-01 
 	  -3.98873486e-01 
 	   1.47712398e-01 
 	  -4.26030682e-02 
 	  -9.26112279e-02 
 	  -2.00032639e-01 
 	  -2.81973245e-01 
 	  -3.70365492e-01 
 	  -4.46180218e-01 
 	  -5.03291542e-01 
 	  -5.10418540e-01 
 	  -3.98873486e-01 
 	   1.47712398e-01 
 	  -4.26030682e-02 
 	  -9.26112279e-02 
 	  -2.00032639e-01 
 	  -2.81973245e-01 
 	  -3.70365492e-01 
 	  -4.46180218e-01 
 	  -5.03291542e-01 
 	  -5.10418540e-01 
 	  -3.98873486e-01 
 	   1.47712398e-01 
 	  -4.26030682e-02 
 	  -9.26112279e-02 
 	  -2.00032639e-01 
 	  -2.81973245e-01 
 	  -3.70365492e-01 
 	  -4.46180218e-01 
 	  -5.03291542e-01 
 	  -5.10418540e-01 
 	  -3.98873486e-01 
 	   1.47712398e-01 
 	  -4.26030682e-02 
 	  -9.26112279e-02 
 	  -2.00032639e-01 
 	  -2.81973245e-01 
 	  -3.70365492e-01 
 	  -4.46180218e-01 
 	  -5.03291542e-01 
 	  -5.10418540e-01 
 	  -3.98873486e-01 
 	   1.47712398e-01 
 	  -4.26030682e-02 
 	  -9.26112279e-02 
 	  -2.00032639e-01 
 	  -2.81973245e-01 
 	  -3.70365492e-01 
 	  -4.46180218e-01 
 	  -5.03291542e-01 
 	  -5.10418540e-01 
 	  -3.98873486e-01 
 	   1.47712398e-01 
 	  -4.26030682e-02 
 	  -9.26112279e-02 
 	  -2.00032639e-01 
 	  -2.81973245e-01 
 	  -3.70365492e-01 
 	  -4.46180218e-01 
 	  -5.03291542e-01 
 	  -5.10418540e-01 
 	  -3.98873486e-01 
 	   1.47712399e-01 
 	  -4.26030682e-02 
 	  -9.26112279e-02 
 	  -2.00032639e-01 
 	  -2.81973245e-01 
 	  -3.70365492e-01 
 	  -4.46180218e-01 
 	  -5.03291542e-01 
 	  -5.10418541e-01 
 	  -3.98873486e-01 
 	   1.47712399e-01 
 	  -4.26030682e-02 
 	  -9.26112279e-02 
 	  -2.00032639e-01 
 	  -2.81973245e-01 
 	  -3.70365492e-01 
 	  -4.46180218e-01 
 	  -5.03291542e-01 
 	  -5.10418540e-01 
 	  -3.98873486e-01 
 	   1.47712398e-01 
 	  -4.26030682e-02 
 	  -9.26112278e-02 
 	  -2.00032639e-01 
 	  -2.81973244e-01 
 	  -3.70365492e-01 
 	  -4.46180218e-01 
 	  -5.03291542e-01 
 	  -5.10418540e-01 
 	  -3.98873485e-01 
 	   1.47712398e-01 
 	  -4.26030683e-02 
 	  -9.26112278e-02 
 	  -2.00032638e-01 
 	  -2.81973244e-01 
 	  -3.70365492e-01 
 	  -4.46180217e-01 
 	  -5.03291541e-01 
 	  -5.10418539e-01 
 	  -3.98873485e-01 
 	   1.47712398e-01 
 	  -4.26030684e-02 
 	  -9.26112278e-02 
 	  -2.00032638e-01 
 	  -2.81973244e-01 
 	  -3.70365491e-01 
 	  -4.46180217e-01 
 	  -5.03291540e-01 
 	  -5.10418539e-01 
 	  -3.98873484e-01 
 	   1.47712398e-01 
 	  -4.26030684e-02 
 	  -9.26112279e-02 
 	  -2.00032638e-01 
 	  -2.81973244e-01 
 	  -3.70365491e-01 
 	  -4.46180217e-01 
 	  -5.03291541e-01 
 	  -5.10418539e-01 
 	  -3.98873485e-01 
 	   1.47712398e-01 
 	  -4.26030681e-02 
 	  -9.26112280e-02 
 	  -2.00032639e-01 
 	  -2.81973245e-01 
 	  -3.70365493e-01 
 	  -4.46180219e-01 
 	  -5.03291543e-01 
 	  -5.10418541e-01 
 	  -3.98873488e-01 
 	   1.47712400e-01 
 	  -4.26030676e-02 
 	  -9.26112282e-02 
 	  -2.00032640e-01 
 	  -2.81973247e-01 
 	  -3.70365495e-01 
 	  -4.46180221e-01 
 	  -5.03291546e-01 
 	  -5.10418546e-01 
 	  -3.98873492e-01 
 	   1.47712401e-01 
 	  -4.26030671e-02 
 	  -9.26112283e-02 
 	  -2.00032640e-01 
 	  -2.81973248e-01 
 	  -3.70365497e-01 
 	  -4.46180224e-01 
 	  -5.03291550e-01 
 	  -5.10418549e-01 
 	  -3.98873494e-01 
 	   1.47712402e-01 
 	  -4.26030673e-02 
 	  -9.26112283e-02 
 	  -2.00032640e-01 
 	  -2.81973248e-01 
 	  -3.70365497e-01 
 	  -4.46180224e-01 
 	  -5.03291549e-01 
 	  -5.10418548e-01 
 	  -3.98873492e-01 
 	   1.47712399e-01 
 	  -4.26030688e-02 
 	  -9.26112279e-02 
 	  -2.00032638e-01 
 	  -2.81973244e-01 
 	  -3.70365491e-01 
 	  -4.46180217e-01 
 	  -5.03291541e-01 
 	  -5.10418538e-01 
 	  -3.98873479e-01 
 	   1.47712392e-01 
 	  -4.26030718e-02 
 	  -9.26112271e-02 
 	  -2.00032634e-01 
 	  -2.81973237e-01 
 	  -3.70365480e-01 
 	  -4.46180202e-01 
 	  -5.03291522e-01 
 	  -5.10418516e-01 
 	  -3.98873458e-01 
 	   1.47712382e-01 
 	  -4.26030747e-02 
 	  -9.26112260e-02 
 	  -2.00032629e-01 
 	  -2.81973227e-01 
 	  -3.70365467e-01 
 	  -4.46180185e-01 
 	  -5.03291501e-01 
 	  -5.10418491e-01 
 	  -3.98873437e-01 
 	   1.47712377e-01 
 	  -4.26030739e-02 
 	  -9.26112248e-02 
 	  -2.00032627e-01 
 	  -2.81973224e-01 
 	  -3.70365462e-01 
 	  -4.46180179e-01 
 	  -5.03291493e-01 
 	  -5.10418485e-01 
 	  -3.98873440e-01 
 	   1.47712388e-01 
 	  -4.26030653e-02 
 	  -9.26112245e-02 
 	  -2.00032633e-01 
 	  -2.81973236e-01 
 	  -3.70365481e-01 
 	  -4.46180204e-01 
 	  -5.03291526e-01 
 	  -5.10418528e-01 
 	  -3.98873494e-01 
 	   1.47712425e-01 
 	  -4.26030483e-02 
 	  -9.26112268e-02 
 	  -2.00032652e-01 
 	  -2.81973273e-01 
 	  -3.70365536e-01 
 	  -4.46180277e-01 
 	  -5.03291617e-01 
 	  -5.10418639e-01 
 	  -3.98873608e-01 
 	   1.47712483e-01 
 	  -4.26030306e-02 
 	  -9.26112340e-02 
 	  -2.00032683e-01 
 	  -2.81973329e-01 
 	  -3.70365617e-01 
 	  -4.46180383e-01 
 	  -5.03291749e-01 
 	  -5.10418793e-01 
 	  -3.98873746e-01 
 	   1.47712527e-01 
 	  -4.26030317e-02 
 	  -9.26112472e-02 
 	  -2.00032712e-01 
 	  -2.81973375e-01 
 	  -3.70365678e-01 
 	  -4.46180461e-01 
 	  -5.03291844e-01 
 	  -5.10418892e-01 
 	  -3.98873801e-01 
 	   1.47712491e-01 
 	  -4.26030756e-02 
 	  -9.26112624e-02 
 	  -2.00032709e-01 
 	  -2.81973352e-01 
 	  -3.70365636e-01 
 	  -4.46180400e-01 
 	  -5.03291760e-01 
 	  -5.10418768e-01 
 	  -3.98873612e-01 
 	   1.47712314e-01 
 	  -4.26031704e-02 
 	  -9.26112647e-02 
 	  -2.00032633e-01 
 	  -2.81973195e-01 
 	  -3.70365398e-01 
 	  -4.46180080e-01 
 	  -5.03291352e-01 
 	  -5.10418258e-01 
 	  -3.98873056e-01 
 	   1.47711999e-01 
 	  -4.26032766e-02 
 	  -9.26112260e-02 
 	  -2.00032458e-01 
 	  -2.81972879e-01 
 	  -3.70364942e-01 
 	  -4.46179481e-01 
 	  -5.03290605e-01 
 	  -5.10417370e-01 
 	  -3.98872210e-01 
 	   1.47711702e-01 
 	  -4.26032869e-02 
 	  -9.26111152e-02 
 	  -2.00032214e-01 
 	  -2.81972496e-01 
 	  -3.70364421e-01 
 	  -4.46178820e-01 
 	  -5.03289803e-01 
 	  -5.10416479e-01 
 	  -3.98871520e-01 
 	   1.47711760e-01 
 	  -4.26030532e-02 
 	  -9.26109311e-02 
 	  -2.00032030e-01 
 	  -2.81972314e-01 
 	  -3.70364243e-01 
 	  -4.46178643e-01 
 	  -5.03289640e-01 
 	  -5.10416429e-01 
 	  -3.98871836e-01 
 	   1.47712570e-01 
 	  -4.26024965e-02 
 	  -9.26107571e-02 
 	  -2.00032159e-01 
 	  -2.81972758e-01 
 	  -3.70365002e-01 
 	  -4.46179719e-01 
 	  -5.03291065e-01 
 	  -5.10418313e-01 
 	  -3.98874111e-01 
 	   1.47714262e-01 
 	  -4.26017872e-02 
 	  -9.26108094e-02 
 	  -2.00032903e-01 
 	  -2.81974221e-01 
 	  -3.70367181e-01 
 	  -4.46182623e-01 
 	  -5.03294737e-01 
 	  -5.10422781e-01 
 	  -3.98878649e-01 
 	   1.47716242e-01 
 	  -4.26014928e-02 
 	  -9.26114047e-02 
 	  -2.00034415e-01 
 	  -2.81976681e-01 
 	  -3.70370581e-01 
 	  -4.46186981e-01 
 	  -5.03300078e-01 
 	  -5.10428928e-01 
 	  -3.98884078e-01 
 	   1.47716935e-01 
 	  -4.26024752e-02 
 	  -9.26127537e-02 
 	  -2.00036351e-01 
 	  -2.81979210e-01 
 	  -3.70373697e-01 
 	  -4.46190700e-01 
 	  -5.03304365e-01 
 	  -5.10433307e-01 
 	  -3.98886654e-01 
 	   1.47714229e-01 
 	  -4.26053110e-02 
 	  -9.26145288e-02 
 	  -2.00037504e-01 
 	  -2.81979688e-01 
 	  -3.70373499e-01 
 	  -4.46189827e-01 
 	  -5.03302676e-01 
 	  -5.10430099e-01 
 	  -3.98880905e-01 
 	   1.47707061e-01 
 	  -4.26092212e-02 
 	  -9.26153395e-02 
 	  -2.00035719e-01 
 	  -2.81975170e-01 
 	  -3.70366263e-01 
 	  -4.46179836e-01 
 	  -5.03289685e-01 
 	  -5.10413537e-01 
 	  -3.98862508e-01 
 	   1.47697780e-01 
 	  -4.26110664e-02 
 	  -9.26125603e-02 
 	  -2.00028494e-01 
 	  -2.81963308e-01 
 	  -3.70349795e-01 
 	  -4.46158682e-01 
 	  -5.03263586e-01 
 	  -5.10382703e-01 
 	  -3.98833009e-01 
 	   1.47693517e-01 
 	  -4.26057179e-02 
 	  -9.26032297e-02 
 	  -2.00014520e-01 
 	  -2.81944558e-01 
 	  -3.70326313e-01 
 	  -4.46130353e-01 
 	  -5.03230356e-01 
 	  -5.10346258e-01 
 	  -3.98803373e-01 
 	   1.47703155e-01 
 	  -4.25895021e-02 
 	  -9.25865544e-02 
 	  -1.99995614e-01 
 	  -2.81923532e-01 
 	  -3.70303192e-01 
 	  -4.46105057e-01 
 	  -5.03203306e-01 
 	  -5.10320818e-01 
 	  -3.98789839e-01 
 	   1.47726381e-01 
 	  -4.25673247e-02 
 	  -9.25672767e-02 
 	  -1.99976848e-01 
 	  -2.81905783e-01 
 	  -3.70286425e-01 
 	  -4.46089330e-01 
 	  -5.03189691e-01 
 	  -5.10313465e-01 
 	  -3.98793464e-01 
 	   1.47735247e-01 
 	  -4.25602354e-02 
 	  -9.25562243e-02 
 	  -1.99960302e-01 
 	  -2.81884583e-01 
 	  -3.70260444e-01 
 	  -4.46058872e-01 
 	  -5.03156317e-01 
 	  -5.10280159e-01 
 	  -3.98757895e-01 
 	   1.47659434e-01 
 	  -4.26028852e-02 
 	  -9.25597980e-02 
 	  -1.99925680e-01 
 	  -2.81812535e-01 
 	  -3.70150772e-01 
 	  -4.45912152e-01 
 	  -5.02973997e-01 
 	  -5.10062761e-01 
 	  -3.98512964e-01 
 	   1.47405149e-01 
 	  -4.27106030e-02 
 	  -9.25454551e-02 
 	  -1.99791387e-01 
 	  -2.81558409e-01 
 	  -3.69776663e-01 
 	  -4.45418761e-01 
 	  -5.02362035e-01 
 	  -5.09334011e-01 
 	  -3.97739186e-01 
 	   1.46963822e-01 
 	  -4.27869965e-02 
 	  -9.23699096e-02 
 	  -1.99358860e-01 
 	  -2.80868394e-01 
 	  -3.68829232e-01 
 	  -4.44214477e-01 
 	  -5.00901526e-01 
 	  -5.07635932e-01 
 	  -3.96043671e-01 
 	   1.46708084e-01 
 	  -4.24369425e-02 
 	  -9.16708661e-02 
 	  -1.98279930e-01 
 	  -2.79410603e-01 
 	  -3.66992884e-01 
 	  -4.41999994e-01 
 	  -4.98313742e-01 
 	  -5.04744051e-01 
 	  -3.93386336e-01 
 	   1.48088318e-01 
 	  -4.06268694e-02 
 	  -8.97670123e-02 
 	  -1.96202904e-01 
 	  -2.77168716e-01 
 	  -3.64586138e-01 
 	  -4.39429731e-01 
 	  -4.95599577e-01 
 	  -5.02054037e-01 
 	  -3.91578190e-01 
 	   1.55433599e-01 
 	  -3.49552073e-02 
 	  -8.56795527e-02 
 	  -1.93578014e-01 
 	  -2.76030400e-01 
 	  -3.64932654e-01 
 	  -4.41266655e-01 
 	  -4.98978393e-01 
 	  -5.07268297e-01 
 	  -3.99246309e-01 
 	  -2.80555172e-01 
 	  -2.20409346e-01 
 	  -1.78780263e-01 
 	  -1.45812466e-01 
 	  -1.18050930e-01 
 	   1.82648477e-01 
 	  -1.88444577e-02 
 	  -7.83430894e-02 
 	  -1.94983376e-01 
 	  -2.86219563e-01 
 	  -3.83900139e-01 
 	  -4.69028555e-01 
 	  -5.35632446e-01 
 	  -5.53103012e-01 
 	  -4.51967010e-01 

 tiempo de programa :   3.36e-01