 Nombre del problema                      hs046  
 Numero de variables                       5 
 Numero de restricciones                   2 
 Numero maximo de iteraciones              50 
 Tolerancia                               1.00e-05 

 Objetivo en el punto inicial             3.337626265847084e+00 
 Norma de las restricciones en el punto inicial              2.22e-16 
 Norma del gradiente de la Lagrangiana en el punto inicial    7.85e+00 

   k          f              ||c||          ||gL||      
--------------------------------------------------------- 
    1     7.04308569e-01     4.80e+00      1.88e+01    
    2     3.73129345e-01     1.23e+00      5.79e+00    
    3     8.33074109e-02     2.72e-01      1.61e+00    
    4     2.02978012e-02     3.61e-02      3.39e-01    
    5     5.71721267e-03     1.18e-02      6.71e-02    
    6     1.14291526e-03     1.14e-02      1.97e-02    
    7     1.05687216e-06     5.75e-03      1.65e-03    
    8     4.56548994e-08     4.83e-06      4.13e-05    
    9     9.30902241e-09     2.23e-05      3.57e-06    
   10     1.85491372e-09     1.06e-05      1.10e-06    
   11     3.67853224e-10     4.75e-06      3.32e-07    


 Minimizador local del modelo: 
 	   9.91229415e-01 
 	   1.00000001e+00 
 	   1.00437807e+00 
 	   9.91215021e-01 
 	   9.91229417e-01 

 tiempo de programa :   3.21e-03