 Nombre del problema                      bt1  
 Numero de variables                       2 
 Numero de restricciones                   1 
 Numero maximo de iteraciones              50 
 Tolerancia                               1.00e-05 

 Objetivo en el punto inicial             1.989000000000000e+04 
 Norma de las restricciones en el punto inicial              1.99e+02 
 Norma del gradiente de la Lagrangiana en el punto inicial    7.07e-01 

   k         f             ||c||      ||gL||     alpha        mu     
-----------------------------------------------------------------------
    1     1.61750187e+04     1.62e+02      2.19e-01   5.00e-01   1.00e+02  
    2     5.00930284e+03     5.02e+01      2.54e-01   1.00e+00   1.00e+02  
    3     1.78656235e+03     1.79e+01      2.55e-01   1.00e+00   1.00e+02  
    4     6.97443940e+02     7.00e+00      2.65e-01   1.00e+00   1.00e+02  
    5     2.49834495e+02     2.52e+00      2.17e-01   1.00e+00   1.00e+02  
    6     7.07720994e+01     7.21e-01      1.43e-01   1.00e+00   1.00e+02  
    7     1.18907095e+01     1.30e-01      5.76e-02   1.00e+00   1.00e+02  
    8    -1.78217001e-01     8.26e-03      6.70e-03   1.00e+00   1.00e+02  
    9    -9.93714324e-01     6.32e-05      6.38e-05   1.00e+00   1.00e+02  
   10    -9.99999495e-01     5.07e-09      4.44e-09   1.00e+00   1.00e+02  


 Minimizador local del modelo: 
 	   1.00000000e+00 
 	  -4.44268142e-09 

 tiempo de programa :   1.65e-01