 Nombre del problema                      dtoc1nc  
 Numero de variables                    1485 
 Numero de restricciones                 990 
 Numero maximo de iteraciones              50 
 Tolerancia                               1.00e-05 

 Objetivo en el punto inicial             3.484375000000000e+01 
 Norma de las restricciones en el punto inicial              0.00e+00 
 Norma del gradiente de la Lagrangiana en el punto inicial    4.71e+00 

   k         f             ||c||      ||gL||     alpha        mu     
-----------------------------------------------------------------------
    1     1.53582143e+01     7.20e-01      8.62e-01   1.00e+00   4.29e-01  
    2     1.64523693e+01     5.58e-01      6.88e-01   2.50e-01   7.08e+00  
    3     1.76325520e+01     4.36e-01      5.52e-01   2.50e-01   1.01e+01  
    4     1.87867893e+01     3.41e-01      4.52e-01   2.50e-01   1.31e+01  
    5     2.09971715e+01     1.86e-01      3.33e-01   5.00e-01   1.59e+01  
    6     2.26171082e+01     9.29e-02      1.67e-01   5.00e-01   2.16e+01  
    7     2.36817993e+01     4.53e-02      1.01e-01   5.00e-01   2.76e+01  
    8     2.42990738e+01     2.19e-02      6.15e-02   5.00e-01   3.16e+01  
    9     2.46308623e+01     1.13e-02      3.67e-02   5.00e-01   3.42e+01  
   10     2.48011239e+01     5.74e-03      2.09e-02   5.00e-01   3.42e+01  
   11     2.48860935e+01     2.91e-03      1.13e-02   5.00e-01   3.42e+01  
   12     2.49280814e+01     1.47e-03      5.79e-03   5.00e-01   3.42e+01  
   13     2.49489590e+01     7.37e-04      2.95e-03   5.00e-01   3.42e+01  
   14     2.49698659e+01     6.19e-05      1.55e-04   1.00e+00   3.42e+01  
   15     2.49698128e+01     6.70e-08      1.34e-07   1.00e+00   3.42e+01  


 Minimizador local del modelo: 
 	  -5.34662504e-02 
 	  -3.12075326e-02 
 	  -1.08828708e-02 
 	   7.87996562e-03 
 	   2.53503274e-02 
 	  -7.76691467e-02 
 	  -5.78420608e-02 
 	  -3.96495576e-02 
 	  -2.27914149e-02 
 	  -7.04696608e-03 
 	  -1.20382237e-01 
 	  -9.26098273e-02 
 	  -6.81817272e-02 
 	  -4.62429615e-02 
 	  -2.62423566e-02 
 	  -9.76571461e-02 
 	  -7.29426090e-02 
 	  -5.07988011e-02 
 	  -3.06462797e-02 
 	  -1.20899663e-02 
 	  -1.06741838e-01 
 	  -8.04276695e-02 
 	  -5.70554565e-02 
 	  -3.59193951e-02 
 	  -1.65509304e-02 
 	  -1.02109469e-01 
 	  -7.65225632e-02 
 	  -5.37023260e-02 
 	  -3.30038506e-02 
 	  -1.39935924e-02 
 	  -1.04158858e-01 
 	  -7.82466807e-02 
 	  -5.51786447e-02 
 	  -3.42831527e-02 
 	  -1.51112353e-02 
 	  -1.03273364e-01 
 	  -7.74972849e-02 
 	  -5.45326102e-02 
 	  -3.37190779e-02 
 	  -1.46142512e-02 
 	  -1.03701581e-01 
 	  -7.78515108e-02 
 	  -5.48302951e-02 
 	  -3.39716670e-02 
 	  -1.48297201e-02 
 	  -1.03522832e-01 
 	  -7.76970833e-02 
 	  -5.46942191e-02 
 	  -3.38500498e-02 
 	  -1.47198646e-02 
 	  -1.03605090e-01 
 	  -7.77643585e-02 
 	  -5.47500209e-02 
 	  -3.38966821e-02 
 	  -1.47589342e-02 
 	  -1.03564367e-01 
 	  -7.77295961e-02 
 	  -5.47197749e-02 
 	  -3.38700088e-02 
 	  -1.47351785e-02 
 	  -1.03577619e-01 
 	  -7.77407547e-02 
 	  -5.47293411e-02 
 	  -3.38783104e-02 
 	  -1.47424435e-02 
 	  -1.03567517e-01 
 	  -7.77323778e-02 
 	  -5.47222814e-02 
 	  -3.38723006e-02 
 	  -1.47372973e-02 
 	  -1.03569642e-01 
 	  -7.77342662e-02 
 	  -5.47239937e-02 
 	  -3.38738758e-02 
 	  -1.47387626e-02 
 	  -1.03567862e-01 
 	  -7.77328594e-02 
 	  -5.47228740e-02 
 	  -3.38729868e-02 
 	  -1.47380647e-02 
 	  -1.03568868e-01 
 	  -7.77337924e-02 
 	  -5.47237548e-02 
 	  -3.38738286e-02 
 	  -1.47388766e-02 
 	  -1.03569032e-01 
 	  -7.77340019e-02 
 	  -5.47240018e-02 
 	  -3.38741076e-02 
 	  -1.47391834e-02 
 	  -1.03569537e-01 
 	  -7.77344657e-02 
 	  -5.47244354e-02 
 	  -3.38745184e-02 
 	  -1.47395763e-02 
 	  -1.03569646e-01 
 	  -7.77345585e-02 
 	  -5.47245163e-02 
 	  -3.38745897e-02 
 	  -1.47396399e-02 
 	  -1.03569681e-01 
 	  -7.77345635e-02 
 	  -5.47244975e-02 
 	  -3.38745514e-02 
 	  -1.47395850e-02 
 	  -1.03569591e-01 
 	  -7.77344561e-02 
 	  -5.47243756e-02 
 	  -3.38744170e-02 
 	  -1.47394397e-02 
 	  -1.03569508e-01 
 	  -7.77343625e-02 
 	  -5.47242727e-02 
 	  -3.38743059e-02 
 	  -1.47393213e-02 
 	  -1.03569448e-01 
 	  -7.77343009e-02 
 	  -5.47242097e-02 
 	  -3.38742416e-02 
 	  -1.47392557e-02 
 	  -1.03569429e-01 
 	  -7.77342858e-02 
 	  -5.47241975e-02 
 	  -3.38742316e-02 
 	  -1.47392476e-02 
 	  -1.03569435e-01 
 	  -7.77342973e-02 
 	  -5.47242133e-02 
 	  -3.38742511e-02 
 	  -1.47392702e-02 
 	  -1.03569452e-01 
 	  -7.77343178e-02 
 	  -5.47242371e-02 
 	  -3.38742778e-02 
 	  -1.47392993e-02 
 	  -1.03569466e-01 
 	  -7.77343335e-02 
 	  -5.47242543e-02 
 	  -3.38742962e-02 
 	  -1.47393189e-02 
 	  -1.03569473e-01 
 	  -7.77343403e-02 
 	  -5.47242611e-02 
 	  -3.38743030e-02 
 	  -1.47393257e-02 
 	  -1.03569473e-01 
 	  -7.77343399e-02 
 	  -5.47242598e-02 
 	  -3.38743010e-02 
 	  -1.47393232e-02 
 	  -1.03569471e-01 
 	  -7.77343363e-02 
 	  -5.47242554e-02 
 	  -3.38742959e-02 
 	  -1.47393174e-02 
 	  -1.03569468e-01 
 	  -7.77343328e-02 
 	  -5.47242514e-02 
 	  -3.38742914e-02 
 	  -1.47393126e-02 
 	  -1.03569466e-01 
 	  -7.77343308e-02 
 	  -5.47242493e-02 
 	  -3.38742893e-02 
 	  -1.47393104e-02 
 	  -1.03569465e-01 
 	  -7.77343305e-02 
 	  -5.47242492e-02 
 	  -3.38742893e-02 
 	  -1.47393105e-02 
 	  -1.03569466e-01 
 	  -7.77343311e-02 
 	  -5.47242500e-02 
 	  -3.38742902e-02 
 	  -1.47393115e-02 
 	  -1.03569466e-01 
 	  -7.77343319e-02 
 	  -5.47242508e-02 
 	  -3.38742912e-02 
 	  -1.47393126e-02 
 	  -1.03569467e-01 
 	  -7.77343323e-02 
 	  -5.47242513e-02 
 	  -3.38742917e-02 
 	  -1.47393132e-02 
 	  -1.03569467e-01 
 	  -7.77343325e-02 
 	  -5.47242514e-02 
 	  -3.38742918e-02 
 	  -1.47393132e-02 
 	  -1.03569467e-01 
 	  -7.77343324e-02 
 	  -5.47242513e-02 
 	  -3.38742917e-02 
 	  -1.47393130e-02 
 	  -1.03569467e-01 
 	  -7.77343322e-02 
 	  -5.47242511e-02 
 	  -3.38742915e-02 
 	  -1.47393128e-02 
 	  -1.03569467e-01 
 	  -7.77343321e-02 
 	  -5.47242510e-02 
 	  -3.38742913e-02 
 	  -1.47393127e-02 
 	  -1.03569467e-01 
 	  -7.77343321e-02 
 	  -5.47242510e-02 
 	  -3.38742913e-02 
 	  -1.47393126e-02 
 	  -1.03569467e-01 
 	  -7.77343321e-02 
 	  -5.47242510e-02 
 	  -3.38742913e-02 
 	  -1.47393127e-02 
 	  -1.03569467e-01 
 	  -7.77343321e-02 
 	  -5.47242510e-02 
 	  -3.38742914e-02 
 	  -1.47393127e-02 
 	  -1.03569467e-01 
 	  -7.77343322e-02 
 	  -5.47242511e-02 
 	  -3.38742914e-02 
 	  -1.47393128e-02 
 	  -1.03569467e-01 
 	  -7.77343322e-02 
 	  -5.47242511e-02 
 	  -3.38742914e-02 
 	  -1.47393128e-02 
 	  -1.03569467e-01 
 	  -7.77343322e-02 
 	  -5.47242511e-02 
 	  -3.38742914e-02 
 	  -1.47393128e-02 
 	  -1.03569467e-01 
 	  -7.77343322e-02 
 	  -5.47242511e-02 
 	  -3.38742914e-02 
 	  -1.47393128e-02 
 	  -1.03569467e-01 
 	  -7.77343322e-02 
 	  -5.47242510e-02 
 	  -3.38742914e-02 
 	  -1.47393127e-02 
 	  -1.03569467e-01 
 	  -7.77343322e-02 
 	  -5.47242510e-02 
 	  -3.38742914e-02 
 	  -1.47393127e-02 
 	  -1.03569467e-01 
 	  -7.77343322e-02 
 	  -5.47242510e-02 
 	  -3.38742914e-02 
 	  -1.47393127e-02 
 	  -1.03569467e-01 
 	  -7.77343322e-02 
 	  -5.47242510e-02 
 	  -3.38742914e-02 
 	  -1.47393127e-02 
 	  -1.03569467e-01 
 	  -7.77343322e-02 
 	  -5.47242510e-02 
 	  -3.38742914e-02 
 	  -1.47393127e-02 
 	  -1.03569467e-01 
 	  -7.77343321e-02 
 	  -5.47242510e-02 
 	  -3.38742914e-02 
 	  -1.47393127e-02 
 	  -1.03569467e-01 
 	  -7.77343321e-02 
 	  -5.47242510e-02 
 	  -3.38742914e-02 
 	  -1.47393127e-02 
 	  -1.03569467e-01 
 	  -7.77343321e-02 
 	  -5.47242510e-02 
 	  -3.38742914e-02 
 	  -1.47393128e-02 
 	  -1.03569467e-01 
 	  -7.77343322e-02 
 	  -5.47242511e-02 
 	  -3.38742914e-02 
 	  -1.47393128e-02 
 	  -1.03569467e-01 
 	  -7.77343322e-02 
 	  -5.47242511e-02 
 	  -3.38742914e-02 
 	  -1.47393128e-02 
 	  -1.03569467e-01 
 	  -7.77343323e-02 
 	  -5.47242511e-02 
 	  -3.38742914e-02 
 	  -1.47393128e-02 
 	  -1.03569467e-01 
 	  -7.77343323e-02 
 	  -5.47242511e-02 
 	  -3.38742914e-02 
 	  -1.47393127e-02 
 	  -1.03569467e-01 
 	  -7.77343321e-02 
 	  -5.47242510e-02 
 	  -3.38742913e-02 
 	  -1.47393126e-02 
 	  -1.03569466e-01 
 	  -7.77343318e-02 
 	  -5.47242507e-02 
 	  -3.38742911e-02 
 	  -1.47393125e-02 
 	  -1.03569466e-01 
 	  -7.77343315e-02 
 	  -5.47242506e-02 
 	  -3.38742911e-02 
 	  -1.47393125e-02 
 	  -1.03569466e-01 
 	  -7.77343315e-02 
 	  -5.47242507e-02 
 	  -3.38742913e-02 
 	  -1.47393129e-02 
 	  -1.03569466e-01 
 	  -7.77343322e-02 
 	  -5.47242514e-02 
 	  -3.38742920e-02 
 	  -1.47393135e-02 
 	  -1.03569468e-01 
 	  -7.77343338e-02 
 	  -5.47242527e-02 
 	  -3.38742930e-02 
 	  -1.47393144e-02 
 	  -1.03569471e-01 
 	  -7.77343358e-02 
 	  -5.47242540e-02 
 	  -3.38742938e-02 
 	  -1.47393147e-02 
 	  -1.03569473e-01 
 	  -7.77343365e-02 
 	  -5.47242538e-02 
 	  -3.38742929e-02 
 	  -1.47393132e-02 
 	  -1.03569471e-01 
 	  -7.77343338e-02 
 	  -5.47242505e-02 
 	  -3.38742891e-02 
 	  -1.47393090e-02 
 	  -1.03569462e-01 
 	  -7.77343258e-02 
 	  -5.47242433e-02 
 	  -3.38742825e-02 
 	  -1.47393029e-02 
 	  -1.03569446e-01 
 	  -7.77343141e-02 
 	  -5.47242346e-02 
 	  -3.38742762e-02 
 	  -1.47392986e-02 
 	  -1.03569431e-01 
 	  -7.77343054e-02 
 	  -5.47242314e-02 
 	  -3.38742775e-02 
 	  -1.47393036e-02 
 	  -1.03569429e-01 
 	  -7.77343118e-02 
 	  -5.47242440e-02 
 	  -3.38742952e-02 
 	  -1.47393257e-02 
 	  -1.03569463e-01 
 	  -7.77343465e-02 
 	  -5.47242802e-02 
 	  -3.38743328e-02 
 	  -1.47393646e-02 
 	  -1.03569538e-01 
 	  -7.77344089e-02 
 	  -5.47243327e-02 
 	  -3.38743774e-02 
 	  -1.47394027e-02 
 	  -1.03569645e-01 
 	  -7.77344775e-02 
 	  -5.47243709e-02 
 	  -3.38743908e-02 
 	  -1.47393953e-02 
 	  -1.03569709e-01 
 	  -7.77344853e-02 
 	  -5.47243344e-02 
 	  -3.38743178e-02 
 	  -1.47392913e-02 
 	  -1.03569657e-01 
 	  -7.77343736e-02 
 	  -5.47241745e-02 
 	  -3.38741177e-02 
 	  -1.47390567e-02 
 	  -1.03569313e-01 
 	  -7.77340573e-02 
 	  -5.47238781e-02 
 	  -3.38738364e-02 
 	  -1.47387871e-02 
 	  -1.03568820e-01 
 	  -7.77336941e-02 
 	  -5.47236157e-02 
 	  -3.38736555e-02 
 	  -1.47386742e-02 
 	  -1.03568016e-01 
 	  -7.77333315e-02 
 	  -5.47236012e-02 
 	  -3.38739265e-02 
 	  -1.47391866e-02 
 	  -1.03568152e-01 
 	  -7.77338202e-02 
 	  -5.47243724e-02 
 	  -3.38749330e-02 
 	  -1.47403946e-02 
 	  -1.03568152e-01 
 	  -7.77345411e-02 
 	  -5.47256692e-02 
 	  -3.38767081e-02 
 	  -1.47425785e-02 
 	  -1.03572412e-01 
 	  -7.77376486e-02 
 	  -5.47278814e-02 
 	  -3.38781953e-02 
 	  -1.47434603e-02 
 	  -1.03572119e-01 
 	  -7.77373814e-02 
 	  -5.47276330e-02 
 	  -3.38779614e-02 
 	  -1.47432377e-02 
 	  -1.03584918e-01 
 	  -7.77428828e-02 
 	  -5.47273837e-02 
 	  -3.38729916e-02 
 	  -1.47342765e-02 
 	  -1.03565370e-01 
 	  -7.77282153e-02 
 	  -5.47164967e-02 
 	  -3.38651589e-02 
 	  -1.47289890e-02 
 	  -1.03605130e-01 
 	  -7.77474070e-02 
 	  -5.47195014e-02 
 	  -3.38548939e-02 
 	  -1.47075168e-02 
 	  -1.03493095e-01 
 	  -7.76855747e-02 
 	  -5.46970922e-02 
 	  -3.38647396e-02 
 	  -1.47445547e-02 
 	  -1.03703198e-01 
 	  -7.78184360e-02 
 	  -5.47695327e-02 
 	  -3.38879188e-02 
 	  -1.47263372e-02 
 	  -1.03205708e-01 
 	  -7.75620137e-02 
 	  -5.47027814e-02 
 	  -3.39766015e-02 
 	  -1.49462387e-02 
 	  -1.04326250e-01 
 	  -7.82162673e-02 
 	  -5.49915363e-02 
 	  -3.39667783e-02 
 	  -1.46850416e-02 
 	  -1.01908550e-01 
 	  -7.67786252e-02 
 	  -5.43237812e-02 
 	  -3.39288415e-02 
 	  -1.51778585e-02 
 	  -1.07329788e-01 
 	  -7.95399692e-02 
 	  -5.50058475e-02 
 	  -3.29143866e-02 
 	  -1.27356058e-02 
 	  -9.42005025e-02 
 	  -7.12420075e-02 
 	  -5.05095842e-02 
 	  -3.15313008e-02 
 	  -1.39774418e-02 
 	  -1.23404406e-01 
 	  -8.56963012e-02 
 	  -5.38299525e-02 
 	  -2.59622302e-02 
 	  -1.03451501e-03 
 	  -3.65946734e-03 
 	  -2.16316862e-02 
 	  -4.10664518e-02 
 	  -6.23034102e-02 
 	  -8.58292658e-02 
 	  -2.89936517e-01 
 	  -2.10968952e-01 
 	  -1.60817147e-01 
 	  -1.22263593e-01 
 	  -9.02933102e-02 
 	   1.04473888e-01 
 	   4.12749348e-02 
 	  -2.19240188e-02 
 	  -8.51229724e-02 
 	  -1.48321926e-01 
 	  -2.11520880e-01 
 	  -2.74719833e-01 
 	  -3.37918787e-01 
 	  -4.01117740e-01 
 	  -4.64316694e-01 
 	   8.85577703e-02 
 	   1.08849923e-02 
 	  -2.48695752e-02 
 	  -6.06241427e-02 
 	  -9.63787103e-02 
 	  -1.32133278e-01 
 	  -1.67887845e-01 
 	  -2.03642413e-01 
 	  -2.39396980e-01 
 	  -1.43272636e-01 
 	   1.30546430e-01 
 	   4.69653468e-02 
 	   2.59010060e-02 
 	  -5.64288755e-03 
 	  -3.71867810e-02 
 	  -6.87306746e-02 
 	  -1.00274568e-01 
 	  -1.31818462e-01 
 	  -1.30392627e-01 
 	  -5.12402638e-02 
 	   1.61730212e-01 
 	   5.84597040e-02 
 	   3.73595570e-02 
 	  -4.60955191e-03 
 	  -4.39587727e-02 
 	  -8.33079934e-02 
 	  -1.22657214e-01 
 	  -1.53764003e-01 
 	  -1.48954295e-01 
 	  -1.20501780e-01 
 	   1.68439952e-01 
 	   5.34881212e-02 
 	   4.06544107e-02 
 	  -2.50139896e-03 
 	  -3.91300241e-02 
 	  -7.64136213e-02 
 	  -1.11636610e-01 
 	  -1.33759260e-01 
 	  -1.34073567e-01 
 	  -1.08533278e-01 
 	   1.73391436e-01 
 	   5.08174192e-02 
 	   4.25698832e-02 
 	  -4.73643624e-03 
 	  -4.13623817e-02 
 	  -7.94324572e-02 
 	  -1.13033401e-01 
 	  -1.35147241e-01 
 	  -1.43168346e-01 
 	  -1.22965991e-01 
 	   1.73353283e-01 
 	   4.80344110e-02 
 	   4.41054473e-02 
 	  -5.26443482e-03 
 	  -3.98904666e-02 
 	  -7.67913740e-02 
 	  -1.08224907e-01 
 	  -1.31508987e-01 
 	  -1.43562611e-01 
 	  -1.19336780e-01 
 	   1.73552584e-01 
 	   4.74406820e-02 
 	   4.53315428e-02 
 	  -6.15957007e-03 
 	  -3.94872470e-02 
 	  -7.62714808e-02 
 	  -1.07715945e-01 
 	  -1.33644913e-01 
 	  -1.46926152e-01 
 	  -1.21097540e-01 
 	   1.73168367e-01 
 	   4.72878794e-02 
 	   4.59794012e-02 
 	  -6.47989561e-03 
 	  -3.83761202e-02 
 	  -7.52065399e-02 
 	  -1.07124062e-01 
 	  -1.34456845e-01 
 	  -1.47067175e-01 
 	  -1.19467281e-01 
 	   1.73096245e-01 
 	   4.75244711e-02 
 	   4.62132114e-02 
 	  -6.67569183e-03 
 	  -3.77289031e-02 
 	  -7.51617555e-02 
 	  -1.07758426e-01 
 	  -1.35610338e-01 
 	  -1.47194652e-01 
 	  -1.19387620e-01 
 	   1.73022877e-01 
 	   4.76695109e-02 
 	   4.62189954e-02 
 	  -6.62654736e-03 
 	  -3.72547435e-02 
 	  -7.53226376e-02 
 	  -1.08191341e-01 
 	  -1.35829811e-01 
 	  -1.46672835e-01 
 	  -1.18991939e-01 
 	   1.73039173e-01 
 	   4.77591358e-02 
 	   4.61758281e-02 
 	  -6.52636920e-03 
 	  -3.71310608e-02 
 	  -7.57101404e-02 
 	  -1.08522142e-01 
 	  -1.35819963e-01 
 	  -1.46396639e-01 
 	  -1.19082456e-01 
 	   1.73045522e-01 
 	   4.77752888e-02 
 	   4.61534999e-02 
 	  -6.42753978e-03 
 	  -3.71737012e-02 
 	  -7.59896634e-02 
 	  -1.08549945e-01 
 	  -1.35614619e-01 
 	  -1.46224551e-01 
 	  -1.19127271e-01 
 	   1.73056135e-01 
 	   4.77762928e-02 
 	   4.61597989e-02 
 	  -6.38971193e-03 
 	  -3.72994212e-02 
 	  -7.61388301e-02 
 	  -1.08459047e-01 
 	  -1.35481694e-01 
 	  -1.46224070e-01 
 	  -1.19219027e-01 
 	   1.73057881e-01 
 	   4.77743508e-02 
 	   4.61732352e-02 
 	  -6.40027569e-03 
 	  -3.74030564e-02 
 	  -7.61508393e-02 
 	  -1.08332209e-01 
 	  -1.35424524e-01 
 	  -1.46264241e-01 
 	  -1.19246820e-01 
 	   1.73059852e-01 
 	   4.77773016e-02 
 	   4.61782126e-02 
 	  -6.43499510e-03 
 	  -3.74559895e-02 
 	  -7.61005641e-02 
 	  -1.08253418e-01 
 	  -1.35440198e-01 
 	  -1.46308659e-01 
 	  -1.19254350e-01 
 	   1.73061439e-01 
 	   4.77797856e-02 
 	   4.61719336e-02 
 	  -6.46578972e-03 
 	  -3.74597718e-02 
 	  -7.60406671e-02 
 	  -1.08228289e-01 
 	  -1.35476224e-01 
 	  -1.46325825e-01 
 	  -1.19243611e-01 
 	   1.73063707e-01 
 	   4.77796166e-02 
 	   4.61607318e-02 
 	  -6.48060376e-03 
 	  -3.74393292e-02 
 	  -7.60041280e-02 
 	  -1.08240640e-01 
 	  -1.35506044e-01 
 	  -1.46324249e-01 
 	  -1.19235780e-01 
 	   1.73065230e-01 
 	   4.77765148e-02 
 	   4.61517395e-02 
 	  -6.47991020e-03 
 	  -3.74161605e-02 
 	  -7.59940284e-02 
 	  -1.08263457e-01 
 	  -1.35517604e-01 
 	  -1.46314260e-01 
 	  -1.19232552e-01 
 	   1.73065694e-01 
 	   4.77726663e-02 
 	   4.61483761e-02 
 	  -6.47148628e-03 
 	  -3.74023348e-02 
 	  -7.60007323e-02 
 	  -1.08280685e-01 
 	  -1.35515734e-01 
 	  -1.46306267e-01 
 	  -1.19234280e-01 
 	   1.73065151e-01 
 	   4.77699439e-02 
 	   4.61498935e-02 
 	  -6.46287399e-03 
 	  -3.73991287e-02 
 	  -7.60118002e-02 
 	  -1.08287136e-01 
 	  -1.35508502e-01 
 	  -1.46303207e-01 
 	  -1.19237206e-01 
 	   1.73064220e-01 
 	   4.77691241e-02 
 	   4.61535169e-02 
 	  -6.45810982e-03 
 	  -3.74024050e-02 
 	  -7.60197030e-02 
 	  -1.08285737e-01 
 	  -1.35502454e-01 
 	  -1.46304156e-01 
 	  -1.19239370e-01 
 	   1.73063429e-01 
 	   4.77697727e-02 
 	   4.61566843e-02 
 	  -6.45745298e-03 
 	  -3.74071704e-02 
 	  -7.60224059e-02 
 	  -1.08281429e-01 
 	  -1.35499857e-01 
 	  -1.46306484e-01 
 	  -1.19239975e-01 
 	   1.73063054e-01 
 	   4.77709782e-02 
 	   4.61581957e-02 
 	  -6.45914825e-03 
 	  -3.74103996e-02 
 	  -7.60214619e-02 
 	  -1.08277890e-01 
 	  -1.35500123e-01 
 	  -1.46308320e-01 
 	  -1.19239533e-01 
 	   1.73063061e-01 
 	   4.77719669e-02 
 	   4.61581616e-02 
 	  -6.46122467e-03 
 	  -3.74113770e-02 
 	  -7.60192993e-02 
 	  -1.08276403e-01 
 	  -1.35501559e-01 
 	  -1.46309000e-01 
 	  -1.19238771e-01 
 	   1.73063269e-01 
 	   4.77724125e-02 
 	   4.61573440e-02 
 	  -6.46252867e-03 
 	  -3.74108316e-02 
 	  -7.60176234e-02 
 	  -1.08276576e-01 
 	  -1.35502831e-01 
 	  -1.46308798e-01 
 	  -1.19238224e-01 
 	   1.73063491e-01 
 	   4.77723804e-02 
 	   4.61564943e-02 
 	  -6.46284846e-03 
 	  -3.74098275e-02 
 	  -7.60169837e-02 
 	  -1.08277424e-01 
 	  -1.35503403e-01 
 	  -1.46308276e-01 
 	  -1.19238039e-01 
 	   1.73063623e-01 
 	   4.77721183e-02 
 	   4.61560115e-02 
 	  -6.46253867e-03 
 	  -3.74090872e-02 
 	  -7.60171361e-02 
 	  -1.08278167e-01 
 	  -1.35503371e-01 
 	  -1.46307859e-01 
 	  -1.19238118e-01 
 	   1.73063652e-01 
 	   4.77718562e-02 
 	   4.61559303e-02 
 	  -6.46206649e-03 
 	  -3.74088267e-02 
 	  -7.60175831e-02 
 	  -1.08278499e-01 
 	  -1.35503076e-01 
 	  -1.46307695e-01 
 	  -1.19238284e-01 
 	   1.73063617e-01 
 	   4.77717112e-02 
 	   4.61560846e-02 
 	  -6.46173589e-03 
 	  -3.74089194e-02 
 	  -7.60179500e-02 
 	  -1.08278476e-01 
 	  -1.35502805e-01 
 	  -1.46307731e-01 
 	  -1.19238413e-01 
 	   1.73063566e-01 
 	   4.77716891e-02 
 	   4.61562841e-02 
 	  -6.46162850e-03 
 	  -3.74091359e-02 
 	  -7.60181001e-02 
 	  -1.08278301e-01 
 	  -1.35502678e-01 
 	  -1.46307843e-01 
 	  -1.19238462e-01 
 	   1.73063531e-01 
 	   4.77717374e-02 
 	   4.61564143e-02 
 	  -6.46167932e-03 
 	  -3.74093076e-02 
 	  -7.60180748e-02 
 	  -1.08278140e-01 
 	  -1.35502681e-01 
 	  -1.46307936e-01 
 	  -1.19238451e-01 
 	   1.73063518e-01 
 	   4.77717979e-02 
 	   4.61564509e-02 
 	  -6.46178263e-03 
 	  -3.74093756e-02 
 	  -7.60179788e-02 
 	  -1.08278065e-01 
 	  -1.35502744e-01 
 	  -1.46307975e-01 
 	  -1.19238416e-01 
 	   1.73063523e-01 
 	   4.77718368e-02 
 	   4.61564253e-02 
 	  -6.46186268e-03 
 	  -3.74093613e-02 
 	  -7.60178960e-02 
 	  -1.08278068e-01 
 	  -1.35502803e-01 
 	  -1.46307969e-01 
 	  -1.19238388e-01 
 	   1.73063534e-01 
 	   4.77718474e-02 
 	   4.61563815e-02 
 	  -6.46189390e-03 
 	  -3.74093146e-02 
 	  -7.60178599e-02 
 	  -1.08278106e-01 
 	  -1.35502831e-01 
 	  -1.46307945e-01 
 	  -1.19238375e-01 
 	   1.73063542e-01 
 	   4.77718394e-02 
 	   4.61563494e-02 
 	  -6.46188697e-03 
 	  -3.74092747e-02 
 	  -7.60178635e-02 
 	  -1.08278141e-01 
 	  -1.35502831e-01 
 	  -1.46307924e-01 
 	  -1.19238377e-01 
 	   1.73063546e-01 
 	   4.77718263e-02 
 	   4.61563377e-02 
 	  -6.46186501e-03 
 	  -3.74092572e-02 
 	  -7.60178843e-02 
 	  -1.08278159e-01 
 	  -1.35502817e-01 
 	  -1.46307915e-01 
 	  -1.19238384e-01 
 	   1.73063546e-01 
 	   4.77718168e-02 
 	   4.61563414e-02 
 	  -6.46184624e-03 
 	  -3.74092588e-02 
 	  -7.60179032e-02 
 	  -1.08278159e-01 
 	  -1.35502804e-01 
 	  -1.46307916e-01 
 	  -1.19238390e-01 
 	   1.73063544e-01 
 	   4.77718134e-02 
 	   4.61563507e-02 
 	  -6.46183786e-03 
 	  -3.74092687e-02 
 	  -7.60179121e-02 
 	  -1.08278150e-01 
 	  -1.35502798e-01 
 	  -1.46307921e-01 
 	  -1.19238393e-01 
 	   1.73063542e-01 
 	   4.77718145e-02 
 	   4.61563582e-02 
 	  -6.46183841e-03 
 	  -3.74092779e-02 
 	  -7.60179118e-02 
 	  -1.08278142e-01 
 	  -1.35502798e-01 
 	  -1.46307926e-01 
 	  -1.19238393e-01 
 	   1.73063541e-01 
 	   4.77718173e-02 
 	   4.61563614e-02 
 	  -6.46184297e-03 
 	  -3.74092823e-02 
 	  -7.60179073e-02 
 	  -1.08278138e-01 
 	  -1.35502801e-01 
 	  -1.46307928e-01 
 	  -1.19238392e-01 
 	   1.73063541e-01 
 	   4.77718195e-02 
 	   4.61563611e-02 
 	  -6.46184727e-03 
 	  -3.74092824e-02 
 	  -7.60179030e-02 
 	  -1.08278138e-01 
 	  -1.35502804e-01 
 	  -1.46307928e-01 
 	  -1.19238390e-01 
 	   1.73063541e-01 
 	   4.77718205e-02 
 	   4.61563592e-02 
 	  -6.46184941e-03 
 	  -3.74092803e-02 
 	  -7.60179008e-02 
 	  -1.08278140e-01 
 	  -1.35502805e-01 
 	  -1.46307927e-01 
 	  -1.19238390e-01 
 	   1.73063541e-01 
 	   4.77718203e-02 
 	   4.61563574e-02 
 	  -6.46184951e-03 
 	  -3.74092782e-02 
 	  -7.60179007e-02 
 	  -1.08278142e-01 
 	  -1.35502805e-01 
 	  -1.46307926e-01 
 	  -1.19238390e-01 
 	   1.73063542e-01 
 	   4.77718198e-02 
 	   4.61563566e-02 
 	  -6.46184858e-03 
 	  -3.74092771e-02 
 	  -7.60179017e-02 
 	  -1.08278143e-01 
 	  -1.35502805e-01 
 	  -1.46307925e-01 
 	  -1.19238390e-01 
 	   1.73063542e-01 
 	   4.77718193e-02 
 	   4.61563566e-02 
 	  -6.46184761e-03 
 	  -3.74092770e-02 
 	  -7.60179027e-02 
 	  -1.08278143e-01 
 	  -1.35502804e-01 
 	  -1.46307925e-01 
 	  -1.19238390e-01 
 	   1.73063542e-01 
 	   4.77718190e-02 
 	   4.61563570e-02 
 	  -6.46184708e-03 
 	  -3.74092774e-02 
 	  -7.60179032e-02 
 	  -1.08278142e-01 
 	  -1.35502804e-01 
 	  -1.46307925e-01 
 	  -1.19238390e-01 
 	   1.73063542e-01 
 	   4.77718190e-02 
 	   4.61563574e-02 
 	  -6.46184701e-03 
 	  -3.74092779e-02 
 	  -7.60179033e-02 
 	  -1.08278142e-01 
 	  -1.35502803e-01 
 	  -1.46307926e-01 
 	  -1.19238390e-01 
 	   1.73063541e-01 
 	   4.77718191e-02 
 	   4.61563576e-02 
 	  -6.46184720e-03 
 	  -3.74092782e-02 
 	  -7.60179031e-02 
 	  -1.08278142e-01 
 	  -1.35502804e-01 
 	  -1.46307926e-01 
 	  -1.19238390e-01 
 	   1.73063541e-01 
 	   4.77718193e-02 
 	   4.61563576e-02 
 	  -6.46184741e-03 
 	  -3.74092782e-02 
 	  -7.60179029e-02 
 	  -1.08278142e-01 
 	  -1.35502804e-01 
 	  -1.46307926e-01 
 	  -1.19238390e-01 
 	   1.73063541e-01 
 	   4.77718193e-02 
 	   4.61563575e-02 
 	  -6.46184754e-03 
 	  -3.74092781e-02 
 	  -7.60179027e-02 
 	  -1.08278142e-01 
 	  -1.35502804e-01 
 	  -1.46307926e-01 
 	  -1.19238390e-01 
 	   1.73063541e-01 
 	   4.77718193e-02 
 	   4.61563574e-02 
 	  -6.46184756e-03 
 	  -3.74092780e-02 
 	  -7.60179027e-02 
 	  -1.08278142e-01 
 	  -1.35502804e-01 
 	  -1.46307926e-01 
 	  -1.19238390e-01 
 	   1.73063541e-01 
 	   4.77718193e-02 
 	   4.61563574e-02 
 	  -6.46184753e-03 
 	  -3.74092779e-02 
 	  -7.60179027e-02 
 	  -1.08278142e-01 
 	  -1.35502804e-01 
 	  -1.46307926e-01 
 	  -1.19238390e-01 
 	   1.73063541e-01 
 	   4.77718193e-02 
 	   4.61563574e-02 
 	  -6.46184748e-03 
 	  -3.74092779e-02 
 	  -7.60179028e-02 
 	  -1.08278142e-01 
 	  -1.35502804e-01 
 	  -1.46307926e-01 
 	  -1.19238390e-01 
 	   1.73063541e-01 
 	   4.77718192e-02 
 	   4.61563574e-02 
 	  -6.46184745e-03 
 	  -3.74092780e-02 
 	  -7.60179028e-02 
 	  -1.08278142e-01 
 	  -1.35502804e-01 
 	  -1.46307926e-01 
 	  -1.19238390e-01 
 	   1.73063541e-01 
 	   4.77718192e-02 
 	   4.61563574e-02 
 	  -6.46184745e-03 
 	  -3.74092780e-02 
 	  -7.60179028e-02 
 	  -1.08278142e-01 
 	  -1.35502804e-01 
 	  -1.46307926e-01 
 	  -1.19238390e-01 
 	   1.73063541e-01 
 	   4.77718192e-02 
 	   4.61563574e-02 
 	  -6.46184746e-03 
 	  -3.74092780e-02 
 	  -7.60179028e-02 
 	  -1.08278142e-01 
 	  -1.35502804e-01 
 	  -1.46307926e-01 
 	  -1.19238390e-01 
 	   1.73063541e-01 
 	   4.77718193e-02 
 	   4.61563574e-02 
 	  -6.46184746e-03 
 	  -3.74092780e-02 
 	  -7.60179028e-02 
 	  -1.08278142e-01 
 	  -1.35502804e-01 
 	  -1.46307926e-01 
 	  -1.19238390e-01 
 	   1.73063542e-01 
 	   4.77718193e-02 
 	   4.61563575e-02 
 	  -6.46184744e-03 
 	  -3.74092780e-02 
 	  -7.60179028e-02 
 	  -1.08278142e-01 
 	  -1.35502804e-01 
 	  -1.46307926e-01 
 	  -1.19238390e-01 
 	   1.73063542e-01 
 	   4.77718194e-02 
 	   4.61563575e-02 
 	  -6.46184742e-03 
 	  -3.74092780e-02 
 	  -7.60179028e-02 
 	  -1.08278142e-01 
 	  -1.35502804e-01 
 	  -1.46307926e-01 
 	  -1.19238390e-01 
 	   1.73063542e-01 
 	   4.77718194e-02 
 	   4.61563575e-02 
 	  -6.46184743e-03 
 	  -3.74092780e-02 
 	  -7.60179028e-02 
 	  -1.08278142e-01 
 	  -1.35502804e-01 
 	  -1.46307926e-01 
 	  -1.19238390e-01 
 	   1.73063541e-01 
 	   4.77718192e-02 
 	   4.61563573e-02 
 	  -6.46184751e-03 
 	  -3.74092780e-02 
 	  -7.60179028e-02 
 	  -1.08278142e-01 
 	  -1.35502804e-01 
 	  -1.46307926e-01 
 	  -1.19238390e-01 
 	   1.73063541e-01 
 	   4.77718188e-02 
 	   4.61563571e-02 
 	  -6.46184764e-03 
 	  -3.74092780e-02 
 	  -7.60179028e-02 
 	  -1.08278142e-01 
 	  -1.35502804e-01 
 	  -1.46307925e-01 
 	  -1.19238390e-01 
 	   1.73063540e-01 
 	   4.77718185e-02 
 	   4.61563569e-02 
 	  -6.46184777e-03 
 	  -3.74092781e-02 
 	  -7.60179027e-02 
 	  -1.08278142e-01 
 	  -1.35502803e-01 
 	  -1.46307925e-01 
 	  -1.19238389e-01 
 	   1.73063540e-01 
 	   4.77718185e-02 
 	   4.61563569e-02 
 	  -6.46184773e-03 
 	  -3.74092780e-02 
 	  -7.60179026e-02 
 	  -1.08278141e-01 
 	  -1.35502803e-01 
 	  -1.46307925e-01 
 	  -1.19238389e-01 
 	   1.73063541e-01 
 	   4.77718195e-02 
 	   4.61563575e-02 
 	  -6.46184730e-03 
 	  -3.74092778e-02 
 	  -7.60179026e-02 
 	  -1.08278142e-01 
 	  -1.35502804e-01 
 	  -1.46307925e-01 
 	  -1.19238390e-01 
 	   1.73063544e-01 
 	   4.77718216e-02 
 	   4.61563589e-02 
 	  -6.46184643e-03 
 	  -3.74092775e-02 
 	  -7.60179029e-02 
 	  -1.08278143e-01 
 	  -1.35502805e-01 
 	  -1.46307928e-01 
 	  -1.19238393e-01 
 	   1.73063548e-01 
 	   4.77718240e-02 
 	   4.61563606e-02 
 	  -6.46184549e-03 
 	  -3.74092773e-02 
 	  -7.60179034e-02 
 	  -1.08278144e-01 
 	  -1.35502807e-01 
 	  -1.46307930e-01 
 	  -1.19238395e-01 
 	   1.73063551e-01 
 	   4.77718245e-02 
 	   4.61563610e-02 
 	  -6.46184542e-03 
 	  -3.74092777e-02 
 	  -7.60179042e-02 
 	  -1.08278145e-01 
 	  -1.35502809e-01 
 	  -1.46307932e-01 
 	  -1.19238396e-01 
 	   1.73063547e-01 
 	   4.77718202e-02 
 	   4.61563581e-02 
 	  -6.46184752e-03 
 	  -3.74092789e-02 
 	  -7.60179045e-02 
 	  -1.08278144e-01 
 	  -1.35502807e-01 
 	  -1.46307929e-01 
 	  -1.19238392e-01 
 	   1.73063532e-01 
 	   4.77718089e-02 
 	   4.61563504e-02 
 	  -6.46185251e-03 
 	  -3.74092810e-02 
 	  -7.60179037e-02 
 	  -1.08278141e-01 
 	  -1.35502800e-01 
 	  -1.46307919e-01 
 	  -1.19238380e-01 
 	   1.73063508e-01 
 	   4.77717935e-02 
 	   4.61563397e-02 
 	  -6.46185891e-03 
 	  -3.74092827e-02 
 	  -7.60179009e-02 
 	  -1.08278133e-01 
 	  -1.35502788e-01 
 	  -1.46307902e-01 
 	  -1.19238363e-01 
 	   1.73063485e-01 
 	   4.77717845e-02 
 	   4.61563333e-02 
 	  -6.46186182e-03 
 	  -3.74092819e-02 
 	  -7.60178963e-02 
 	  -1.08278125e-01 
 	  -1.35502776e-01 
 	  -1.46307888e-01 
 	  -1.19238352e-01 
 	   1.73063491e-01 
 	   4.77717998e-02 
 	   4.61563434e-02 
 	  -6.46185337e-03 
 	  -3.74092753e-02 
 	  -7.60178918e-02 
 	  -1.08278122e-01 
 	  -1.35502776e-01 
 	  -1.46307892e-01 
 	  -1.19238365e-01 
 	   1.73063557e-01 
 	   4.77718549e-02 
 	   4.61563814e-02 
 	  -6.46182757e-03 
 	  -3.74092626e-02 
 	  -7.60178920e-02 
 	  -1.08278136e-01 
 	  -1.35502803e-01 
 	  -1.46307935e-01 
 	  -1.19238420e-01 
 	   1.73063691e-01 
 	   4.77719448e-02 
 	   4.61564439e-02 
 	  -6.46178823e-03 
 	  -3.74092482e-02 
 	  -7.60179024e-02 
 	  -1.08278171e-01 
 	  -1.35502864e-01 
 	  -1.46308022e-01 
 	  -1.19238514e-01 
 	   1.73063844e-01 
 	   4.77720218e-02 
 	   4.61564977e-02 
 	  -6.46176007e-03 
 	  -3.74092475e-02 
 	  -7.60179288e-02 
 	  -1.08278225e-01 
 	  -1.35502946e-01 
 	  -1.46308126e-01 
 	  -1.19238606e-01 
 	   1.73063886e-01 
 	   4.77719904e-02 
 	   4.61564771e-02 
 	  -6.46178524e-03 
 	  -3.74092774e-02 
 	  -7.60179626e-02 
 	  -1.08278263e-01 
 	  -1.35502987e-01 
 	  -1.46308160e-01 
 	  -1.19238596e-01 
 	   1.73063635e-01 
 	   4.77717456e-02 
 	   4.61563054e-02 
 	  -6.46191247e-03 
 	  -3.74093563e-02 
 	  -7.60179929e-02 
 	  -1.08278245e-01 
 	  -1.35502917e-01 
 	  -1.46308023e-01 
 	  -1.19238391e-01 
 	   1.73062970e-01 
 	   4.77712651e-02 
 	   4.61559715e-02 
 	  -6.46212975e-03 
 	  -3.74094479e-02 
 	  -7.60179597e-02 
 	  -1.08278086e-01 
 	  -1.35502627e-01 
 	  -1.46307596e-01 
 	  -1.19237897e-01 
 	   1.73062063e-01 
 	   4.77707472e-02 
 	   4.61556041e-02 
 	  -6.46234999e-03 
 	  -3.74095090e-02 
 	  -7.60178643e-02 
 	  -1.08277832e-01 
 	  -1.35502211e-01 
 	  -1.46307032e-01 
 	  -1.19237364e-01 
 	   1.73061501e-01 
 	   4.77706703e-02 
 	   4.61555684e-02 
 	  -6.46228337e-03 
 	  -3.74093340e-02 
 	  -7.60175846e-02 
 	  -1.08277445e-01 
 	  -1.35501718e-01 
 	  -1.46306488e-01 
 	  -1.19236979e-01 
 	   1.73062377e-01 
 	   4.77716999e-02 
 	   4.61562822e-02 
 	  -6.46174241e-03 
 	  -3.74089789e-02 
 	  -7.60174181e-02 
 	  -1.08277466e-01 
 	  -1.35501941e-01 
 	  -1.46306992e-01 
 	  -1.19237911e-01 
 	   1.73065445e-01 
 	   4.77741474e-02 
 	   4.61580918e-02 
 	  -6.46038509e-03 
 	  -3.74081169e-02 
 	  -7.60170492e-02 
 	  -1.08277592e-01 
 	  -1.35502590e-01 
 	  -1.46308237e-01 
 	  -1.19239466e-01 
 	   1.73070731e-01 
 	   4.77774012e-02 
 	   4.61602720e-02 
 	  -6.45919202e-03 
 	  -3.74079783e-02 
 	  -7.60179537e-02 
 	  -1.08279548e-01 
 	  -1.35505630e-01 
 	  -1.46312317e-01 
 	  -1.19243960e-01 
 	   1.73074805e-01 
 	   4.77789528e-02 
 	   4.61616326e-02 
 	  -6.45823589e-03 
 	  -3.74074791e-02 
 	  -7.60178910e-02 
 	  -1.08279937e-01 
 	  -1.35506473e-01 
 	  -1.46313429e-01 
 	  -1.19243811e-01 
 	   1.73074178e-01 
 	   4.77757237e-02 
 	   4.61585627e-02 
 	  -6.46184903e-03 
 	  -3.74116033e-02 
 	  -7.60225068e-02 
 	  -1.08285058e-01 
 	  -1.35512050e-01 
 	  -1.46318986e-01 
 	  -1.19248982e-01 
 	   1.73060353e-01 
 	   4.77646753e-02 
 	   4.61519902e-02 
 	  -6.46497928e-03 
 	  -3.74110946e-02 
 	  -7.60183608e-02 
 	  -1.08277274e-01 
 	  -1.35500482e-01 
 	  -1.46303316e-01 
 	  -1.19227950e-01 
 	   1.73043594e-01 
 	   4.77518655e-02 
 	   4.61395699e-02 
 	  -6.47790236e-03 
 	  -3.74241642e-02 
 	  -7.60316266e-02 
 	  -1.08290699e-01 
 	  -1.35513913e-01 
 	  -1.46316316e-01 
 	  -1.19246567e-01 
 	   1.73023179e-01 
 	   4.77476723e-02 
 	   4.61444180e-02 
 	  -6.46348015e-03 
 	  -3.73997790e-02 
 	  -7.59973832e-02 
 	  -1.08246528e-01 
 	  -1.35459638e-01 
 	  -1.46253269e-01 
 	  -1.19171823e-01 
 	   1.73074082e-01 
 	   4.77860253e-02 
 	   4.61576055e-02 
 	  -6.47329961e-03 
 	  -3.74325704e-02 
 	  -7.60532787e-02 
 	  -1.08325422e-01 
 	  -1.35561794e-01 
 	  -1.46378665e-01 
 	  -1.19340273e-01 
 	   1.73136842e-01 
 	   4.78576323e-02 
 	   4.62481540e-02 
 	  -6.35956751e-03 
 	  -3.72962100e-02 
 	  -7.58943385e-02 
 	  -1.08143882e-01 
 	  -1.35357807e-01 
 	  -1.46157107e-01 
 	  -1.19058181e-01 
 	   1.73365631e-01 
 	   4.79603876e-02 
 	   4.62444623e-02 
 	  -6.47024776e-03 
 	  -3.75152290e-02 
 	  -7.62215769e-02 
 	  -1.08579356e-01 
 	  -1.35902815e-01 
 	  -1.46803312e-01 
 	  -1.19868536e-01 
 	   1.73047747e-01 
 	   4.77668923e-02 
 	   4.62737193e-02 
 	  -6.22374350e-03 
 	  -3.70519873e-02 
 	  -7.55412045e-02 
 	  -1.07682216e-01 
 	  -1.34787469e-01 
 	  -1.45481002e-01 
 	  -1.18129200e-01 
 	   1.72439855e-01 
 	   4.69958250e-02 
 	   4.52767132e-02 
 	  -7.47415902e-03 
 	  -3.85545927e-02 
 	  -7.72957663e-02 
 	  -1.09688654e-01 
 	  -1.37047784e-01 
 	  -1.47948660e-01 
 	  -1.21235449e-01 
 	   1.67675157e-01 
 	   4.39826773e-02 
 	   4.38656886e-02 
 	  -7.28080049e-03 
 	  -3.67493151e-02 
 	  -7.38787379e-02 
 	  -1.04660393e-01 
 	  -1.30397678e-01 
 	  -1.39760753e-01 
 	  -1.10800789e-01 
 	   1.62374422e-01 
 	   3.92516526e-02 
 	   3.80011621e-02 
 	  -1.42384576e-02 
 	  -4.47969420e-02 
 	  -8.30184322e-02 
 	  -1.14889719e-01 
 	  -1.41732210e-01 
 	  -1.52067929e-01 
 	  -1.26875475e-01 
 	   1.81399521e-01 
 	   6.46325563e-02 
 	   6.74287465e-02 
 	   1.96825861e-02 
 	  -6.39147581e-03 
 	  -4.01297736e-02 
 	  -6.75200193e-02 
 	  -8.98567249e-02 
 	  -9.63152002e-02 
 	  -6.37155266e-02 
 	  -2.63233424e-01 
 	  -2.17282930e-01 
 	  -1.82778634e-01 
 	  -1.54489135e-01 
 	  -1.30200181e-01 
 	   2.62345213e-01 
 	   1.01025597e-01 
 	   6.13935918e-02 
 	  -2.79823526e-02 
 	  -9.58027192e-02 
 	  -1.71286215e-01 
 	  -2.40416241e-01 
 	  -3.04636953e-01 
 	  -3.52417397e-01 
 	  -3.76859361e-01 

 tiempo de programa :   7.26e-01