 Nombre del problema                      hs047  
 Numero de variables                       5 
 Numero de restricciones                   3 
 Numero maximo de iteraciones              50 
 Tolerancia                               1.00e-05 

 Objetivo en el punto inicial             2.073807748861062e+01 
 Norma de las restricciones en el punto inicial              4.44e-16 
 Norma del gradiente de la Lagrangiana en el punto inicial    4.05e+01 

   k          f              ||c||          ||gL||      
--------------------------------------------------------- 
    1     5.64018846e+00     2.44e-01      1.13e+01    
    2     2.74253899e+00     2.35e-01      3.91e+00    
    3     3.62010051e+00     8.02e-01      9.64e+00    
    4     1.03968809e+00     8.31e-02      5.57e+00    
    5     3.39699613e-01     5.60e-02      1.70e+00    
    6     4.02622306e-02     2.01e-01      8.40e-01    
    7     6.55134593e-03     5.95e-03      1.36e-01    
    8     1.12193049e-03     5.23e-03      2.95e-02    
    9     1.69246422e-04     2.02e-03      8.43e-03    
   10     2.39334517e-05     6.58e-04      2.58e-03    
   11     3.21854829e-06     1.96e-04      7.66e-04    
   12     4.18950897e-07     5.44e-05      2.14e-04    
   13     5.35035442e-08     1.44e-05      5.70e-05    
   14     6.76220314e-09     3.71e-06      1.47e-05    
   15     8.50027641e-10     9.41e-07      3.75e-06    


 Minimizador local del modelo: 
 	   1.00047334e+00 
 	   1.00047334e+00 
 	   9.99526658e-01 
 	   9.99526667e-01 
 	   9.98579979e-01 

 tiempo de programa :   3.19e-03