 Nombre del problema                      hs078  
 Numero de variables                       5 
 Numero de restricciones                   3 
 Numero maximo de iteraciones              50 
 Tolerancia                               1.00e-05 

 Objetivo en el punto inicial            -6.000000000000000e+00 
 Norma de las restricciones en el punto inicial              3.62e+00 
 Norma del gradiente de la Lagrangiana en el punto inicial    1.03e+01 

   k          f              ||c||          ||gL||      
--------------------------------------------------------- 
    1    -3.15723168e+00     5.11e-01      6.14e-01    
    2    -2.93100749e+00     1.51e-02      5.57e-03    
    3    -2.91970921e+00     1.05e-05      1.49e-05    
    4    -2.91970041e+00     6.27e-12      1.28e-11    


 Minimizador local del modelo: 
 	  -1.71714357e+00 
 	   1.59570969e+00 
 	   1.82724575e+00 
 	  -7.63643078e-01 
 	  -7.63643078e-01 

 tiempo de programa :   1.42e-03