 Nombre del problema                      bt10  
 Numero de variables                       2 
 Numero de restricciones                   2 
 Numero maximo de iteraciones            1000 
 Tolerancia                               1.00e-06 

 Objetivo en el punto inicial            -2.000000000000000e+00 
 Norma de las restricciones en el punto inicial              6.00e+00 
 Norma del gradiente de la Lagrangiana en el punto inicial    1.00e+00 

   k          f              ||c||          ||gL||      
--------------------------------------------------------- 
    1    -1.50000000e+00     1.40e+00      2.38e-01    
    2    -1.20000000e+00     3.89e-01      2.70e-01    
    3    -1.05000000e+00     8.08e-02      1.84e-01    
    4    -1.00434783e+00     6.80e-03      4.57e-02    
    5    -1.00003732e+00     5.89e-05      1.00e-03    
    6    -1.00000000e+00     4.40e-09      1.68e-07    


 Minimizador local del modelo: 
 	   1.00000000e+00 
 	   1.00000000e+00 

 tiempo de programa :   4.77e-03