 Nombre del problema                      bt5  
 Numero de variables                       3 
 Numero de restricciones                   2 
 Numero maximo de iteraciones            1000 
 Tolerancia                               1.00e-06 

 Objetivo en el punto inicial             9.760000000000000e+02 
 Norma de las restricciones en el punto inicial              1.30e+01 
 Norma del gradiente de la Lagrangiana en el punto inicial    1.41e+01 

   k          f              ||c||          ||gL||      
--------------------------------------------------------- 
    1     9.07353802e+02     4.25e+01      4.57e+01    
    2     9.51988661e+02     7.89e+00      1.08e+01    
    3     9.60888644e+02     7.07e-01      1.62e+00    
    4     9.61663600e+02     4.38e-02      8.54e-02    
    5     9.61711776e+02     2.78e-03      6.96e-04    
    6     9.61715172e+02     4.19e-07      5.82e-08    


 Minimizador local del modelo: 
 	   3.51212134e+00 
 	   2.16987911e-01 
 	   3.55217122e+00 

 tiempo de programa :   1.76e-03