 Nombre del problema                      dixchlng  
 Numero de variables                      10 
 Numero de restricciones                   5 
 Numero maximo de iteraciones            1000 
 Tolerancia                               1.00e-06 

 Objetivo en el punto inicial             3.134654608731180e+05 
 Norma de las restricciones en el punto inicial              1.00e-05 
 Norma del gradiente de la Lagrangiana en el punto inicial    1.37e+05 

   k          f              ||c||          ||gL||      
--------------------------------------------------------- 
    1     6.37836797e+04     7.22e-01      4.06e+04    
    2     1.36420677e+04     9.52e-01      1.23e+04    
    3     3.66285465e+03     5.49e-01      3.75e+03    
    4     3.15221533e+03     1.18e+00      4.10e+03    
    5     2.33679864e+03     4.68e-01      1.62e+03    
    6     2.39902324e+03     1.10e-01      5.87e+02    
    7     2.46357757e+03     1.57e-02      3.22e+01    
    8     2.47166780e+03     4.07e-04      9.17e-01    
    9     2.47189783e+03     2.80e-08      1.12e-04    
   10     2.47189781e+03     1.57e-16      1.82e-12    


 Minimizador local del modelo: 
 	  -8.66138052e-01 
 	  -1.15455036e+00 
 	   1.19025692e+00 
 	   8.40154748e-01 
 	  -8.09118794e-01 
 	  -1.23591246e+00 
 	   1.14103834e+00 
 	   8.76394742e-01 
 	  -7.08218335e-01 
 	  -1.41199394e+00 

 tiempo de programa :   3.53e-03