 Nombre del problema                      maratos2  
 Numero de variables                       2 
 Numero de restricciones                   1 
 Numero maximo de iteraciones            1000 
 Tolerancia                               1.00e-06 

 Objetivo en el punto inicial            -1.999920100000000e+01 
 Norma de las restricciones en el punto inicial              7.99e+02 
 Norma del gradiente de la Lagrangiana en el punto inicial    1.00e+00 

   k          f              ||c||          ||gL||      
--------------------------------------------------------- 
    1    -3.00115005e+01     1.00e+03      3.95e-01    
    2    -1.76807104e+01     3.21e+02      2.01e-01    
    3    -9.44001547e+00     9.16e+01      2.92e-01    
    4    -5.25076749e+00     2.87e+01      3.31e-01    
    5    -3.22517032e+00     1.06e+01      3.37e-01    
    6    -2.16172705e+00     4.08e+00      2.95e-01    
    7    -1.50067540e+00     1.35e+00      2.22e-01    
    8    -1.14164916e+00     3.18e-01      1.26e-01    
    9    -1.01765670e+00     3.62e-02      3.00e-02    
   10    -1.00044766e+00     8.96e-04      1.06e-03    
   11    -1.00000048e+00     9.60e-07      1.04e-06    
   12    -1.00000000e+00     1.08e-12      9.91e-13    


 Minimizador local del modelo: 
 	   1.00000000e+00 
 	   8.78728179e-13 

 tiempo de programa :   3.01e-03