 Nombre del problema                      maratos  
 Numero de variables                       2 
 Numero de restricciones                   1 
 Numero maximo de iteraciones            1000 
 Tolerancia                               1.00e-06 

 Objetivo en el punto inicial             1.578000000000000e+03 
 Norma de las restricciones en el punto inicial              7.99e+02 
 Norma del gradiente de la Lagrangiana en el punto inicial    1.12e+02 

   k          f              ||c||          ||gL||      
--------------------------------------------------------- 
    1     1.96898812e+03     1.00e+03      3.95e-01    
    2     6.23483809e+02     3.21e+02      2.01e-01    
    3     1.73837462e+02     9.16e+01      2.92e-01    
    4     5.21798432e+01     2.87e+01      3.31e-01    
    5     1.78981194e+01     1.06e+01      3.37e-01    
    6     6.00813020e+00     4.08e+00      2.95e-01    
    7     1.20073974e+00     1.35e+00      2.22e-01    
    8    -5.05820431e-01     3.18e-01      1.26e-01    
    9    -9.45289834e-01     3.62e-02      3.00e-02    
   10    -9.98655091e-01     8.96e-04      1.06e-03    
   11    -9.99998560e-01     9.60e-07      1.04e-06    
   12    -1.00000000e+00     1.08e-12      9.90e-13    


 Minimizador local del modelo: 
 	   1.00000000e+00 
 	   8.78728178e-13 

 tiempo de programa :   4.24e-03