 Nombre del problema                      rosenbr  
 Numero de variables                       2 
 Numero de restricciones                   0 
 Numero maximo de iteraciones            1000 
 Tolerancia                               1.00e-06 

 Objetivo en el punto inicial             2.420000000000000e+01 
 Norma de las restricciones en el punto inicial              0.00e+00 
 Norma del gradiente de la Lagrangiana en el punto inicial    2.33e+02 

   k          f              ||c||          ||gL||      
--------------------------------------------------------- 
    1     4.73188433e+00     0.00e+00      4.64e+00    
    2     1.41184518e+03     0.00e+00      1.37e+03    
    3     5.59655168e-02     0.00e+00      4.73e-01    
    4     3.13189076e-01     0.00e+00      2.50e+01    
    5     1.85273976e-11     0.00e+00      8.61e-06    
    6     3.43264619e-20     0.00e+00      8.29e-09    


 Minimizador local del modelo: 
 	   1.00000000e+00 
 	   1.00000000e+00 

 tiempo de programa :   1.93e-03